{"/Users/dhu/Desktop/coding/react-spinners/src/BarLoader.tsx": {"path":"/Users/dhu/Desktop/coding/react-spinners/src/BarLoader.tsx","statementMap":{"0":{"start":{"line":2,"column":15},"end":{"line":12,"column":1}},"1":{"start":{"line":3,"column":4},"end":{"line":10,"column":6}},"2":{"start":{"line":4,"column":8},"end":{"line":8,"column":9}},"3":{"start":{"line":4,"column":24},"end":{"line":4,"column":25}},"4":{"start":{"line":4,"column":31},"end":{"line":4,"column":47}},"5":{"start":{"line":5,"column":12},"end":{"line":5,"column":29}},"6":{"start":{"line":6,"column":12},"end":{"line":7,"column":28}},"7":{"start":{"line":6,"column":29},"end":{"line":7,"column":28}},"8":{"start":{"line":7,"column":16},"end":{"line":7,"column":28}},"9":{"start":{"line":9,"column":8},"end":{"line":9,"column":17}},"10":{"start":{"line":11,"column":4},"end":{"line":11,"column":43}},"11":{"start":{"line":13,"column":22},"end":{"line":23,"column":3}},"12":{"start":{"line":14,"column":4},"end":{"line":14,"column":33}},"13":{"start":{"line":14,"column":26},"end":{"line":14,"column":33}},"14":{"start":{"line":15,"column":15},"end":{"line":15,"column":52}},"15":{"start":{"line":16,"column":4},"end":{"line":18,"column":5}},"16":{"start":{"line":17,"column":6},"end":{"line":17,"column":68}},"17":{"start":{"line":17,"column":51},"end":{"line":17,"column":63}},"18":{"start":{"line":19,"column":4},"end":{"line":19,"column":39}},"19":{"start":{"line":21,"column":4},"end":{"line":21,"column":33}},"20":{"start":{"line":21,"column":26},"end":{"line":21,"column":33}},"21":{"start":{"line":22,"column":4},"end":{"line":22,"column":17}},"22":{"start":{"line":24,"column":25},"end":{"line":28,"column":2}},"23":{"start":{"line":25,"column":4},"end":{"line":25,"column":72}},"24":{"start":{"line":27,"column":4},"end":{"line":27,"column":21}},"25":{"start":{"line":29,"column":19},"end":{"line":45,"column":4}},"26":{"start":{"line":30,"column":18},"end":{"line":37,"column":5}},"27":{"start":{"line":31,"column":8},"end":{"line":35,"column":10}},"28":{"start":{"line":32,"column":21},"end":{"line":32,"column":23}},"29":{"start":{"line":33,"column":12},"end":{"line":33,"column":95}},"30":{"start":{"line":33,"column":29},"end":{"line":33,"column":95}},"31":{"start":{"line":33,"column":77},"end":{"line":33,"column":95}},"32":{"start":{"line":34,"column":12},"end":{"line":34,"column":22}},"33":{"start":{"line":36,"column":8},"end":{"line":36,"column":26}},"34":{"start":{"line":38,"column":4},"end":{"line":44,"column":6}},"35":{"start":{"line":39,"column":8},"end":{"line":39,"column":46}},"36":{"start":{"line":39,"column":35},"end":{"line":39,"column":46}},"37":{"start":{"line":40,"column":21},"end":{"line":40,"column":23}},"38":{"start":{"line":41,"column":8},"end":{"line":41,"column":137}},"39":{"start":{"line":41,"column":25},"end":{"line":41,"column":137}},"40":{"start":{"line":41,"column":38},"end":{"line":41,"column":50}},"41":{"start":{"line":41,"column":56},"end":{"line":41,"column":57}},"42":{"start":{"line":41,"column":78},"end":{"line":41,"column":137}},"43":{"start":{"line":41,"column":102},"end":{"line":41,"column":137}},"44":{"start":{"line":42,"column":8},"end":{"line":42,"column":40}},"45":{"start":{"line":43,"column":8},"end":{"line":43,"column":22}},"46":{"start":{"line":46,"column":13},"end":{"line":56,"column":1}},"47":{"start":{"line":47,"column":12},"end":{"line":47,"column":14}},"48":{"start":{"line":48,"column":4},"end":{"line":49,"column":20}},"49":{"start":{"line":48,"column":21},"end":{"line":49,"column":20}},"50":{"start":{"line":49,"column":8},"end":{"line":49,"column":20}},"51":{"start":{"line":50,"column":4},"end":{"line":54,"column":9}},"52":{"start":{"line":51,"column":8},"end":{"line":54,"column":9}},"53":{"start":{"line":51,"column":21},"end":{"line":51,"column":22}},"54":{"start":{"line":51,"column":28},"end":{"line":51,"column":59}},"55":{"start":{"line":52,"column":12},"end":{"line":53,"column":34}},"56":{"start":{"line":53,"column":16},"end":{"line":53,"column":34}},"57":{"start":{"line":55,"column":4},"end":{"line":55,"column":13}},"58":{"start":{"line":57,"column":0},"end":{"line":57,"column":62}},"59":{"start":{"line":58,"column":12},"end":{"line":58,"column":42}},"60":{"start":{"line":59,"column":22},"end":{"line":59,"column":56}},"61":{"start":{"line":60,"column":18},"end":{"line":60,"column":48}},"62":{"start":{"line":61,"column":15},"end":{"line":61,"column":42}},"63":{"start":{"line":62,"column":11},"end":{"line":62,"column":154}},"64":{"start":{"line":63,"column":12},"end":{"line":63,"column":155}},"65":{"start":{"line":65,"column":13},"end":{"line":65,"column":23}},"66":{"start":{"line":65,"column":35},"end":{"line":65,"column":60}},"67":{"start":{"line":65,"column":67},"end":{"line":65,"column":75}},"68":{"start":{"line":65,"column":85},"end":{"line":65,"column":115}},"69":{"start":{"line":65,"column":122},"end":{"line":65,"column":140}},"70":{"start":{"line":65,"column":160},"end":{"line":65,"column":182}},"71":{"start":{"line":65,"column":189},"end":{"line":65,"column":203}},"72":{"start":{"line":65,"column":219},"end":{"line":65,"column":242}},"73":{"start":{"line":65,"column":249},"end":{"line":65,"column":258}},"74":{"start":{"line":65,"column":269},"end":{"line":65,"column":291}},"75":{"start":{"line":65,"column":298},"end":{"line":65,"column":306}},"76":{"start":{"line":65,"column":316},"end":{"line":65,"column":340}},"77":{"start":{"line":65,"column":360},"end":{"line":65,"column":445}},"78":{"start":{"line":66,"column":18},"end":{"line":66,"column":286}},"79":{"start":{"line":67,"column":16},"end":{"line":80,"column":5}},"80":{"start":{"line":68,"column":8},"end":{"line":79,"column":10}},"81":{"start":{"line":81,"column":4},"end":{"line":83,"column":5}},"82":{"start":{"line":82,"column":8},"end":{"line":82,"column":20}},"83":{"start":{"line":84,"column":4},"end":{"line":86,"column":59}},"84":{"start":{"line":88,"column":0},"end":{"line":88,"column":28}}},"fnMap":{"0":{"name":"(anonymous_0)","decl":{"start":{"line":2,"column":42},"end":{"line":2,"column":43}},"loc":{"start":{"line":2,"column":54},"end":{"line":12,"column":1}},"line":2},"1":{"name":"(anonymous_1)","decl":{"start":{"line":3,"column":32},"end":{"line":3,"column":33}},"loc":{"start":{"line":3,"column":44},"end":{"line":10,"column":5}},"line":3},"2":{"name":"(anonymous_2)","decl":{"start":{"line":13,"column":74},"end":{"line":13,"column":75}},"loc":{"start":{"line":13,"column":96},"end":{"line":20,"column":1}},"line":13},"3":{"name":"(anonymous_3)","decl":{"start":{"line":17,"column":38},"end":{"line":17,"column":39}},"loc":{"start":{"line":17,"column":49},"end":{"line":17,"column":65}},"line":17},"4":{"name":"(anonymous_4)","decl":{"start":{"line":20,"column":6},"end":{"line":20,"column":7}},"loc":{"start":{"line":20,"column":28},"end":{"line":23,"column":1}},"line":20},"5":{"name":"(anonymous_5)","decl":{"start":{"line":24,"column":80},"end":{"line":24,"column":81}},"loc":{"start":{"line":24,"column":95},"end":{"line":26,"column":1}},"line":24},"6":{"name":"(anonymous_6)","decl":{"start":{"line":26,"column":5},"end":{"line":26,"column":6}},"loc":{"start":{"line":26,"column":20},"end":{"line":28,"column":1}},"line":26},"7":{"name":"(anonymous_7)","decl":{"start":{"line":29,"column":51},"end":{"line":29,"column":52}},"loc":{"start":{"line":29,"column":63},"end":{"line":45,"column":1}},"line":29},"8":{"name":"(anonymous_8)","decl":{"start":{"line":30,"column":18},"end":{"line":30,"column":19}},"loc":{"start":{"line":30,"column":30},"end":{"line":37,"column":5}},"line":30},"9":{"name":"(anonymous_9)","decl":{"start":{"line":31,"column":48},"end":{"line":31,"column":49}},"loc":{"start":{"line":31,"column":61},"end":{"line":35,"column":9}},"line":31},"10":{"name":"(anonymous_10)","decl":{"start":{"line":38,"column":11},"end":{"line":38,"column":12}},"loc":{"start":{"line":38,"column":26},"end":{"line":44,"column":5}},"line":38},"11":{"name":"(anonymous_11)","decl":{"start":{"line":46,"column":38},"end":{"line":46,"column":39}},"loc":{"start":{"line":46,"column":54},"end":{"line":56,"column":1}},"line":46},"12":{"name":"BarLoader","decl":{"start":{"line":64,"column":9},"end":{"line":64,"column":18}},"loc":{"start":{"line":64,"column":23},"end":{"line":87,"column":1}},"line":64},"13":{"name":"(anonymous_13)","decl":{"start":{"line":67,"column":16},"end":{"line":67,"column":17}},"loc":{"start":{"line":67,"column":29},"end":{"line":80,"column":5}},"line":67}},"branchMap":{"0":{"loc":{"start":{"line":2,"column":15},"end":{"line":12,"column":1}},"type":"binary-expr","locations":[{"start":{"line":2,"column":16},"end":{"line":2,"column":20}},{"start":{"line":2,"column":24},"end":{"line":2,"column":37}},{"start":{"line":2,"column":42},"end":{"line":12,"column":1}}],"line":2},"1":{"loc":{"start":{"line":3,"column":15},"end":{"line":10,"column":5}},"type":"binary-expr","locations":[{"start":{"line":3,"column":15},"end":{"line":3,"column":28}},{"start":{"line":3,"column":32},"end":{"line":10,"column":5}}],"line":3},"2":{"loc":{"start":{"line":6,"column":29},"end":{"line":7,"column":28}},"type":"if","locations":[{"start":{"line":6,"column":29},"end":{"line":7,"column":28}},{"start":{},"end":{}}],"line":6},"3":{"loc":{"start":{"line":13,"column":22},"end":{"line":23,"column":3}},"type":"binary-expr","locations":[{"start":{"line":13,"column":23},"end":{"line":13,"column":27}},{"start":{"line":13,"column":31},"end":{"line":13,"column":51}},{"start":{"line":13,"column":57},"end":{"line":23,"column":2}}],"line":13},"4":{"loc":{"start":{"line":13,"column":57},"end":{"line":23,"column":2}},"type":"cond-expr","locations":[{"start":{"line":13,"column":74},"end":{"line":20,"column":1}},{"start":{"line":20,"column":6},"end":{"line":23,"column":1}}],"line":13},"5":{"loc":{"start":{"line":14,"column":4},"end":{"line":14,"column":33}},"type":"if","locations":[{"start":{"line":14,"column":4},"end":{"line":14,"column":33}},{"start":{},"end":{}}],"line":14},"6":{"loc":{"start":{"line":16,"column":4},"end":{"line":18,"column":5}},"type":"if","locations":[{"start":{"line":16,"column":4},"end":{"line":18,"column":5}},{"start":{},"end":{}}],"line":16},"7":{"loc":{"start":{"line":16,"column":8},"end":{"line":16,"column":85}},"type":"binary-expr","locations":[{"start":{"line":16,"column":8},"end":{"line":16,"column":13}},{"start":{"line":16,"column":18},"end":{"line":16,"column":84}}],"line":16},"8":{"loc":{"start":{"line":16,"column":18},"end":{"line":16,"column":84}},"type":"cond-expr","locations":[{"start":{"line":16,"column":34},"end":{"line":16,"column":47}},{"start":{"line":16,"column":50},"end":{"line":16,"column":84}}],"line":16},"9":{"loc":{"start":{"line":16,"column":50},"end":{"line":16,"column":84}},"type":"binary-expr","locations":[{"start":{"line":16,"column":50},"end":{"line":16,"column":63}},{"start":{"line":16,"column":67},"end":{"line":16,"column":84}}],"line":16},"10":{"loc":{"start":{"line":21,"column":4},"end":{"line":21,"column":33}},"type":"if","locations":[{"start":{"line":21,"column":4},"end":{"line":21,"column":33}},{"start":{},"end":{}}],"line":21},"11":{"loc":{"start":{"line":24,"column":25},"end":{"line":28,"column":2}},"type":"binary-expr","locations":[{"start":{"line":24,"column":26},"end":{"line":24,"column":30}},{"start":{"line":24,"column":34},"end":{"line":24,"column":57}},{"start":{"line":24,"column":63},"end":{"line":28,"column":1}}],"line":24},"12":{"loc":{"start":{"line":24,"column":63},"end":{"line":28,"column":1}},"type":"cond-expr","locations":[{"start":{"line":24,"column":80},"end":{"line":26,"column":1}},{"start":{"line":26,"column":5},"end":{"line":28,"column":1}}],"line":24},"13":{"loc":{"start":{"line":29,"column":19},"end":{"line":45,"column":4}},"type":"binary-expr","locations":[{"start":{"line":29,"column":20},"end":{"line":29,"column":24}},{"start":{"line":29,"column":28},"end":{"line":29,"column":45}},{"start":{"line":29,"column":50},"end":{"line":45,"column":4}}],"line":29},"14":{"loc":{"start":{"line":31,"column":18},"end":{"line":35,"column":9}},"type":"binary-expr","locations":[{"start":{"line":31,"column":18},"end":{"line":31,"column":44}},{"start":{"line":31,"column":48},"end":{"line":35,"column":9}}],"line":31},"15":{"loc":{"start":{"line":33,"column":29},"end":{"line":33,"column":95}},"type":"if","locations":[{"start":{"line":33,"column":29},"end":{"line":33,"column":95}},{"start":{},"end":{}}],"line":33},"16":{"loc":{"start":{"line":39,"column":8},"end":{"line":39,"column":46}},"type":"if","locations":[{"start":{"line":39,"column":8},"end":{"line":39,"column":46}},{"start":{},"end":{}}],"line":39},"17":{"loc":{"start":{"line":39,"column":12},"end":{"line":39,"column":33}},"type":"binary-expr","locations":[{"start":{"line":39,"column":12},"end":{"line":39,"column":15}},{"start":{"line":39,"column":19},"end":{"line":39,"column":33}}],"line":39},"18":{"loc":{"start":{"line":41,"column":8},"end":{"line":41,"column":137}},"type":"if","locations":[{"start":{"line":41,"column":8},"end":{"line":41,"column":137}},{"start":{},"end":{}}],"line":41},"19":{"loc":{"start":{"line":41,"column":78},"end":{"line":41,"column":137}},"type":"if","locations":[{"start":{"line":41,"column":78},"end":{"line":41,"column":137}},{"start":{},"end":{}}],"line":41},"20":{"loc":{"start":{"line":46,"column":13},"end":{"line":56,"column":1}},"type":"binary-expr","locations":[{"start":{"line":46,"column":14},"end":{"line":46,"column":18}},{"start":{"line":46,"column":22},"end":{"line":46,"column":33}},{"start":{"line":46,"column":38},"end":{"line":56,"column":1}}],"line":46},"21":{"loc":{"start":{"line":48,"column":21},"end":{"line":49,"column":20}},"type":"if","locations":[{"start":{"line":48,"column":21},"end":{"line":49,"column":20}},{"start":{},"end":{}}],"line":48},"22":{"loc":{"start":{"line":48,"column":25},"end":{"line":48,"column":87}},"type":"binary-expr","locations":[{"start":{"line":48,"column":25},"end":{"line":48,"column":67}},{"start":{"line":48,"column":71},"end":{"line":48,"column":87}}],"line":48},"23":{"loc":{"start":{"line":50,"column":4},"end":{"line":54,"column":9}},"type":"if","locations":[{"start":{"line":50,"column":4},"end":{"line":54,"column":9}},{"start":{},"end":{}}],"line":50},"24":{"loc":{"start":{"line":50,"column":8},"end":{"line":50,"column":71}},"type":"binary-expr","locations":[{"start":{"line":50,"column":8},"end":{"line":50,"column":17}},{"start":{"line":50,"column":21},"end":{"line":50,"column":71}}],"line":50},"25":{"loc":{"start":{"line":52,"column":12},"end":{"line":53,"column":34}},"type":"if","locations":[{"start":{"line":52,"column":12},"end":{"line":53,"column":34}},{"start":{},"end":{}}],"line":52},"26":{"loc":{"start":{"line":52,"column":16},"end":{"line":52,"column":90}},"type":"binary-expr","locations":[{"start":{"line":52,"column":16},"end":{"line":52,"column":35}},{"start":{"line":52,"column":39},"end":{"line":52,"column":90}}],"line":52},"27":{"loc":{"start":{"line":65,"column":35},"end":{"line":65,"column":60}},"type":"cond-expr","locations":[{"start":{"line":65,"column":51},"end":{"line":65,"column":55}},{"start":{"line":65,"column":58},"end":{"line":65,"column":60}}],"line":65},"28":{"loc":{"start":{"line":65,"column":85},"end":{"line":65,"column":115}},"type":"cond-expr","locations":[{"start":{"line":65,"column":101},"end":{"line":65,"column":110}},{"start":{"line":65,"column":113},"end":{"line":65,"column":115}}],"line":65},"29":{"loc":{"start":{"line":65,"column":160},"end":{"line":65,"column":182}},"type":"cond-expr","locations":[{"start":{"line":65,"column":176},"end":{"line":65,"column":177}},{"start":{"line":65,"column":180},"end":{"line":65,"column":182}}],"line":65},"30":{"loc":{"start":{"line":65,"column":219},"end":{"line":65,"column":242}},"type":"cond-expr","locations":[{"start":{"line":65,"column":235},"end":{"line":65,"column":237}},{"start":{"line":65,"column":240},"end":{"line":65,"column":242}}],"line":65},"31":{"loc":{"start":{"line":65,"column":269},"end":{"line":65,"column":291}},"type":"cond-expr","locations":[{"start":{"line":65,"column":285},"end":{"line":65,"column":286}},{"start":{"line":65,"column":289},"end":{"line":65,"column":291}}],"line":65},"32":{"loc":{"start":{"line":65,"column":316},"end":{"line":65,"column":340}},"type":"cond-expr","locations":[{"start":{"line":65,"column":332},"end":{"line":65,"column":335}},{"start":{"line":65,"column":338},"end":{"line":65,"column":340}}],"line":65},"33":{"loc":{"start":{"line":78,"column":33},"end":{"line":78,"column":55}},"type":"cond-expr","locations":[{"start":{"line":78,"column":43},"end":{"line":78,"column":47}},{"start":{"line":78,"column":50},"end":{"line":78,"column":55}}],"line":78},"34":{"loc":{"start":{"line":78,"column":105},"end":{"line":78,"column":158}},"type":"cond-expr","locations":[{"start":{"line":78,"column":115},"end":{"line":78,"column":153}},{"start":{"line":78,"column":156},"end":{"line":78,"column":158}}],"line":78},"35":{"loc":{"start":{"line":78,"column":172},"end":{"line":78,"column":262}},"type":"cond-expr","locations":[{"start":{"line":78,"column":182},"end":{"line":78,"column":223}},{"start":{"line":78,"column":226},"end":{"line":78,"column":262}}],"line":78},"36":{"loc":{"start":{"line":81,"column":4},"end":{"line":83,"column":5}},"type":"if","locations":[{"start":{"line":81,"column":4},"end":{"line":83,"column":5}},{"start":{},"end":{}}],"line":81}},"s":{"0":1,"1":1,"2":0,"3":0,"4":0,"5":0,"6":0,"7":0,"8":0,"9":0,"10":1,"11":1,"12":41,"13":41,"14":41,"15":41,"16":41,"17":6,"18":41,"19":0,"20":0,"21":0,"22":1,"23":1,"24":0,"25":1,"26":1,"27":1,"28":0,"29":0,"30":0,"31":0,"32":0,"33":1,"34":1,"35":1,"36":0,"37":1,"38":1,"39":1,"40":1,"41":1,"42":41,"43":41,"44":1,"45":1,"46":1,"47":3,"48":3,"49":3,"50":1,"51":3,"52":3,"53":3,"54":3,"55":0,"56":0,"57":3,"58":1,"59":1,"60":1,"61":1,"62":1,"63":1,"64":1,"65":3,"66":3,"67":3,"68":3,"69":3,"70":3,"71":3,"72":3,"73":3,"74":3,"75":3,"76":3,"77":3,"78":3,"79":3,"80":4,"81":3,"82":1,"83":2,"84":1},"f":{"0":1,"1":0,"2":41,"3":6,"4":0,"5":1,"6":0,"7":1,"8":1,"9":0,"10":1,"11":3,"12":3,"13":4},"b":{"0":[1,1,1],"1":[1,0],"2":[0,0],"3":[1,1,1],"4":[1,0],"5":[41,0],"6":[41,0],"7":[41,41],"8":[0,41],"9":[41,0],"10":[0,0],"11":[1,1,1],"12":[1,0],"13":[1,1,1],"14":[1,0],"15":[0,0],"16":[0,1],"17":[1,1],"18":[1,0],"19":[41,0],"20":[1,1,1],"21":[1,2],"22":[3,3],"23":[3,0],"24":[3,3],"25":[0,0],"26":[0,0],"27":[2,1],"28":[3,0],"29":[3,0],"30":[2,1],"31":[3,0],"32":[3,0],"33":[2,2],"34":[2,2],"35":[2,2],"36":[1,2]},"_coverageSchema":"1a1c01bbd47fc00a2c39e90264f33305004495a9","hash":"a8993036fc84ed329f6c8313e5af91fa18d597f5"}
,"/Users/dhu/Desktop/coding/react-spinners/src/BeatLoader.tsx": {"path":"/Users/dhu/Desktop/coding/react-spinners/src/BeatLoader.tsx","statementMap":{"0":{"start":{"line":2,"column":15},"end":{"line":12,"column":1}},"1":{"start":{"line":3,"column":4},"end":{"line":10,"column":6}},"2":{"start":{"line":4,"column":8},"end":{"line":8,"column":9}},"3":{"start":{"line":4,"column":24},"end":{"line":4,"column":25}},"4":{"start":{"line":4,"column":31},"end":{"line":4,"column":47}},"5":{"start":{"line":5,"column":12},"end":{"line":5,"column":29}},"6":{"start":{"line":6,"column":12},"end":{"line":7,"column":28}},"7":{"start":{"line":6,"column":29},"end":{"line":7,"column":28}},"8":{"start":{"line":7,"column":16},"end":{"line":7,"column":28}},"9":{"start":{"line":9,"column":8},"end":{"line":9,"column":17}},"10":{"start":{"line":11,"column":4},"end":{"line":11,"column":43}},"11":{"start":{"line":13,"column":22},"end":{"line":23,"column":3}},"12":{"start":{"line":14,"column":4},"end":{"line":14,"column":33}},"13":{"start":{"line":14,"column":26},"end":{"line":14,"column":33}},"14":{"start":{"line":15,"column":15},"end":{"line":15,"column":52}},"15":{"start":{"line":16,"column":4},"end":{"line":18,"column":5}},"16":{"start":{"line":17,"column":6},"end":{"line":17,"column":68}},"17":{"start":{"line":17,"column":51},"end":{"line":17,"column":63}},"18":{"start":{"line":19,"column":4},"end":{"line":19,"column":39}},"19":{"start":{"line":21,"column":4},"end":{"line":21,"column":33}},"20":{"start":{"line":21,"column":26},"end":{"line":21,"column":33}},"21":{"start":{"line":22,"column":4},"end":{"line":22,"column":17}},"22":{"start":{"line":24,"column":25},"end":{"line":28,"column":2}},"23":{"start":{"line":25,"column":4},"end":{"line":25,"column":72}},"24":{"start":{"line":27,"column":4},"end":{"line":27,"column":21}},"25":{"start":{"line":29,"column":19},"end":{"line":45,"column":4}},"26":{"start":{"line":30,"column":18},"end":{"line":37,"column":5}},"27":{"start":{"line":31,"column":8},"end":{"line":35,"column":10}},"28":{"start":{"line":32,"column":21},"end":{"line":32,"column":23}},"29":{"start":{"line":33,"column":12},"end":{"line":33,"column":95}},"30":{"start":{"line":33,"column":29},"end":{"line":33,"column":95}},"31":{"start":{"line":33,"column":77},"end":{"line":33,"column":95}},"32":{"start":{"line":34,"column":12},"end":{"line":34,"column":22}},"33":{"start":{"line":36,"column":8},"end":{"line":36,"column":26}},"34":{"start":{"line":38,"column":4},"end":{"line":44,"column":6}},"35":{"start":{"line":39,"column":8},"end":{"line":39,"column":46}},"36":{"start":{"line":39,"column":35},"end":{"line":39,"column":46}},"37":{"start":{"line":40,"column":21},"end":{"line":40,"column":23}},"38":{"start":{"line":41,"column":8},"end":{"line":41,"column":137}},"39":{"start":{"line":41,"column":25},"end":{"line":41,"column":137}},"40":{"start":{"line":41,"column":38},"end":{"line":41,"column":50}},"41":{"start":{"line":41,"column":56},"end":{"line":41,"column":57}},"42":{"start":{"line":41,"column":78},"end":{"line":41,"column":137}},"43":{"start":{"line":41,"column":102},"end":{"line":41,"column":137}},"44":{"start":{"line":42,"column":8},"end":{"line":42,"column":40}},"45":{"start":{"line":43,"column":8},"end":{"line":43,"column":22}},"46":{"start":{"line":46,"column":13},"end":{"line":56,"column":1}},"47":{"start":{"line":47,"column":12},"end":{"line":47,"column":14}},"48":{"start":{"line":48,"column":4},"end":{"line":49,"column":20}},"49":{"start":{"line":48,"column":21},"end":{"line":49,"column":20}},"50":{"start":{"line":49,"column":8},"end":{"line":49,"column":20}},"51":{"start":{"line":50,"column":4},"end":{"line":54,"column":9}},"52":{"start":{"line":51,"column":8},"end":{"line":54,"column":9}},"53":{"start":{"line":51,"column":21},"end":{"line":51,"column":22}},"54":{"start":{"line":51,"column":28},"end":{"line":51,"column":59}},"55":{"start":{"line":52,"column":12},"end":{"line":53,"column":34}},"56":{"start":{"line":53,"column":16},"end":{"line":53,"column":34}},"57":{"start":{"line":55,"column":4},"end":{"line":55,"column":13}},"58":{"start":{"line":57,"column":0},"end":{"line":57,"column":62}},"59":{"start":{"line":58,"column":12},"end":{"line":58,"column":42}},"60":{"start":{"line":59,"column":22},"end":{"line":59,"column":56}},"61":{"start":{"line":60,"column":18},"end":{"line":60,"column":48}},"62":{"start":{"line":61,"column":11},"end":{"line":61,"column":148}},"63":{"start":{"line":63,"column":13},"end":{"line":63,"column":23}},"64":{"start":{"line":63,"column":35},"end":{"line":63,"column":60}},"65":{"start":{"line":63,"column":67},"end":{"line":63,"column":75}},"66":{"start":{"line":63,"column":85},"end":{"line":63,"column":115}},"67":{"start":{"line":63,"column":122},"end":{"line":63,"column":140}},"68":{"start":{"line":63,"column":160},"end":{"line":63,"column":182}},"69":{"start":{"line":63,"column":189},"end":{"line":63,"column":203}},"70":{"start":{"line":63,"column":219},"end":{"line":63,"column":242}},"71":{"start":{"line":63,"column":249},"end":{"line":63,"column":256}},"72":{"start":{"line":63,"column":265},"end":{"line":63,"column":288}},"73":{"start":{"line":63,"column":295},"end":{"line":63,"column":304}},"74":{"start":{"line":63,"column":315},"end":{"line":63,"column":337}},"75":{"start":{"line":63,"column":357},"end":{"line":63,"column":441}},"76":{"start":{"line":64,"column":18},"end":{"line":64,"column":63}},"77":{"start":{"line":65,"column":16},"end":{"line":76,"column":5}},"78":{"start":{"line":66,"column":8},"end":{"line":75,"column":10}},"79":{"start":{"line":77,"column":4},"end":{"line":79,"column":5}},"80":{"start":{"line":78,"column":8},"end":{"line":78,"column":20}},"81":{"start":{"line":80,"column":4},"end":{"line":83,"column":59}},"82":{"start":{"line":85,"column":0},"end":{"line":85,"column":29}}},"fnMap":{"0":{"name":"(anonymous_0)","decl":{"start":{"line":2,"column":42},"end":{"line":2,"column":43}},"loc":{"start":{"line":2,"column":54},"end":{"line":12,"column":1}},"line":2},"1":{"name":"(anonymous_1)","decl":{"start":{"line":3,"column":32},"end":{"line":3,"column":33}},"loc":{"start":{"line":3,"column":44},"end":{"line":10,"column":5}},"line":3},"2":{"name":"(anonymous_2)","decl":{"start":{"line":13,"column":74},"end":{"line":13,"column":75}},"loc":{"start":{"line":13,"column":96},"end":{"line":20,"column":1}},"line":13},"3":{"name":"(anonymous_3)","decl":{"start":{"line":17,"column":38},"end":{"line":17,"column":39}},"loc":{"start":{"line":17,"column":49},"end":{"line":17,"column":65}},"line":17},"4":{"name":"(anonymous_4)","decl":{"start":{"line":20,"column":6},"end":{"line":20,"column":7}},"loc":{"start":{"line":20,"column":28},"end":{"line":23,"column":1}},"line":20},"5":{"name":"(anonymous_5)","decl":{"start":{"line":24,"column":80},"end":{"line":24,"column":81}},"loc":{"start":{"line":24,"column":95},"end":{"line":26,"column":1}},"line":24},"6":{"name":"(anonymous_6)","decl":{"start":{"line":26,"column":5},"end":{"line":26,"column":6}},"loc":{"start":{"line":26,"column":20},"end":{"line":28,"column":1}},"line":26},"7":{"name":"(anonymous_7)","decl":{"start":{"line":29,"column":51},"end":{"line":29,"column":52}},"loc":{"start":{"line":29,"column":63},"end":{"line":45,"column":1}},"line":29},"8":{"name":"(anonymous_8)","decl":{"start":{"line":30,"column":18},"end":{"line":30,"column":19}},"loc":{"start":{"line":30,"column":30},"end":{"line":37,"column":5}},"line":30},"9":{"name":"(anonymous_9)","decl":{"start":{"line":31,"column":48},"end":{"line":31,"column":49}},"loc":{"start":{"line":31,"column":61},"end":{"line":35,"column":9}},"line":31},"10":{"name":"(anonymous_10)","decl":{"start":{"line":38,"column":11},"end":{"line":38,"column":12}},"loc":{"start":{"line":38,"column":26},"end":{"line":44,"column":5}},"line":38},"11":{"name":"(anonymous_11)","decl":{"start":{"line":46,"column":38},"end":{"line":46,"column":39}},"loc":{"start":{"line":46,"column":54},"end":{"line":56,"column":1}},"line":46},"12":{"name":"BeatLoader","decl":{"start":{"line":62,"column":9},"end":{"line":62,"column":19}},"loc":{"start":{"line":62,"column":24},"end":{"line":84,"column":1}},"line":62},"13":{"name":"(anonymous_13)","decl":{"start":{"line":65,"column":16},"end":{"line":65,"column":17}},"loc":{"start":{"line":65,"column":29},"end":{"line":76,"column":5}},"line":65}},"branchMap":{"0":{"loc":{"start":{"line":2,"column":15},"end":{"line":12,"column":1}},"type":"binary-expr","locations":[{"start":{"line":2,"column":16},"end":{"line":2,"column":20}},{"start":{"line":2,"column":24},"end":{"line":2,"column":37}},{"start":{"line":2,"column":42},"end":{"line":12,"column":1}}],"line":2},"1":{"loc":{"start":{"line":3,"column":15},"end":{"line":10,"column":5}},"type":"binary-expr","locations":[{"start":{"line":3,"column":15},"end":{"line":3,"column":28}},{"start":{"line":3,"column":32},"end":{"line":10,"column":5}}],"line":3},"2":{"loc":{"start":{"line":6,"column":29},"end":{"line":7,"column":28}},"type":"if","locations":[{"start":{"line":6,"column":29},"end":{"line":7,"column":28}},{"start":{},"end":{}}],"line":6},"3":{"loc":{"start":{"line":13,"column":22},"end":{"line":23,"column":3}},"type":"binary-expr","locations":[{"start":{"line":13,"column":23},"end":{"line":13,"column":27}},{"start":{"line":13,"column":31},"end":{"line":13,"column":51}},{"start":{"line":13,"column":57},"end":{"line":23,"column":2}}],"line":13},"4":{"loc":{"start":{"line":13,"column":57},"end":{"line":23,"column":2}},"type":"cond-expr","locations":[{"start":{"line":13,"column":74},"end":{"line":20,"column":1}},{"start":{"line":20,"column":6},"end":{"line":23,"column":1}}],"line":13},"5":{"loc":{"start":{"line":14,"column":4},"end":{"line":14,"column":33}},"type":"if","locations":[{"start":{"line":14,"column":4},"end":{"line":14,"column":33}},{"start":{},"end":{}}],"line":14},"6":{"loc":{"start":{"line":16,"column":4},"end":{"line":18,"column":5}},"type":"if","locations":[{"start":{"line":16,"column":4},"end":{"line":18,"column":5}},{"start":{},"end":{}}],"line":16},"7":{"loc":{"start":{"line":16,"column":8},"end":{"line":16,"column":85}},"type":"binary-expr","locations":[{"start":{"line":16,"column":8},"end":{"line":16,"column":13}},{"start":{"line":16,"column":18},"end":{"line":16,"column":84}}],"line":16},"8":{"loc":{"start":{"line":16,"column":18},"end":{"line":16,"column":84}},"type":"cond-expr","locations":[{"start":{"line":16,"column":34},"end":{"line":16,"column":47}},{"start":{"line":16,"column":50},"end":{"line":16,"column":84}}],"line":16},"9":{"loc":{"start":{"line":16,"column":50},"end":{"line":16,"column":84}},"type":"binary-expr","locations":[{"start":{"line":16,"column":50},"end":{"line":16,"column":63}},{"start":{"line":16,"column":67},"end":{"line":16,"column":84}}],"line":16},"10":{"loc":{"start":{"line":21,"column":4},"end":{"line":21,"column":33}},"type":"if","locations":[{"start":{"line":21,"column":4},"end":{"line":21,"column":33}},{"start":{},"end":{}}],"line":21},"11":{"loc":{"start":{"line":24,"column":25},"end":{"line":28,"column":2}},"type":"binary-expr","locations":[{"start":{"line":24,"column":26},"end":{"line":24,"column":30}},{"start":{"line":24,"column":34},"end":{"line":24,"column":57}},{"start":{"line":24,"column":63},"end":{"line":28,"column":1}}],"line":24},"12":{"loc":{"start":{"line":24,"column":63},"end":{"line":28,"column":1}},"type":"cond-expr","locations":[{"start":{"line":24,"column":80},"end":{"line":26,"column":1}},{"start":{"line":26,"column":5},"end":{"line":28,"column":1}}],"line":24},"13":{"loc":{"start":{"line":29,"column":19},"end":{"line":45,"column":4}},"type":"binary-expr","locations":[{"start":{"line":29,"column":20},"end":{"line":29,"column":24}},{"start":{"line":29,"column":28},"end":{"line":29,"column":45}},{"start":{"line":29,"column":50},"end":{"line":45,"column":4}}],"line":29},"14":{"loc":{"start":{"line":31,"column":18},"end":{"line":35,"column":9}},"type":"binary-expr","locations":[{"start":{"line":31,"column":18},"end":{"line":31,"column":44}},{"start":{"line":31,"column":48},"end":{"line":35,"column":9}}],"line":31},"15":{"loc":{"start":{"line":33,"column":29},"end":{"line":33,"column":95}},"type":"if","locations":[{"start":{"line":33,"column":29},"end":{"line":33,"column":95}},{"start":{},"end":{}}],"line":33},"16":{"loc":{"start":{"line":39,"column":8},"end":{"line":39,"column":46}},"type":"if","locations":[{"start":{"line":39,"column":8},"end":{"line":39,"column":46}},{"start":{},"end":{}}],"line":39},"17":{"loc":{"start":{"line":39,"column":12},"end":{"line":39,"column":33}},"type":"binary-expr","locations":[{"start":{"line":39,"column":12},"end":{"line":39,"column":15}},{"start":{"line":39,"column":19},"end":{"line":39,"column":33}}],"line":39},"18":{"loc":{"start":{"line":41,"column":8},"end":{"line":41,"column":137}},"type":"if","locations":[{"start":{"line":41,"column":8},"end":{"line":41,"column":137}},{"start":{},"end":{}}],"line":41},"19":{"loc":{"start":{"line":41,"column":78},"end":{"line":41,"column":137}},"type":"if","locations":[{"start":{"line":41,"column":78},"end":{"line":41,"column":137}},{"start":{},"end":{}}],"line":41},"20":{"loc":{"start":{"line":46,"column":13},"end":{"line":56,"column":1}},"type":"binary-expr","locations":[{"start":{"line":46,"column":14},"end":{"line":46,"column":18}},{"start":{"line":46,"column":22},"end":{"line":46,"column":33}},{"start":{"line":46,"column":38},"end":{"line":56,"column":1}}],"line":46},"21":{"loc":{"start":{"line":48,"column":21},"end":{"line":49,"column":20}},"type":"if","locations":[{"start":{"line":48,"column":21},"end":{"line":49,"column":20}},{"start":{},"end":{}}],"line":48},"22":{"loc":{"start":{"line":48,"column":25},"end":{"line":48,"column":87}},"type":"binary-expr","locations":[{"start":{"line":48,"column":25},"end":{"line":48,"column":67}},{"start":{"line":48,"column":71},"end":{"line":48,"column":87}}],"line":48},"23":{"loc":{"start":{"line":50,"column":4},"end":{"line":54,"column":9}},"type":"if","locations":[{"start":{"line":50,"column":4},"end":{"line":54,"column":9}},{"start":{},"end":{}}],"line":50},"24":{"loc":{"start":{"line":50,"column":8},"end":{"line":50,"column":71}},"type":"binary-expr","locations":[{"start":{"line":50,"column":8},"end":{"line":50,"column":17}},{"start":{"line":50,"column":21},"end":{"line":50,"column":71}}],"line":50},"25":{"loc":{"start":{"line":52,"column":12},"end":{"line":53,"column":34}},"type":"if","locations":[{"start":{"line":52,"column":12},"end":{"line":53,"column":34}},{"start":{},"end":{}}],"line":52},"26":{"loc":{"start":{"line":52,"column":16},"end":{"line":52,"column":90}},"type":"binary-expr","locations":[{"start":{"line":52,"column":16},"end":{"line":52,"column":35}},{"start":{"line":52,"column":39},"end":{"line":52,"column":90}}],"line":52},"27":{"loc":{"start":{"line":63,"column":35},"end":{"line":63,"column":60}},"type":"cond-expr","locations":[{"start":{"line":63,"column":51},"end":{"line":63,"column":55}},{"start":{"line":63,"column":58},"end":{"line":63,"column":60}}],"line":63},"28":{"loc":{"start":{"line":63,"column":85},"end":{"line":63,"column":115}},"type":"cond-expr","locations":[{"start":{"line":63,"column":101},"end":{"line":63,"column":110}},{"start":{"line":63,"column":113},"end":{"line":63,"column":115}}],"line":63},"29":{"loc":{"start":{"line":63,"column":160},"end":{"line":63,"column":182}},"type":"cond-expr","locations":[{"start":{"line":63,"column":176},"end":{"line":63,"column":177}},{"start":{"line":63,"column":180},"end":{"line":63,"column":182}}],"line":63},"30":{"loc":{"start":{"line":63,"column":219},"end":{"line":63,"column":242}},"type":"cond-expr","locations":[{"start":{"line":63,"column":235},"end":{"line":63,"column":237}},{"start":{"line":63,"column":240},"end":{"line":63,"column":242}}],"line":63},"31":{"loc":{"start":{"line":63,"column":265},"end":{"line":63,"column":288}},"type":"cond-expr","locations":[{"start":{"line":63,"column":281},"end":{"line":63,"column":283}},{"start":{"line":63,"column":286},"end":{"line":63,"column":288}}],"line":63},"32":{"loc":{"start":{"line":63,"column":315},"end":{"line":63,"column":337}},"type":"cond-expr","locations":[{"start":{"line":63,"column":331},"end":{"line":63,"column":332}},{"start":{"line":63,"column":335},"end":{"line":63,"column":337}}],"line":63},"33":{"loc":{"start":{"line":73,"column":87},"end":{"line":73,"column":140}},"type":"cond-expr","locations":[{"start":{"line":73,"column":95},"end":{"line":73,"column":99}},{"start":{"line":73,"column":102},"end":{"line":73,"column":140}}],"line":73},"34":{"loc":{"start":{"line":77,"column":4},"end":{"line":79,"column":5}},"type":"if","locations":[{"start":{"line":77,"column":4},"end":{"line":79,"column":5}},{"start":{},"end":{}}],"line":77}},"s":{"0":1,"1":1,"2":0,"3":0,"4":0,"5":0,"6":0,"7":0,"8":0,"9":0,"10":1,"11":1,"12":41,"13":41,"14":41,"15":41,"16":41,"17":8,"18":41,"19":0,"20":0,"21":0,"22":1,"23":1,"24":0,"25":1,"26":1,"27":1,"28":0,"29":0,"30":0,"31":0,"32":0,"33":1,"34":1,"35":1,"36":0,"37":1,"38":1,"39":1,"40":1,"41":1,"42":41,"43":41,"44":1,"45":1,"46":1,"47":3,"48":3,"49":3,"50":1,"51":3,"52":3,"53":3,"54":3,"55":0,"56":0,"57":3,"58":1,"59":1,"60":1,"61":1,"62":1,"63":3,"64":3,"65":3,"66":3,"67":3,"68":3,"69":3,"70":3,"71":3,"72":3,"73":3,"74":3,"75":3,"76":3,"77":3,"78":6,"79":3,"80":1,"81":2,"82":1},"f":{"0":1,"1":0,"2":41,"3":8,"4":0,"5":1,"6":0,"7":1,"8":1,"9":0,"10":1,"11":3,"12":3,"13":6},"b":{"0":[1,1,1],"1":[1,0],"2":[0,0],"3":[1,1,1],"4":[1,0],"5":[41,0],"6":[41,0],"7":[41,41],"8":[0,41],"9":[41,0],"10":[0,0],"11":[1,1,1],"12":[1,0],"13":[1,1,1],"14":[1,0],"15":[0,0],"16":[0,1],"17":[1,1],"18":[1,0],"19":[41,0],"20":[1,1,1],"21":[1,2],"22":[3,3],"23":[3,0],"24":[3,3],"25":[0,0],"26":[0,0],"27":[2,1],"28":[3,0],"29":[3,0],"30":[2,1],"31":[3,0],"32":[3,0],"33":[4,2],"34":[1,2]},"_coverageSchema":"1a1c01bbd47fc00a2c39e90264f33305004495a9","hash":"c8f7cac2a5f0cfb3eabdb76c4a2e77e3e275c2a8"}
,"/Users/dhu/Desktop/coding/react-spinners/src/BounceLoader.tsx": {"path":"/Users/dhu/Desktop/coding/react-spinners/src/BounceLoader.tsx","statementMap":{"0":{"start":{"line":2,"column":15},"end":{"line":12,"column":1}},"1":{"start":{"line":3,"column":4},"end":{"line":10,"column":6}},"2":{"start":{"line":4,"column":8},"end":{"line":8,"column":9}},"3":{"start":{"line":4,"column":24},"end":{"line":4,"column":25}},"4":{"start":{"line":4,"column":31},"end":{"line":4,"column":47}},"5":{"start":{"line":5,"column":12},"end":{"line":5,"column":29}},"6":{"start":{"line":6,"column":12},"end":{"line":7,"column":28}},"7":{"start":{"line":6,"column":29},"end":{"line":7,"column":28}},"8":{"start":{"line":7,"column":16},"end":{"line":7,"column":28}},"9":{"start":{"line":9,"column":8},"end":{"line":9,"column":17}},"10":{"start":{"line":11,"column":4},"end":{"line":11,"column":43}},"11":{"start":{"line":13,"column":22},"end":{"line":23,"column":3}},"12":{"start":{"line":14,"column":4},"end":{"line":14,"column":33}},"13":{"start":{"line":14,"column":26},"end":{"line":14,"column":33}},"14":{"start":{"line":15,"column":15},"end":{"line":15,"column":52}},"15":{"start":{"line":16,"column":4},"end":{"line":18,"column":5}},"16":{"start":{"line":17,"column":6},"end":{"line":17,"column":68}},"17":{"start":{"line":17,"column":51},"end":{"line":17,"column":63}},"18":{"start":{"line":19,"column":4},"end":{"line":19,"column":39}},"19":{"start":{"line":21,"column":4},"end":{"line":21,"column":33}},"20":{"start":{"line":21,"column":26},"end":{"line":21,"column":33}},"21":{"start":{"line":22,"column":4},"end":{"line":22,"column":17}},"22":{"start":{"line":24,"column":25},"end":{"line":28,"column":2}},"23":{"start":{"line":25,"column":4},"end":{"line":25,"column":72}},"24":{"start":{"line":27,"column":4},"end":{"line":27,"column":21}},"25":{"start":{"line":29,"column":19},"end":{"line":45,"column":4}},"26":{"start":{"line":30,"column":18},"end":{"line":37,"column":5}},"27":{"start":{"line":31,"column":8},"end":{"line":35,"column":10}},"28":{"start":{"line":32,"column":21},"end":{"line":32,"column":23}},"29":{"start":{"line":33,"column":12},"end":{"line":33,"column":95}},"30":{"start":{"line":33,"column":29},"end":{"line":33,"column":95}},"31":{"start":{"line":33,"column":77},"end":{"line":33,"column":95}},"32":{"start":{"line":34,"column":12},"end":{"line":34,"column":22}},"33":{"start":{"line":36,"column":8},"end":{"line":36,"column":26}},"34":{"start":{"line":38,"column":4},"end":{"line":44,"column":6}},"35":{"start":{"line":39,"column":8},"end":{"line":39,"column":46}},"36":{"start":{"line":39,"column":35},"end":{"line":39,"column":46}},"37":{"start":{"line":40,"column":21},"end":{"line":40,"column":23}},"38":{"start":{"line":41,"column":8},"end":{"line":41,"column":137}},"39":{"start":{"line":41,"column":25},"end":{"line":41,"column":137}},"40":{"start":{"line":41,"column":38},"end":{"line":41,"column":50}},"41":{"start":{"line":41,"column":56},"end":{"line":41,"column":57}},"42":{"start":{"line":41,"column":78},"end":{"line":41,"column":137}},"43":{"start":{"line":41,"column":102},"end":{"line":41,"column":137}},"44":{"start":{"line":42,"column":8},"end":{"line":42,"column":40}},"45":{"start":{"line":43,"column":8},"end":{"line":43,"column":22}},"46":{"start":{"line":46,"column":13},"end":{"line":56,"column":1}},"47":{"start":{"line":47,"column":12},"end":{"line":47,"column":14}},"48":{"start":{"line":48,"column":4},"end":{"line":49,"column":20}},"49":{"start":{"line":48,"column":21},"end":{"line":49,"column":20}},"50":{"start":{"line":49,"column":8},"end":{"line":49,"column":20}},"51":{"start":{"line":50,"column":4},"end":{"line":54,"column":9}},"52":{"start":{"line":51,"column":8},"end":{"line":54,"column":9}},"53":{"start":{"line":51,"column":21},"end":{"line":51,"column":22}},"54":{"start":{"line":51,"column":28},"end":{"line":51,"column":59}},"55":{"start":{"line":52,"column":12},"end":{"line":53,"column":34}},"56":{"start":{"line":53,"column":16},"end":{"line":53,"column":34}},"57":{"start":{"line":55,"column":4},"end":{"line":55,"column":13}},"58":{"start":{"line":57,"column":0},"end":{"line":57,"column":62}},"59":{"start":{"line":58,"column":12},"end":{"line":58,"column":42}},"60":{"start":{"line":59,"column":22},"end":{"line":59,"column":56}},"61":{"start":{"line":60,"column":18},"end":{"line":60,"column":48}},"62":{"start":{"line":61,"column":13},"end":{"line":61,"column":154}},"63":{"start":{"line":63,"column":13},"end":{"line":63,"column":23}},"64":{"start":{"line":63,"column":35},"end":{"line":63,"column":60}},"65":{"start":{"line":63,"column":67},"end":{"line":63,"column":75}},"66":{"start":{"line":63,"column":85},"end":{"line":63,"column":115}},"67":{"start":{"line":63,"column":122},"end":{"line":63,"column":140}},"68":{"start":{"line":63,"column":160},"end":{"line":63,"column":182}},"69":{"start":{"line":63,"column":189},"end":{"line":63,"column":203}},"70":{"start":{"line":63,"column":219},"end":{"line":63,"column":242}},"71":{"start":{"line":63,"column":249},"end":{"line":63,"column":256}},"72":{"start":{"line":63,"column":265},"end":{"line":63,"column":288}},"73":{"start":{"line":63,"column":308},"end":{"line":63,"column":382}},"74":{"start":{"line":64,"column":16},"end":{"line":78,"column":5}},"75":{"start":{"line":65,"column":30},"end":{"line":65,"column":82}},"76":{"start":{"line":66,"column":8},"end":{"line":77,"column":10}},"77":{"start":{"line":79,"column":18},"end":{"line":79,"column":174}},"78":{"start":{"line":80,"column":4},"end":{"line":82,"column":5}},"79":{"start":{"line":81,"column":8},"end":{"line":81,"column":20}},"80":{"start":{"line":83,"column":4},"end":{"line":85,"column":59}},"81":{"start":{"line":87,"column":0},"end":{"line":87,"column":31}}},"fnMap":{"0":{"name":"(anonymous_0)","decl":{"start":{"line":2,"column":42},"end":{"line":2,"column":43}},"loc":{"start":{"line":2,"column":54},"end":{"line":12,"column":1}},"line":2},"1":{"name":"(anonymous_1)","decl":{"start":{"line":3,"column":32},"end":{"line":3,"column":33}},"loc":{"start":{"line":3,"column":44},"end":{"line":10,"column":5}},"line":3},"2":{"name":"(anonymous_2)","decl":{"start":{"line":13,"column":74},"end":{"line":13,"column":75}},"loc":{"start":{"line":13,"column":96},"end":{"line":20,"column":1}},"line":13},"3":{"name":"(anonymous_3)","decl":{"start":{"line":17,"column":38},"end":{"line":17,"column":39}},"loc":{"start":{"line":17,"column":49},"end":{"line":17,"column":65}},"line":17},"4":{"name":"(anonymous_4)","decl":{"start":{"line":20,"column":6},"end":{"line":20,"column":7}},"loc":{"start":{"line":20,"column":28},"end":{"line":23,"column":1}},"line":20},"5":{"name":"(anonymous_5)","decl":{"start":{"line":24,"column":80},"end":{"line":24,"column":81}},"loc":{"start":{"line":24,"column":95},"end":{"line":26,"column":1}},"line":24},"6":{"name":"(anonymous_6)","decl":{"start":{"line":26,"column":5},"end":{"line":26,"column":6}},"loc":{"start":{"line":26,"column":20},"end":{"line":28,"column":1}},"line":26},"7":{"name":"(anonymous_7)","decl":{"start":{"line":29,"column":51},"end":{"line":29,"column":52}},"loc":{"start":{"line":29,"column":63},"end":{"line":45,"column":1}},"line":29},"8":{"name":"(anonymous_8)","decl":{"start":{"line":30,"column":18},"end":{"line":30,"column":19}},"loc":{"start":{"line":30,"column":30},"end":{"line":37,"column":5}},"line":30},"9":{"name":"(anonymous_9)","decl":{"start":{"line":31,"column":48},"end":{"line":31,"column":49}},"loc":{"start":{"line":31,"column":61},"end":{"line":35,"column":9}},"line":31},"10":{"name":"(anonymous_10)","decl":{"start":{"line":38,"column":11},"end":{"line":38,"column":12}},"loc":{"start":{"line":38,"column":26},"end":{"line":44,"column":5}},"line":38},"11":{"name":"(anonymous_11)","decl":{"start":{"line":46,"column":38},"end":{"line":46,"column":39}},"loc":{"start":{"line":46,"column":54},"end":{"line":56,"column":1}},"line":46},"12":{"name":"BounceLoader","decl":{"start":{"line":62,"column":9},"end":{"line":62,"column":21}},"loc":{"start":{"line":62,"column":26},"end":{"line":86,"column":1}},"line":62},"13":{"name":"(anonymous_13)","decl":{"start":{"line":64,"column":16},"end":{"line":64,"column":17}},"loc":{"start":{"line":64,"column":29},"end":{"line":78,"column":5}},"line":64}},"branchMap":{"0":{"loc":{"start":{"line":2,"column":15},"end":{"line":12,"column":1}},"type":"binary-expr","locations":[{"start":{"line":2,"column":16},"end":{"line":2,"column":20}},{"start":{"line":2,"column":24},"end":{"line":2,"column":37}},{"start":{"line":2,"column":42},"end":{"line":12,"column":1}}],"line":2},"1":{"loc":{"start":{"line":3,"column":15},"end":{"line":10,"column":5}},"type":"binary-expr","locations":[{"start":{"line":3,"column":15},"end":{"line":3,"column":28}},{"start":{"line":3,"column":32},"end":{"line":10,"column":5}}],"line":3},"2":{"loc":{"start":{"line":6,"column":29},"end":{"line":7,"column":28}},"type":"if","locations":[{"start":{"line":6,"column":29},"end":{"line":7,"column":28}},{"start":{},"end":{}}],"line":6},"3":{"loc":{"start":{"line":13,"column":22},"end":{"line":23,"column":3}},"type":"binary-expr","locations":[{"start":{"line":13,"column":23},"end":{"line":13,"column":27}},{"start":{"line":13,"column":31},"end":{"line":13,"column":51}},{"start":{"line":13,"column":57},"end":{"line":23,"column":2}}],"line":13},"4":{"loc":{"start":{"line":13,"column":57},"end":{"line":23,"column":2}},"type":"cond-expr","locations":[{"start":{"line":13,"column":74},"end":{"line":20,"column":1}},{"start":{"line":20,"column":6},"end":{"line":23,"column":1}}],"line":13},"5":{"loc":{"start":{"line":14,"column":4},"end":{"line":14,"column":33}},"type":"if","locations":[{"start":{"line":14,"column":4},"end":{"line":14,"column":33}},{"start":{},"end":{}}],"line":14},"6":{"loc":{"start":{"line":16,"column":4},"end":{"line":18,"column":5}},"type":"if","locations":[{"start":{"line":16,"column":4},"end":{"line":18,"column":5}},{"start":{},"end":{}}],"line":16},"7":{"loc":{"start":{"line":16,"column":8},"end":{"line":16,"column":85}},"type":"binary-expr","locations":[{"start":{"line":16,"column":8},"end":{"line":16,"column":13}},{"start":{"line":16,"column":18},"end":{"line":16,"column":84}}],"line":16},"8":{"loc":{"start":{"line":16,"column":18},"end":{"line":16,"column":84}},"type":"cond-expr","locations":[{"start":{"line":16,"column":34},"end":{"line":16,"column":47}},{"start":{"line":16,"column":50},"end":{"line":16,"column":84}}],"line":16},"9":{"loc":{"start":{"line":16,"column":50},"end":{"line":16,"column":84}},"type":"binary-expr","locations":[{"start":{"line":16,"column":50},"end":{"line":16,"column":63}},{"start":{"line":16,"column":67},"end":{"line":16,"column":84}}],"line":16},"10":{"loc":{"start":{"line":21,"column":4},"end":{"line":21,"column":33}},"type":"if","locations":[{"start":{"line":21,"column":4},"end":{"line":21,"column":33}},{"start":{},"end":{}}],"line":21},"11":{"loc":{"start":{"line":24,"column":25},"end":{"line":28,"column":2}},"type":"binary-expr","locations":[{"start":{"line":24,"column":26},"end":{"line":24,"column":30}},{"start":{"line":24,"column":34},"end":{"line":24,"column":57}},{"start":{"line":24,"column":63},"end":{"line":28,"column":1}}],"line":24},"12":{"loc":{"start":{"line":24,"column":63},"end":{"line":28,"column":1}},"type":"cond-expr","locations":[{"start":{"line":24,"column":80},"end":{"line":26,"column":1}},{"start":{"line":26,"column":5},"end":{"line":28,"column":1}}],"line":24},"13":{"loc":{"start":{"line":29,"column":19},"end":{"line":45,"column":4}},"type":"binary-expr","locations":[{"start":{"line":29,"column":20},"end":{"line":29,"column":24}},{"start":{"line":29,"column":28},"end":{"line":29,"column":45}},{"start":{"line":29,"column":50},"end":{"line":45,"column":4}}],"line":29},"14":{"loc":{"start":{"line":31,"column":18},"end":{"line":35,"column":9}},"type":"binary-expr","locations":[{"start":{"line":31,"column":18},"end":{"line":31,"column":44}},{"start":{"line":31,"column":48},"end":{"line":35,"column":9}}],"line":31},"15":{"loc":{"start":{"line":33,"column":29},"end":{"line":33,"column":95}},"type":"if","locations":[{"start":{"line":33,"column":29},"end":{"line":33,"column":95}},{"start":{},"end":{}}],"line":33},"16":{"loc":{"start":{"line":39,"column":8},"end":{"line":39,"column":46}},"type":"if","locations":[{"start":{"line":39,"column":8},"end":{"line":39,"column":46}},{"start":{},"end":{}}],"line":39},"17":{"loc":{"start":{"line":39,"column":12},"end":{"line":39,"column":33}},"type":"binary-expr","locations":[{"start":{"line":39,"column":12},"end":{"line":39,"column":15}},{"start":{"line":39,"column":19},"end":{"line":39,"column":33}}],"line":39},"18":{"loc":{"start":{"line":41,"column":8},"end":{"line":41,"column":137}},"type":"if","locations":[{"start":{"line":41,"column":8},"end":{"line":41,"column":137}},{"start":{},"end":{}}],"line":41},"19":{"loc":{"start":{"line":41,"column":78},"end":{"line":41,"column":137}},"type":"if","locations":[{"start":{"line":41,"column":78},"end":{"line":41,"column":137}},{"start":{},"end":{}}],"line":41},"20":{"loc":{"start":{"line":46,"column":13},"end":{"line":56,"column":1}},"type":"binary-expr","locations":[{"start":{"line":46,"column":14},"end":{"line":46,"column":18}},{"start":{"line":46,"column":22},"end":{"line":46,"column":33}},{"start":{"line":46,"column":38},"end":{"line":56,"column":1}}],"line":46},"21":{"loc":{"start":{"line":48,"column":21},"end":{"line":49,"column":20}},"type":"if","locations":[{"start":{"line":48,"column":21},"end":{"line":49,"column":20}},{"start":{},"end":{}}],"line":48},"22":{"loc":{"start":{"line":48,"column":25},"end":{"line":48,"column":87}},"type":"binary-expr","locations":[{"start":{"line":48,"column":25},"end":{"line":48,"column":67}},{"start":{"line":48,"column":71},"end":{"line":48,"column":87}}],"line":48},"23":{"loc":{"start":{"line":50,"column":4},"end":{"line":54,"column":9}},"type":"if","locations":[{"start":{"line":50,"column":4},"end":{"line":54,"column":9}},{"start":{},"end":{}}],"line":50},"24":{"loc":{"start":{"line":50,"column":8},"end":{"line":50,"column":71}},"type":"binary-expr","locations":[{"start":{"line":50,"column":8},"end":{"line":50,"column":17}},{"start":{"line":50,"column":21},"end":{"line":50,"column":71}}],"line":50},"25":{"loc":{"start":{"line":52,"column":12},"end":{"line":53,"column":34}},"type":"if","locations":[{"start":{"line":52,"column":12},"end":{"line":53,"column":34}},{"start":{},"end":{}}],"line":52},"26":{"loc":{"start":{"line":52,"column":16},"end":{"line":52,"column":90}},"type":"binary-expr","locations":[{"start":{"line":52,"column":16},"end":{"line":52,"column":35}},{"start":{"line":52,"column":39},"end":{"line":52,"column":90}}],"line":52},"27":{"loc":{"start":{"line":63,"column":35},"end":{"line":63,"column":60}},"type":"cond-expr","locations":[{"start":{"line":63,"column":51},"end":{"line":63,"column":55}},{"start":{"line":63,"column":58},"end":{"line":63,"column":60}}],"line":63},"28":{"loc":{"start":{"line":63,"column":85},"end":{"line":63,"column":115}},"type":"cond-expr","locations":[{"start":{"line":63,"column":101},"end":{"line":63,"column":110}},{"start":{"line":63,"column":113},"end":{"line":63,"column":115}}],"line":63},"29":{"loc":{"start":{"line":63,"column":160},"end":{"line":63,"column":182}},"type":"cond-expr","locations":[{"start":{"line":63,"column":176},"end":{"line":63,"column":177}},{"start":{"line":63,"column":180},"end":{"line":63,"column":182}}],"line":63},"30":{"loc":{"start":{"line":63,"column":219},"end":{"line":63,"column":242}},"type":"cond-expr","locations":[{"start":{"line":63,"column":235},"end":{"line":63,"column":237}},{"start":{"line":63,"column":240},"end":{"line":63,"column":242}}],"line":63},"31":{"loc":{"start":{"line":63,"column":265},"end":{"line":63,"column":288}},"type":"cond-expr","locations":[{"start":{"line":63,"column":281},"end":{"line":63,"column":283}},{"start":{"line":63,"column":286},"end":{"line":63,"column":288}}],"line":63},"32":{"loc":{"start":{"line":65,"column":30},"end":{"line":65,"column":82}},"type":"cond-expr","locations":[{"start":{"line":65,"column":40},"end":{"line":65,"column":75}},{"start":{"line":65,"column":78},"end":{"line":65,"column":82}}],"line":65},"33":{"loc":{"start":{"line":80,"column":4},"end":{"line":82,"column":5}},"type":"if","locations":[{"start":{"line":80,"column":4},"end":{"line":82,"column":5}},{"start":{},"end":{}}],"line":80}},"s":{"0":1,"1":1,"2":0,"3":0,"4":0,"5":0,"6":0,"7":0,"8":0,"9":0,"10":1,"11":1,"12":41,"13":41,"14":41,"15":41,"16":41,"17":6,"18":41,"19":0,"20":0,"21":0,"22":1,"23":1,"24":0,"25":1,"26":1,"27":1,"28":0,"29":0,"30":0,"31":0,"32":0,"33":1,"34":1,"35":1,"36":0,"37":1,"38":1,"39":1,"40":1,"41":1,"42":41,"43":41,"44":1,"45":1,"46":1,"47":3,"48":3,"49":3,"50":1,"51":3,"52":3,"53":3,"54":3,"55":0,"56":0,"57":3,"58":1,"59":1,"60":1,"61":1,"62":1,"63":3,"64":3,"65":3,"66":3,"67":3,"68":3,"69":3,"70":3,"71":3,"72":3,"73":3,"74":3,"75":4,"76":4,"77":3,"78":3,"79":1,"80":2,"81":1},"f":{"0":1,"1":0,"2":41,"3":6,"4":0,"5":1,"6":0,"7":1,"8":1,"9":0,"10":1,"11":3,"12":3,"13":4},"b":{"0":[1,1,1],"1":[1,0],"2":[0,0],"3":[1,1,1],"4":[1,0],"5":[41,0],"6":[41,0],"7":[41,41],"8":[0,41],"9":[41,0],"10":[0,0],"11":[1,1,1],"12":[1,0],"13":[1,1,1],"14":[1,0],"15":[0,0],"16":[0,1],"17":[1,1],"18":[1,0],"19":[41,0],"20":[1,1,1],"21":[1,2],"22":[3,3],"23":[3,0],"24":[3,3],"25":[0,0],"26":[0,0],"27":[2,1],"28":[3,0],"29":[3,0],"30":[2,1],"31":[3,0],"32":[2,2],"33":[1,2]},"_coverageSchema":"1a1c01bbd47fc00a2c39e90264f33305004495a9","hash":"32e15842b7096b98016d25810c928645ba5111c2"}
,"/Users/dhu/Desktop/coding/react-spinners/src/CircleLoader.tsx": {"path":"/Users/dhu/Desktop/coding/react-spinners/src/CircleLoader.tsx","statementMap":{"0":{"start":{"line":2,"column":15},"end":{"line":12,"column":1}},"1":{"start":{"line":3,"column":4},"end":{"line":10,"column":6}},"2":{"start":{"line":4,"column":8},"end":{"line":8,"column":9}},"3":{"start":{"line":4,"column":24},"end":{"line":4,"column":25}},"4":{"start":{"line":4,"column":31},"end":{"line":4,"column":47}},"5":{"start":{"line":5,"column":12},"end":{"line":5,"column":29}},"6":{"start":{"line":6,"column":12},"end":{"line":7,"column":28}},"7":{"start":{"line":6,"column":29},"end":{"line":7,"column":28}},"8":{"start":{"line":7,"column":16},"end":{"line":7,"column":28}},"9":{"start":{"line":9,"column":8},"end":{"line":9,"column":17}},"10":{"start":{"line":11,"column":4},"end":{"line":11,"column":43}},"11":{"start":{"line":13,"column":22},"end":{"line":23,"column":3}},"12":{"start":{"line":14,"column":4},"end":{"line":14,"column":33}},"13":{"start":{"line":14,"column":26},"end":{"line":14,"column":33}},"14":{"start":{"line":15,"column":15},"end":{"line":15,"column":52}},"15":{"start":{"line":16,"column":4},"end":{"line":18,"column":5}},"16":{"start":{"line":17,"column":6},"end":{"line":17,"column":68}},"17":{"start":{"line":17,"column":51},"end":{"line":17,"column":63}},"18":{"start":{"line":19,"column":4},"end":{"line":19,"column":39}},"19":{"start":{"line":21,"column":4},"end":{"line":21,"column":33}},"20":{"start":{"line":21,"column":26},"end":{"line":21,"column":33}},"21":{"start":{"line":22,"column":4},"end":{"line":22,"column":17}},"22":{"start":{"line":24,"column":25},"end":{"line":28,"column":2}},"23":{"start":{"line":25,"column":4},"end":{"line":25,"column":72}},"24":{"start":{"line":27,"column":4},"end":{"line":27,"column":21}},"25":{"start":{"line":29,"column":19},"end":{"line":45,"column":4}},"26":{"start":{"line":30,"column":18},"end":{"line":37,"column":5}},"27":{"start":{"line":31,"column":8},"end":{"line":35,"column":10}},"28":{"start":{"line":32,"column":21},"end":{"line":32,"column":23}},"29":{"start":{"line":33,"column":12},"end":{"line":33,"column":95}},"30":{"start":{"line":33,"column":29},"end":{"line":33,"column":95}},"31":{"start":{"line":33,"column":77},"end":{"line":33,"column":95}},"32":{"start":{"line":34,"column":12},"end":{"line":34,"column":22}},"33":{"start":{"line":36,"column":8},"end":{"line":36,"column":26}},"34":{"start":{"line":38,"column":4},"end":{"line":44,"column":6}},"35":{"start":{"line":39,"column":8},"end":{"line":39,"column":46}},"36":{"start":{"line":39,"column":35},"end":{"line":39,"column":46}},"37":{"start":{"line":40,"column":21},"end":{"line":40,"column":23}},"38":{"start":{"line":41,"column":8},"end":{"line":41,"column":137}},"39":{"start":{"line":41,"column":25},"end":{"line":41,"column":137}},"40":{"start":{"line":41,"column":38},"end":{"line":41,"column":50}},"41":{"start":{"line":41,"column":56},"end":{"line":41,"column":57}},"42":{"start":{"line":41,"column":78},"end":{"line":41,"column":137}},"43":{"start":{"line":41,"column":102},"end":{"line":41,"column":137}},"44":{"start":{"line":42,"column":8},"end":{"line":42,"column":40}},"45":{"start":{"line":43,"column":8},"end":{"line":43,"column":22}},"46":{"start":{"line":46,"column":13},"end":{"line":56,"column":1}},"47":{"start":{"line":47,"column":12},"end":{"line":47,"column":14}},"48":{"start":{"line":48,"column":4},"end":{"line":49,"column":20}},"49":{"start":{"line":48,"column":21},"end":{"line":49,"column":20}},"50":{"start":{"line":49,"column":8},"end":{"line":49,"column":20}},"51":{"start":{"line":50,"column":4},"end":{"line":54,"column":9}},"52":{"start":{"line":51,"column":8},"end":{"line":54,"column":9}},"53":{"start":{"line":51,"column":21},"end":{"line":51,"column":22}},"54":{"start":{"line":51,"column":28},"end":{"line":51,"column":59}},"55":{"start":{"line":52,"column":12},"end":{"line":53,"column":34}},"56":{"start":{"line":53,"column":16},"end":{"line":53,"column":34}},"57":{"start":{"line":55,"column":4},"end":{"line":55,"column":13}},"58":{"start":{"line":57,"column":0},"end":{"line":57,"column":62}},"59":{"start":{"line":58,"column":12},"end":{"line":58,"column":42}},"60":{"start":{"line":59,"column":22},"end":{"line":59,"column":56}},"61":{"start":{"line":60,"column":18},"end":{"line":60,"column":48}},"62":{"start":{"line":61,"column":13},"end":{"line":61,"column":168}},"63":{"start":{"line":63,"column":13},"end":{"line":63,"column":23}},"64":{"start":{"line":63,"column":35},"end":{"line":63,"column":60}},"65":{"start":{"line":63,"column":67},"end":{"line":63,"column":75}},"66":{"start":{"line":63,"column":85},"end":{"line":63,"column":115}},"67":{"start":{"line":63,"column":122},"end":{"line":63,"column":140}},"68":{"start":{"line":63,"column":160},"end":{"line":63,"column":182}},"69":{"start":{"line":63,"column":189},"end":{"line":63,"column":203}},"70":{"start":{"line":63,"column":219},"end":{"line":63,"column":242}},"71":{"start":{"line":63,"column":249},"end":{"line":63,"column":256}},"72":{"start":{"line":63,"column":265},"end":{"line":63,"column":288}},"73":{"start":{"line":63,"column":308},"end":{"line":63,"column":382}},"74":{"start":{"line":64,"column":18},"end":{"line":64,"column":174}},"75":{"start":{"line":65,"column":16},"end":{"line":81,"column":5}},"76":{"start":{"line":66,"column":17},"end":{"line":66,"column":62}},"77":{"start":{"line":66,"column":72},"end":{"line":66,"column":80}},"78":{"start":{"line":66,"column":89},"end":{"line":66,"column":96}},"79":{"start":{"line":67,"column":8},"end":{"line":80,"column":10}},"80":{"start":{"line":82,"column":4},"end":{"line":84,"column":5}},"81":{"start":{"line":83,"column":8},"end":{"line":83,"column":20}},"82":{"start":{"line":85,"column":4},"end":{"line":90,"column":59}},"83":{"start":{"line":92,"column":0},"end":{"line":92,"column":31}}},"fnMap":{"0":{"name":"(anonymous_0)","decl":{"start":{"line":2,"column":42},"end":{"line":2,"column":43}},"loc":{"start":{"line":2,"column":54},"end":{"line":12,"column":1}},"line":2},"1":{"name":"(anonymous_1)","decl":{"start":{"line":3,"column":32},"end":{"line":3,"column":33}},"loc":{"start":{"line":3,"column":44},"end":{"line":10,"column":5}},"line":3},"2":{"name":"(anonymous_2)","decl":{"start":{"line":13,"column":74},"end":{"line":13,"column":75}},"loc":{"start":{"line":13,"column":96},"end":{"line":20,"column":1}},"line":13},"3":{"name":"(anonymous_3)","decl":{"start":{"line":17,"column":38},"end":{"line":17,"column":39}},"loc":{"start":{"line":17,"column":49},"end":{"line":17,"column":65}},"line":17},"4":{"name":"(anonymous_4)","decl":{"start":{"line":20,"column":6},"end":{"line":20,"column":7}},"loc":{"start":{"line":20,"column":28},"end":{"line":23,"column":1}},"line":20},"5":{"name":"(anonymous_5)","decl":{"start":{"line":24,"column":80},"end":{"line":24,"column":81}},"loc":{"start":{"line":24,"column":95},"end":{"line":26,"column":1}},"line":24},"6":{"name":"(anonymous_6)","decl":{"start":{"line":26,"column":5},"end":{"line":26,"column":6}},"loc":{"start":{"line":26,"column":20},"end":{"line":28,"column":1}},"line":26},"7":{"name":"(anonymous_7)","decl":{"start":{"line":29,"column":51},"end":{"line":29,"column":52}},"loc":{"start":{"line":29,"column":63},"end":{"line":45,"column":1}},"line":29},"8":{"name":"(anonymous_8)","decl":{"start":{"line":30,"column":18},"end":{"line":30,"column":19}},"loc":{"start":{"line":30,"column":30},"end":{"line":37,"column":5}},"line":30},"9":{"name":"(anonymous_9)","decl":{"start":{"line":31,"column":48},"end":{"line":31,"column":49}},"loc":{"start":{"line":31,"column":61},"end":{"line":35,"column":9}},"line":31},"10":{"name":"(anonymous_10)","decl":{"start":{"line":38,"column":11},"end":{"line":38,"column":12}},"loc":{"start":{"line":38,"column":26},"end":{"line":44,"column":5}},"line":38},"11":{"name":"(anonymous_11)","decl":{"start":{"line":46,"column":38},"end":{"line":46,"column":39}},"loc":{"start":{"line":46,"column":54},"end":{"line":56,"column":1}},"line":46},"12":{"name":"CircleLoader","decl":{"start":{"line":62,"column":9},"end":{"line":62,"column":21}},"loc":{"start":{"line":62,"column":26},"end":{"line":91,"column":1}},"line":62},"13":{"name":"(anonymous_13)","decl":{"start":{"line":65,"column":16},"end":{"line":65,"column":17}},"loc":{"start":{"line":65,"column":29},"end":{"line":81,"column":5}},"line":65}},"branchMap":{"0":{"loc":{"start":{"line":2,"column":15},"end":{"line":12,"column":1}},"type":"binary-expr","locations":[{"start":{"line":2,"column":16},"end":{"line":2,"column":20}},{"start":{"line":2,"column":24},"end":{"line":2,"column":37}},{"start":{"line":2,"column":42},"end":{"line":12,"column":1}}],"line":2},"1":{"loc":{"start":{"line":3,"column":15},"end":{"line":10,"column":5}},"type":"binary-expr","locations":[{"start":{"line":3,"column":15},"end":{"line":3,"column":28}},{"start":{"line":3,"column":32},"end":{"line":10,"column":5}}],"line":3},"2":{"loc":{"start":{"line":6,"column":29},"end":{"line":7,"column":28}},"type":"if","locations":[{"start":{"line":6,"column":29},"end":{"line":7,"column":28}},{"start":{},"end":{}}],"line":6},"3":{"loc":{"start":{"line":13,"column":22},"end":{"line":23,"column":3}},"type":"binary-expr","locations":[{"start":{"line":13,"column":23},"end":{"line":13,"column":27}},{"start":{"line":13,"column":31},"end":{"line":13,"column":51}},{"start":{"line":13,"column":57},"end":{"line":23,"column":2}}],"line":13},"4":{"loc":{"start":{"line":13,"column":57},"end":{"line":23,"column":2}},"type":"cond-expr","locations":[{"start":{"line":13,"column":74},"end":{"line":20,"column":1}},{"start":{"line":20,"column":6},"end":{"line":23,"column":1}}],"line":13},"5":{"loc":{"start":{"line":14,"column":4},"end":{"line":14,"column":33}},"type":"if","locations":[{"start":{"line":14,"column":4},"end":{"line":14,"column":33}},{"start":{},"end":{}}],"line":14},"6":{"loc":{"start":{"line":16,"column":4},"end":{"line":18,"column":5}},"type":"if","locations":[{"start":{"line":16,"column":4},"end":{"line":18,"column":5}},{"start":{},"end":{}}],"line":16},"7":{"loc":{"start":{"line":16,"column":8},"end":{"line":16,"column":85}},"type":"binary-expr","locations":[{"start":{"line":16,"column":8},"end":{"line":16,"column":13}},{"start":{"line":16,"column":18},"end":{"line":16,"column":84}}],"line":16},"8":{"loc":{"start":{"line":16,"column":18},"end":{"line":16,"column":84}},"type":"cond-expr","locations":[{"start":{"line":16,"column":34},"end":{"line":16,"column":47}},{"start":{"line":16,"column":50},"end":{"line":16,"column":84}}],"line":16},"9":{"loc":{"start":{"line":16,"column":50},"end":{"line":16,"column":84}},"type":"binary-expr","locations":[{"start":{"line":16,"column":50},"end":{"line":16,"column":63}},{"start":{"line":16,"column":67},"end":{"line":16,"column":84}}],"line":16},"10":{"loc":{"start":{"line":21,"column":4},"end":{"line":21,"column":33}},"type":"if","locations":[{"start":{"line":21,"column":4},"end":{"line":21,"column":33}},{"start":{},"end":{}}],"line":21},"11":{"loc":{"start":{"line":24,"column":25},"end":{"line":28,"column":2}},"type":"binary-expr","locations":[{"start":{"line":24,"column":26},"end":{"line":24,"column":30}},{"start":{"line":24,"column":34},"end":{"line":24,"column":57}},{"start":{"line":24,"column":63},"end":{"line":28,"column":1}}],"line":24},"12":{"loc":{"start":{"line":24,"column":63},"end":{"line":28,"column":1}},"type":"cond-expr","locations":[{"start":{"line":24,"column":80},"end":{"line":26,"column":1}},{"start":{"line":26,"column":5},"end":{"line":28,"column":1}}],"line":24},"13":{"loc":{"start":{"line":29,"column":19},"end":{"line":45,"column":4}},"type":"binary-expr","locations":[{"start":{"line":29,"column":20},"end":{"line":29,"column":24}},{"start":{"line":29,"column":28},"end":{"line":29,"column":45}},{"start":{"line":29,"column":50},"end":{"line":45,"column":4}}],"line":29},"14":{"loc":{"start":{"line":31,"column":18},"end":{"line":35,"column":9}},"type":"binary-expr","locations":[{"start":{"line":31,"column":18},"end":{"line":31,"column":44}},{"start":{"line":31,"column":48},"end":{"line":35,"column":9}}],"line":31},"15":{"loc":{"start":{"line":33,"column":29},"end":{"line":33,"column":95}},"type":"if","locations":[{"start":{"line":33,"column":29},"end":{"line":33,"column":95}},{"start":{},"end":{}}],"line":33},"16":{"loc":{"start":{"line":39,"column":8},"end":{"line":39,"column":46}},"type":"if","locations":[{"start":{"line":39,"column":8},"end":{"line":39,"column":46}},{"start":{},"end":{}}],"line":39},"17":{"loc":{"start":{"line":39,"column":12},"end":{"line":39,"column":33}},"type":"binary-expr","locations":[{"start":{"line":39,"column":12},"end":{"line":39,"column":15}},{"start":{"line":39,"column":19},"end":{"line":39,"column":33}}],"line":39},"18":{"loc":{"start":{"line":41,"column":8},"end":{"line":41,"column":137}},"type":"if","locations":[{"start":{"line":41,"column":8},"end":{"line":41,"column":137}},{"start":{},"end":{}}],"line":41},"19":{"loc":{"start":{"line":41,"column":78},"end":{"line":41,"column":137}},"type":"if","locations":[{"start":{"line":41,"column":78},"end":{"line":41,"column":137}},{"start":{},"end":{}}],"line":41},"20":{"loc":{"start":{"line":46,"column":13},"end":{"line":56,"column":1}},"type":"binary-expr","locations":[{"start":{"line":46,"column":14},"end":{"line":46,"column":18}},{"start":{"line":46,"column":22},"end":{"line":46,"column":33}},{"start":{"line":46,"column":38},"end":{"line":56,"column":1}}],"line":46},"21":{"loc":{"start":{"line":48,"column":21},"end":{"line":49,"column":20}},"type":"if","locations":[{"start":{"line":48,"column":21},"end":{"line":49,"column":20}},{"start":{},"end":{}}],"line":48},"22":{"loc":{"start":{"line":48,"column":25},"end":{"line":48,"column":87}},"type":"binary-expr","locations":[{"start":{"line":48,"column":25},"end":{"line":48,"column":67}},{"start":{"line":48,"column":71},"end":{"line":48,"column":87}}],"line":48},"23":{"loc":{"start":{"line":50,"column":4},"end":{"line":54,"column":9}},"type":"if","locations":[{"start":{"line":50,"column":4},"end":{"line":54,"column":9}},{"start":{},"end":{}}],"line":50},"24":{"loc":{"start":{"line":50,"column":8},"end":{"line":50,"column":71}},"type":"binary-expr","locations":[{"start":{"line":50,"column":8},"end":{"line":50,"column":17}},{"start":{"line":50,"column":21},"end":{"line":50,"column":71}}],"line":50},"25":{"loc":{"start":{"line":52,"column":12},"end":{"line":53,"column":34}},"type":"if","locations":[{"start":{"line":52,"column":12},"end":{"line":53,"column":34}},{"start":{},"end":{}}],"line":52},"26":{"loc":{"start":{"line":52,"column":16},"end":{"line":52,"column":90}},"type":"binary-expr","locations":[{"start":{"line":52,"column":16},"end":{"line":52,"column":35}},{"start":{"line":52,"column":39},"end":{"line":52,"column":90}}],"line":52},"27":{"loc":{"start":{"line":63,"column":35},"end":{"line":63,"column":60}},"type":"cond-expr","locations":[{"start":{"line":63,"column":51},"end":{"line":63,"column":55}},{"start":{"line":63,"column":58},"end":{"line":63,"column":60}}],"line":63},"28":{"loc":{"start":{"line":63,"column":85},"end":{"line":63,"column":115}},"type":"cond-expr","locations":[{"start":{"line":63,"column":101},"end":{"line":63,"column":110}},{"start":{"line":63,"column":113},"end":{"line":63,"column":115}}],"line":63},"29":{"loc":{"start":{"line":63,"column":160},"end":{"line":63,"column":182}},"type":"cond-expr","locations":[{"start":{"line":63,"column":176},"end":{"line":63,"column":177}},{"start":{"line":63,"column":180},"end":{"line":63,"column":182}}],"line":63},"30":{"loc":{"start":{"line":63,"column":219},"end":{"line":63,"column":242}},"type":"cond-expr","locations":[{"start":{"line":63,"column":235},"end":{"line":63,"column":237}},{"start":{"line":63,"column":240},"end":{"line":63,"column":242}}],"line":63},"31":{"loc":{"start":{"line":63,"column":265},"end":{"line":63,"column":288}},"type":"cond-expr","locations":[{"start":{"line":63,"column":281},"end":{"line":63,"column":283}},{"start":{"line":63,"column":286},"end":{"line":63,"column":288}}],"line":63},"32":{"loc":{"start":{"line":82,"column":4},"end":{"line":84,"column":5}},"type":"if","locations":[{"start":{"line":82,"column":4},"end":{"line":84,"column":5}},{"start":{},"end":{}}],"line":82}},"s":{"0":1,"1":1,"2":0,"3":0,"4":0,"5":0,"6":0,"7":0,"8":0,"9":0,"10":1,"11":1,"12":41,"13":41,"14":41,"15":41,"16":41,"17":12,"18":41,"19":0,"20":0,"21":0,"22":1,"23":1,"24":0,"25":1,"26":1,"27":1,"28":0,"29":0,"30":0,"31":0,"32":0,"33":1,"34":1,"35":1,"36":0,"37":1,"38":1,"39":1,"40":1,"41":1,"42":41,"43":41,"44":1,"45":1,"46":1,"47":3,"48":3,"49":3,"50":1,"51":3,"52":3,"53":3,"54":3,"55":0,"56":0,"57":3,"58":1,"59":1,"60":1,"61":1,"62":1,"63":3,"64":3,"65":3,"66":3,"67":3,"68":3,"69":3,"70":3,"71":3,"72":3,"73":3,"74":3,"75":3,"76":10,"77":10,"78":10,"79":10,"80":3,"81":1,"82":2,"83":1},"f":{"0":1,"1":0,"2":41,"3":12,"4":0,"5":1,"6":0,"7":1,"8":1,"9":0,"10":1,"11":3,"12":3,"13":10},"b":{"0":[1,1,1],"1":[1,0],"2":[0,0],"3":[1,1,1],"4":[1,0],"5":[41,0],"6":[41,0],"7":[41,41],"8":[0,41],"9":[41,0],"10":[0,0],"11":[1,1,1],"12":[1,0],"13":[1,1,1],"14":[1,0],"15":[0,0],"16":[0,1],"17":[1,1],"18":[1,0],"19":[41,0],"20":[1,1,1],"21":[1,2],"22":[3,3],"23":[3,0],"24":[3,3],"25":[0,0],"26":[0,0],"27":[2,1],"28":[3,0],"29":[3,0],"30":[2,1],"31":[3,0],"32":[1,2]},"_coverageSchema":"1a1c01bbd47fc00a2c39e90264f33305004495a9","hash":"69d977cb6fc7419a659c6bf04d22623797b57143"}
,"/Users/dhu/Desktop/coding/react-spinners/src/ClimbingBoxLoader.tsx": {"path":"/Users/dhu/Desktop/coding/react-spinners/src/ClimbingBoxLoader.tsx","statementMap":{"0":{"start":{"line":2,"column":15},"end":{"line":12,"column":1}},"1":{"start":{"line":3,"column":4},"end":{"line":10,"column":6}},"2":{"start":{"line":4,"column":8},"end":{"line":8,"column":9}},"3":{"start":{"line":4,"column":24},"end":{"line":4,"column":25}},"4":{"start":{"line":4,"column":31},"end":{"line":4,"column":47}},"5":{"start":{"line":5,"column":12},"end":{"line":5,"column":29}},"6":{"start":{"line":6,"column":12},"end":{"line":7,"column":28}},"7":{"start":{"line":6,"column":29},"end":{"line":7,"column":28}},"8":{"start":{"line":7,"column":16},"end":{"line":7,"column":28}},"9":{"start":{"line":9,"column":8},"end":{"line":9,"column":17}},"10":{"start":{"line":11,"column":4},"end":{"line":11,"column":43}},"11":{"start":{"line":13,"column":22},"end":{"line":23,"column":3}},"12":{"start":{"line":14,"column":4},"end":{"line":14,"column":33}},"13":{"start":{"line":14,"column":26},"end":{"line":14,"column":33}},"14":{"start":{"line":15,"column":15},"end":{"line":15,"column":52}},"15":{"start":{"line":16,"column":4},"end":{"line":18,"column":5}},"16":{"start":{"line":17,"column":6},"end":{"line":17,"column":68}},"17":{"start":{"line":17,"column":51},"end":{"line":17,"column":63}},"18":{"start":{"line":19,"column":4},"end":{"line":19,"column":39}},"19":{"start":{"line":21,"column":4},"end":{"line":21,"column":33}},"20":{"start":{"line":21,"column":26},"end":{"line":21,"column":33}},"21":{"start":{"line":22,"column":4},"end":{"line":22,"column":17}},"22":{"start":{"line":24,"column":25},"end":{"line":28,"column":2}},"23":{"start":{"line":25,"column":4},"end":{"line":25,"column":72}},"24":{"start":{"line":27,"column":4},"end":{"line":27,"column":21}},"25":{"start":{"line":29,"column":19},"end":{"line":45,"column":4}},"26":{"start":{"line":30,"column":18},"end":{"line":37,"column":5}},"27":{"start":{"line":31,"column":8},"end":{"line":35,"column":10}},"28":{"start":{"line":32,"column":21},"end":{"line":32,"column":23}},"29":{"start":{"line":33,"column":12},"end":{"line":33,"column":95}},"30":{"start":{"line":33,"column":29},"end":{"line":33,"column":95}},"31":{"start":{"line":33,"column":77},"end":{"line":33,"column":95}},"32":{"start":{"line":34,"column":12},"end":{"line":34,"column":22}},"33":{"start":{"line":36,"column":8},"end":{"line":36,"column":26}},"34":{"start":{"line":38,"column":4},"end":{"line":44,"column":6}},"35":{"start":{"line":39,"column":8},"end":{"line":39,"column":46}},"36":{"start":{"line":39,"column":35},"end":{"line":39,"column":46}},"37":{"start":{"line":40,"column":21},"end":{"line":40,"column":23}},"38":{"start":{"line":41,"column":8},"end":{"line":41,"column":137}},"39":{"start":{"line":41,"column":25},"end":{"line":41,"column":137}},"40":{"start":{"line":41,"column":38},"end":{"line":41,"column":50}},"41":{"start":{"line":41,"column":56},"end":{"line":41,"column":57}},"42":{"start":{"line":41,"column":78},"end":{"line":41,"column":137}},"43":{"start":{"line":41,"column":102},"end":{"line":41,"column":137}},"44":{"start":{"line":42,"column":8},"end":{"line":42,"column":40}},"45":{"start":{"line":43,"column":8},"end":{"line":43,"column":22}},"46":{"start":{"line":46,"column":13},"end":{"line":56,"column":1}},"47":{"start":{"line":47,"column":12},"end":{"line":47,"column":14}},"48":{"start":{"line":48,"column":4},"end":{"line":49,"column":20}},"49":{"start":{"line":48,"column":21},"end":{"line":49,"column":20}},"50":{"start":{"line":49,"column":8},"end":{"line":49,"column":20}},"51":{"start":{"line":50,"column":4},"end":{"line":54,"column":9}},"52":{"start":{"line":51,"column":8},"end":{"line":54,"column":9}},"53":{"start":{"line":51,"column":21},"end":{"line":51,"column":22}},"54":{"start":{"line":51,"column":28},"end":{"line":51,"column":59}},"55":{"start":{"line":52,"column":12},"end":{"line":53,"column":34}},"56":{"start":{"line":53,"column":16},"end":{"line":53,"column":34}},"57":{"start":{"line":55,"column":4},"end":{"line":55,"column":13}},"58":{"start":{"line":57,"column":0},"end":{"line":57,"column":62}},"59":{"start":{"line":58,"column":12},"end":{"line":58,"column":42}},"60":{"start":{"line":59,"column":22},"end":{"line":59,"column":56}},"61":{"start":{"line":60,"column":18},"end":{"line":60,"column":48}},"62":{"start":{"line":61,"column":18},"end":{"line":61,"column":682}},"63":{"start":{"line":63,"column":13},"end":{"line":63,"column":23}},"64":{"start":{"line":63,"column":35},"end":{"line":63,"column":60}},"65":{"start":{"line":63,"column":67},"end":{"line":63,"column":75}},"66":{"start":{"line":63,"column":85},"end":{"line":63,"column":115}},"67":{"start":{"line":63,"column":122},"end":{"line":63,"column":140}},"68":{"start":{"line":63,"column":160},"end":{"line":63,"column":182}},"69":{"start":{"line":63,"column":189},"end":{"line":63,"column":203}},"70":{"start":{"line":63,"column":219},"end":{"line":63,"column":242}},"71":{"start":{"line":63,"column":249},"end":{"line":63,"column":256}},"72":{"start":{"line":63,"column":265},"end":{"line":63,"column":288}},"73":{"start":{"line":63,"column":308},"end":{"line":63,"column":382}},"74":{"start":{"line":64,"column":20},"end":{"line":64,"column":120}},"75":{"start":{"line":65,"column":18},"end":{"line":74,"column":5}},"76":{"start":{"line":75,"column":16},"end":{"line":87,"column":5}},"77":{"start":{"line":88,"column":15},"end":{"line":96,"column":5}},"78":{"start":{"line":97,"column":4},"end":{"line":99,"column":5}},"79":{"start":{"line":98,"column":8},"end":{"line":98,"column":20}},"80":{"start":{"line":100,"column":4},"end":{"line":103,"column":60}},"81":{"start":{"line":105,"column":0},"end":{"line":105,"column":36}}},"fnMap":{"0":{"name":"(anonymous_0)","decl":{"start":{"line":2,"column":42},"end":{"line":2,"column":43}},"loc":{"start":{"line":2,"column":54},"end":{"line":12,"column":1}},"line":2},"1":{"name":"(anonymous_1)","decl":{"start":{"line":3,"column":32},"end":{"line":3,"column":33}},"loc":{"start":{"line":3,"column":44},"end":{"line":10,"column":5}},"line":3},"2":{"name":"(anonymous_2)","decl":{"start":{"line":13,"column":74},"end":{"line":13,"column":75}},"loc":{"start":{"line":13,"column":96},"end":{"line":20,"column":1}},"line":13},"3":{"name":"(anonymous_3)","decl":{"start":{"line":17,"column":38},"end":{"line":17,"column":39}},"loc":{"start":{"line":17,"column":49},"end":{"line":17,"column":65}},"line":17},"4":{"name":"(anonymous_4)","decl":{"start":{"line":20,"column":6},"end":{"line":20,"column":7}},"loc":{"start":{"line":20,"column":28},"end":{"line":23,"column":1}},"line":20},"5":{"name":"(anonymous_5)","decl":{"start":{"line":24,"column":80},"end":{"line":24,"column":81}},"loc":{"start":{"line":24,"column":95},"end":{"line":26,"column":1}},"line":24},"6":{"name":"(anonymous_6)","decl":{"start":{"line":26,"column":5},"end":{"line":26,"column":6}},"loc":{"start":{"line":26,"column":20},"end":{"line":28,"column":1}},"line":26},"7":{"name":"(anonymous_7)","decl":{"start":{"line":29,"column":51},"end":{"line":29,"column":52}},"loc":{"start":{"line":29,"column":63},"end":{"line":45,"column":1}},"line":29},"8":{"name":"(anonymous_8)","decl":{"start":{"line":30,"column":18},"end":{"line":30,"column":19}},"loc":{"start":{"line":30,"column":30},"end":{"line":37,"column":5}},"line":30},"9":{"name":"(anonymous_9)","decl":{"start":{"line":31,"column":48},"end":{"line":31,"column":49}},"loc":{"start":{"line":31,"column":61},"end":{"line":35,"column":9}},"line":31},"10":{"name":"(anonymous_10)","decl":{"start":{"line":38,"column":11},"end":{"line":38,"column":12}},"loc":{"start":{"line":38,"column":26},"end":{"line":44,"column":5}},"line":38},"11":{"name":"(anonymous_11)","decl":{"start":{"line":46,"column":38},"end":{"line":46,"column":39}},"loc":{"start":{"line":46,"column":54},"end":{"line":56,"column":1}},"line":46},"12":{"name":"ClimbingBoxLoader","decl":{"start":{"line":62,"column":9},"end":{"line":62,"column":26}},"loc":{"start":{"line":62,"column":31},"end":{"line":104,"column":1}},"line":62}},"branchMap":{"0":{"loc":{"start":{"line":2,"column":15},"end":{"line":12,"column":1}},"type":"binary-expr","locations":[{"start":{"line":2,"column":16},"end":{"line":2,"column":20}},{"start":{"line":2,"column":24},"en
[...]
6,"column":137}},"48":{"start":{"line":36,"column":85},"end":{"line":36,"column":131}},"49":{"start":{"line":37,"column":19},"end":{"line":37,"column":42}},"50":{"start":{"line":38,"column":0},"end":{"line":38,"column":135}},"51":{"start":{"line":38,"column":84},"end":{"line":38,"column":129}},"52":{"start":{"line":39,"column":19},"end":{"line":39,"column":42}},"53":{"start":{"line":40,"column":0},"end":{"line":40,"column":135}},"54":{"start":{"line":40,"column":84},"end":{"line":40,"column":129}},"55":{"start":{"line":41,"column":19},"end":{"line":41,"column":42}},"56":{"start":{"line":42,"column":0},"end":{"line":42,"column":135}},"57":{"start":{"line":42,"column":84},"end":{"line":42,"column":129}},"58":{"start":{"line":43,"column":21},"end":{"line":43,"column":46}},"59":{"start":{"line":44,"column":0},"end":{"line":44,"column":139}},"60":{"start":{"line":44,"column":86},"end":{"line":44,"column":133}},"61":{"start":{"line":45,"column":20},"end":{"line":45,"column":44}},"62":{"start":{"line":46,"column":0},"end":{"line":46,"column":137}},"63":{"start":{"line":46,"column":85},"end":{"line":46,"column":131}},"64":{"start":{"line":47,"column":19},"end":{"line":47,"column":42}},"65":{"start":{"line":48,"column":0},"end":{"line":48,"column":135}},"66":{"start":{"line":48,"column":84},"end":{"line":48,"column":129}},"67":{"start":{"line":49,"column":21},"end":{"line":49,"column":46}},"68":{"start":{"line":50,"column":0},"end":{"line":50,"column":139}},"69":{"start":{"line":50,"column":86},"end":{"line":50,"column":133}},"70":{"start":{"line":51,"column":19},"end":{"line":51,"column":42}},"71":{"start":{"line":52,"column":0},"end":{"line":52,"column":135}},"72":{"start":{"line":52,"column":84},"end":{"line":52,"column":129}}},"fnMap":{"0":{"name":"(anonymous_0)","decl":{"start":{"line":2,"column":56},"end":{"line":2,"column":57}},"loc":{"start":{"line":2,"column":71},"end":{"line":4,"column":1}},"line":2},"1":{"name":"(anonymous_1)","decl":{"start":{"line":8,"column":69},"end":{"line":8,"column":70}},"loc":{"start":{"line":8,"column":81},"end":{"line":8,"column":129}},"line":8},"2":{"name":"(anonymous_2)","decl":{"start":{"line":10,"column":70},"end":{"line":10,"column":71}},"loc":{"start":{"line":10,"column":82},"end":{"line":10,"column":131}},"line":10},"3":{"name":"(anonymous_3)","decl":{"start":{"line":12,"column":72},"end":{"line":12,"column":73}},"loc":{"start":{"line":12,"column":84},"end":{"line":12,"column":135}},"line":12},"4":{"name":"(anonymous_4)","decl":{"start":{"line":14,"column":72},"end":{"line":14,"column":73}},"loc":{"start":{"line":14,"column":84},"end":{"line":14,"column":135}},"line":14},"5":{"name":"(anonymous_5)","decl":{"start":{"line":16,"column":77},"end":{"line":16,"column":78}},"loc":{"start":{"line":16,"column":89},"end":{"line":16,"column":145}},"line":16},"6":{"name":"(anonymous_6)","decl":{"start":{"line":18,"column":70},"end":{"line":18,"column":71}},"loc":{"start":{"line":18,"column":82},"end":{"line":18,"column":131}},"line":18},"7":{"name":"(anonymous_7)","decl":{"start":{"line":20,"column":71},"end":{"line":20,"column":72}},"loc":{"start":{"line":20,"column":83},"end":{"line":20,"column":133}},"line":20},"8":{"name":"(anonymous_8)","decl":{"start":{"line":22,"column":69},"end":{"line":22,"column":70}},"loc":{"start":{"line":22,"column":81},"end":{"line":22,"column":129}},"line":22},"9":{"name":"(anonymous_9)","decl":{"start":{"line":24,"column":70},"end":{"line":24,"column":71}},"loc":{"start":{"line":24,"column":82},"end":{"line":24,"column":131}},"line":24},"10":{"name":"(anonymous_10)","decl":{"start":{"line":26,"column":70},"end":{"line":26,"column":71}},"loc":{"start":{"line":26,"column":82},"end":{"line":26,"column":131}},"line":26},"11":{"name":"(anonymous_11)","decl":{"start":{"line":28,"column":70},"end":{"line":28,"column":71}},"loc":{"start":{"line":28,"column":82},"end":{"line":28,"column":131}},"line":28},"12":{"name":"(anonymous_12)","decl":{"start":{"line":30,"column":70},"end":{"line":30,"column":71}},"loc":{"start":{"line":30,"column":82},"end":{"line":30,"column":131}},"line":30},"13":{"name":"(anonymous_13)","decl":{"start":{"line":32,"column":72},"end":{"line":32,"column":73}},"loc":{"start":{"line":32,"column":84},"end":{"line":32,"column":135}},"line":32},"14":{"name":"(anonymous_14)","decl":{"start":{"line":34,"column":75},"end":{"line":34,"column":76}},"loc":{"start":{"line":34,"column":87},"end":{"line":34,"column":141}},"line":34},"15":{"name":"(anonymous_15)","decl":{"start":{"line":36,"column":71},"end":{"line":36,"column":72}},"loc":{"start":{"line":36,"column":83},"end":{"line":36,"column":133}},"line":36},"16":{"name":"(anonymous_16)","decl":{"start":{"line":38,"column":70},"end":{"line":38,"column":71}},"loc":{"start":{"line":38,"column":82},"end":{"line":38,"column":131}},"line":38},"17":{"name":"(anonymous_17)","decl":{"start":{"line":40,"column":70},"end":{"line":40,"column":71}},"loc":{"start":{"line":40,"column":82},"end":{"line":40,"column":131}},"line":40},"18":{"name":"(anonymous_18)","decl":{"start":{"line":42,"column":70},"end":{"line":42,"column":71}},"loc":{"start":{"line":42,"column":82},"end":{"line":42,"column":131}},"line":42},"19":{"name":"(anonymous_19)","decl":{"start":{"line":44,"column":72},"end":{"line":44,"column":73}},"loc":{"start":{"line":44,"column":84},"end":{"line":44,"column":135}},"line":44},"20":{"name":"(anonymous_20)","decl":{"start":{"line":46,"column":71},"end":{"line":46,"column":72}},"loc":{"start":{"line":46,"column":83},"end":{"line":46,"column":133}},"line":46},"21":{"name":"(anonymous_21)","decl":{"start":{"line":48,"column":70},"end":{"line":48,"column":71}},"loc":{"start":{"line":48,"column":82},"end":{"line":48,"column":131}},"line":48},"22":{"name":"(anonymous_22)","decl":{"start":{"line":50,"column":72},"end":{"line":50,"column":73}},"loc":{"start":{"line":50,"column":84},"end":{"line":50,"column":135}},"line":50},"23":{"name":"(anonymous_23)","decl":{"start":{"line":52,"column":70},"end":{"line":52,"column":71}},"loc":{"start":{"line":52,"column":82},"end":{"line":52,"column":131}},"line":52}},"branchMap":{"0":{"loc":{"start":{"line":2,"column":22},"end":{"line":4,"column":1}},"type":"binary-expr","locations":[{"start":{"line":2,"column":23},"end":{"line":2,"column":27}},{"start":{"line":2,"column":31},"end":{"line":2,"column":51}},{"start":{"line":2,"column":56},"end":{"line":4,"column":1}}],"line":2},"1":{"loc":{"start":{"line":3,"column":11},"end":{"line":3,"column":61}},"type":"cond-expr","locations":[{"start":{"line":3,"column":37},"end":{"line":3,"column":40}},{"start":{"line":3,"column":43},"end":{"line":3,"column":61}}],"line":3},"2":{"loc":{"start":{"line":3,"column":12},"end":{"line":3,"column":33}},"type":"binary-expr","locations":[{"start":{"line":3,"column":12},"end":{"line":3,"column":15}},{"start":{"line":3,"column":19},"end":{"line":3,"column":33}}],"line":3}},"s":{"0":1,"1":23,"2":1,"3":1,"4":1,"5":1,"6":1,"7":1,"8":1,"9":1,"10":1,"11":1,"12":1,"13":1,"14":1,"15":1,"16":1,"17":1,"18":1,"19":1,"20":1,"21":1,"22":1,"23":1,"24":1,"25":1,"26":1,"27":1,"28":1,"29":1,"30":1,"31":1,"32":1,"33":1,"34":1,"35":1,"36":1,"37":1,"38":1,"39":1,"40":1,"41":1,"42":1,"43":1,"44":1,"45":1,"46":1,"47":1,"48":1,"49":1,"50":1,"51":1,"52":1,"53":1,"54":1,"55":1,"56":1,"57":1,"58":1,"59":1,"60":1,"61":1,"62":1,"63":1,"64":1,"65":1,"66":1,"67":1,"68":1,"69":1,"70":1,"71":1,"72":1},"f":{"0":23,"1":1,"2":1,"3":1,"4":1,"5":1,"6":1,"7":1,"8":1,"9":1,"10":1,"11":1,"12":1,"13":1,"14":1,"15":1,"16":1,"17":1,"18":1,"19":1,"20":1,"21":1,"22":1,"23":1},"b":{"0":[1,1,1],"1":[23,0],"2":[23,23]},"_coverageSchema":"1a1c01bbd47fc00a2c39e90264f33305004495a9","hash":"521eb9265a0f2c8e9213dc9269d2acbc01cc475d"}
,"/Users/dhu/Desktop/coding/react-spinners/src/helpers/animation.ts": {"path":"/Users/dhu/Desktop/coding/react-spinners/src/helpers/animation.ts","statementMap":{"0":{"start":{"line":2,"column":0},"end":{"line":2,"column":62}},"1":{"start":{"line":3,"column":0},"end":{"line":3,"column":33}},"2":{"start":{"line":4,"column":22},"end":{"line":17,"column":1}},"3":{"start":{"line":5,"column":24},"end":{"line":5,"column":80}},"4":{"start":{"line":6,"column":4},"end":{"line":8,"column":5}},"5":{"start":{"line":7,"column":8},"end":{"line":7,"column":29}},"6":{"start":{"line":9,"column":18},"end":{"line":9,"column":49}},"7":{"start":{"line":10,"column":4},"end":{"line":10,"column":39}},"8":{"start":{"line":11,"column":21},"end":{"line":11,"column":34}},"9":{"start":{"line":12,"column":20},"end":{"line":12,"column":105}},"10":{"start":{"line":13,"column":4},"end":{"line":15,"column":5}},"11":{"start":{"line":14,"column":8},"end":{"line":14,"column":44}},"12":{"start":{"line":16,"column":4},"end":{"line":16,"column":25}},"13":{"start":{"line":18,"column":0},"end":{"line":18,"column":42}}},"fnMap":{"0":{"name":"(anonymous_0)","decl":{"start":{"line":4,"column":22},"end":{"line":4,"column":23}},"loc":{"start":{"line":4,"column":60},"end":{"line":17,"column":1}},"line":4}},"branchMap":{"0":{"loc":{"start":{"line":6,"column":4},"end":{"line":8,"column":5}},"type":"if","locations":[{"start":{"line":6,"column":4},"end":{"line":8,"column":5}},{"start":{},"end":{}}],"line":6},"1":{"loc":{"start":{"line":6,"column":8},"end":{"line":6,"column":56}},"type":"binary-expr","locations":[{"start":{"line":6,"column":8},"end":{"line":6,"column":36}},{"start":{"line":6,"column":40},"end":{"line":6,"column":56}}],"line":6},"2":{"loc":{"start":{"line":13,"column":4},"end":{"line":15,"column":5}},"type":"if","locations":[{"start":{"line":13,"column":4},"end":{"line":15,"column":5}},{"start":{},"end":{}}],"line":13}},"s":{"0":3,"1":3,"2":3,"3":48,"4":48,"5":1,"6":47,"7":47,"8":47,"9":47,"10":47,"11":47,"12":47,"13":3},"f":{"0":48},"b":{"0":[1,47],"1":[48,47],"2":[47,0]},"_coverageSchema":"1a1c01bbd47fc00a2c39e90264f33305004495a9","hash":"560e6bea7494bf636563f2a3313291d68f1f8e74"}
,"/Users/dhu/Desktop/coding/react-spinners/src/helpers/colors.ts": {"path":"/Users/dhu/Desktop/coding/react-spinners/src/helpers/colors.ts","statementMap":{"0":{"start":{"line":2,"column":0},"end":{"line":2,"column":62}},"1":{"start":{"line":3,"column":0},"end":{"line":3,"column":31}},"2":{"start":{"line":5,"column":0},"end":{"line":23,"column":38}},"3":{"start":{"line":6,"column":4},"end":{"line":6,"column":38}},"4":{"start":{"line":7,"column":4},"end":{"line":7,"column":35}},"5":{"start":{"line":8,"column":4},"end":{"line":8,"column":38}},"6":{"start":{"line":9,"column":4},"end":{"line":9,"column":38}},"7":{"start":{"line":10,"column":4},"end":{"line":10,"column":37}},"8":{"start":{"line":11,"column":4},"end":{"line":11,"column":37}},"9":{"start":{"line":12,"column":4},"end":{"line":12,"column":38}},"10":{"start":{"line":13,"column":4},"end":{"line":13,"column":39}},"11":{"start":{"line":14,"column":4},"end":{"line":14,"column":36}},"12":{"start":{"line":15,"column":4},"end":{"line":15,"column":36}},"13":{"start":{"line":16,"column":4},"end":{"line":16,"column":36}},"14":{"start":{"line":17,"column":4},"end":{"line":17,"column":36}},"15":{"start":{"line":18,"column":4},"end":{"line":18,"column":36}},"16":{"start":{"line":19,"column":4},"end":{"line":19,"column":37}},"17":{"start":{"line":20,"column":4},"end":{"line":20,"column":36}},"18":{"start":{"line":21,"column":4},"end":{"line":21,"column":38}},"19":{"start":{"line":22,"column":4},"end":{"line":22,"column":37}},"20":{"start":{"line":24,"column":27},"end":{"line":41,"column":1}},"21":{"start":{"line":26,"column":4},"end":{"line":28,"column":5}},"22":{"start":{"line":27,"column":8},"end":{"line":27,"column":46}},"23":{"start":{"line":29,"column":20},"end":{"line":29,"column":95}},"24":{"start":{"line":30,"column":27},"end":{"line":30,"column":47}},"25":{"start":{"line":32,"column":4},"end":{"line":34,"column":5}},"26":{"start":{"line":33,"column":8},"end":{"line":33,"column":46}},"27":{"start":{"line":36,"column":4},"end":{"line":38,"column":5}},"28":{"start":{"line":37,"column":8},"end":{"line":37,"column":68}},"29":{"start":{"line":40,"column":4},"end":{"line":40,"column":65}},"30":{"start":{"line":42,"column":20},"end":{"line":62,"column":1}},"31":{"start":{"line":43,"column":4},"end":{"line":45,"column":5}},"32":{"start":{"line":44,"column":8},"end":{"line":44,"column":52}},"33":{"start":{"line":46,"column":4},"end":{"line":48,"column":5}},"34":{"start":{"line":47,"column":8},"end":{"line":47,"column":35}},"35":{"start":{"line":49,"column":4},"end":{"line":51,"column":5}},"36":{"start":{"line":50,"column":8},"end":{"line":50,"column":31}},"37":{"start":{"line":52,"column":4},"end":{"line":59,"column":5}},"38":{"start":{"line":53,"column":20},"end":{"line":53,"column":22}},"39":{"start":{"line":54,"column":8},"end":{"line":57,"column":11}},"40":{"start":{"line":55,"column":12},"end":{"line":55,"column":23}},"41":{"start":{"line":56,"column":12},"end":{"line":56,"column":23}},"42":{"start":{"line":58,"column":8},"end":{"line":58,"column":22}},"43":{"start":{"line":60,"column":20},"end":{"line":60,"column":109}},"44":{"start":{"line":60,"column":70},"end":{"line":60,"column":95}},"45":{"start":{"line":61,"column":4},"end":{"line":61,"column":64}},"46":{"start":{"line":63,"column":0},"end":{"line":63,"column":38}}},"fnMap":{"0":{"name":"(anonymous_0)","decl":{"start":{"line":5,"column":1},"end":{"line":5,"column":2}},"loc":{"start":{"line":5,"column":24},"end":{"line":23,"column":1}},"line":5},"1":{"name":"(anonymous_1)","decl":{"start":{"line":24,"column":27},"end":{"line":24,"column":28}},"loc":{"start":{"line":24,"column":53},"end":{"line":41,"column":1}},"line":24},"2":{"name":"(anonymous_2)","decl":{"start":{"line":42,"column":20},"end":{"line":42,"column":21}},"loc":{"start":{"line":42,"column":46},"end":{"line":62,"column":1}},"line":42},"3":{"name":"(anonymous_3)","decl":{"start":{"line":54,"column":32},"end":{"line":54,"column":33}},"loc":{"start":{"line":54,"column":45},"end":{"line":57,"column":9}},"line":54},"4":{"name":"(anonymous_4)","decl":{"start":{"line":60,"column":53},"end":{"line":60,"column":54}},"loc":{"start":{"line":60,"column":68},"end":{"line":60,"column":97}},"line":60}},"branchMap":{"0":{"loc":{"start":{"line":23,"column":3},"end":{"line":23,"column":36}},"type":"binary-expr","locations":[{"start":{"line":23,"column":3},"end":{"line":23,"column":14}},{"start":{"line":23,"column":19},"end":{"line":23,"column":35}}],"line":23},"1":{"loc":{"start":{"line":26,"column":4},"end":{"line":28,"column":5}},"type":"if","locations":[{"start":{"line":26,"column":4},"end":{"line":28,"column":5}},{"start":{},"end":{}}],"line":26},"2":{"loc":{"start":{"line":29,"column":36},"end":{"line":29,"column":69}},"type":"cond-expr","locations":[{"start":{"line":29,"column":64},"end":{"line":29,"column":65}},{"start":{"line":29,"column":68},"end":{"line":29,"column":69}}],"line":29},"3":{"loc":{"start":{"line":32,"column":4},"end":{"line":34,"column":5}},"type":"if","locations":[{"start":{"line":32,"column":4},"end":{"line":34,"column":5}},{"start":{},"end":{}}],"line":32},"4":{"loc":{"start":{"line":36,"column":4},"end":{"line":38,"column":5}},"type":"if","locations":[{"start":{"line":36,"column":4},"end":{"line":38,"column":5}},{"start":{},"end":{}}],"line":36},"5":{"loc":{"start":{"line":43,"column":4},"end":{"line":45,"column":5}},"type":"if","locations":[{"start":{"line":43,"column":4},"end":{"line":45,"column":5}},{"start":{},"end":{}}],"line":43},"6":{"loc":{"start":{"line":46,"column":4},"end":{"line":48,"column":5}},"type":"if","locations":[{"start":{"line":46,"column":4},"end":{"line":48,"column":5}},{"start":{},"end":{}}],"line":46},"7":{"loc":{"start":{"line":49,"column":4},"end":{"line":51,"column":5}},"type":"if","locations":[{"start":{"line":49,"column":4},"end":{"line":51,"column":5}},{"start":{},"end":{}}],"line":49},"8":{"loc":{"start":{"line":52,"column":4},"end":{"line":59,"column":5}},"type":"if","locations":[{"start":{"line":52,"column":4},"end":{"line":59,"column":5}},{"start":{},"end":{}}],"line":52},"9":{"loc":{"start":{"line":60,"column":21},"end":{"line":60,"column":47}},"type":"binary-expr","locations":[{"start":{"line":60,"column":21},"end":{"line":60,"column":41}},{"start":{"line":60,"column":45},"end":{"line":60,"column":47}}],"line":60}},"s":{"0":2,"1":2,"2":2,"3":2,"4":2,"5":2,"6":2,"7":2,"8":2,"9":2,"10":2,"11":2,"12":2,"13":2,"14":2,"15":2,"16":2,"17":2,"18":2,"19":2,"20":2,"21":8,"22":2,"23":6,"24":6,"25":6,"26":2,"27":4,"28":2,"29":2,"30":2,"31":35,"32":8,"33":27,"34":17,"35":27,"36":26,"37":27,"38":3,"39":3,"40":9,"41":9,"42":3,"43":27,"44":81,"45":27,"46":2},"f":{"0":2,"1":8,"2":35,"3":9,"4":81},"b":{"0":[2,2],"1":[2,6],"2":[3,3],"3":[2,4],"4":[2,2],"5":[8,27],"6":[17,10],"7":[26,1],"8":[3,24],"9":[27,0]},"_coverageSchema":"1a1c01bbd47fc00a2c39e90264f33305004495a9","hash":"5263d01bb84bab892e055b9c5952d3b1f7431fc8"}
,"/Users/dhu/Desktop/coding/react-spinners/src/helpers/unitConverter.ts": {"path":"/Users/dhu/Desktop/coding/react-spinners/src/helpers/unitConverter.ts","statementMap":{"0":{"start":{"line":2,"column":0},"end":{"line":2,"column":62}},"1":{"start":{"line":3,"column":0},"end":{"line":3,"column":48}},"2":{"start":{"line":4,"column":0},"end":{"line":4,"column":28}},"3":{"start":{"line":5,"column":14},"end":{"line":21,"column":1}},"4":{"start":{"line":32,"column":4},"end":{"line":37,"column":5}},"5":{"start":{"line":33,"column":8},"end":{"line":36,"column":10}},"6":{"start":{"line":39,"column":22},"end":{"line":39,"column":63}},"7":{"start":{"line":40,"column":4},"end":{"line":45,"column":5}},"8":{"start":{"line":41,"column":8},"end":{"line":41,"column":40}},"9":{"start":{"line":44,"column":8},"end":{"line":44,"column":42}},"10":{"start":{"line":46,"column":15},"end":{"line":46,"column":56}},"11":{"start":{"line":47,"column":4},"end":{"line":52,"column":5}},"12":{"start":{"line":48,"column":8},"end":{"line":51,"column":10}},"13":{"start":{"line":53,"column":4},"end":{"line":53,"column":116}},"14":{"start":{"line":54,"column":4},"end":{"line":57,"column":6}},"15":{"start":{"line":66,"column":25},"end":{"line":66,"column":50}},"16":{"start":{"line":67,"column":4},"end":{"line":67,"column":71}}},"fnMap":{"0":{"name":"parseLengthAndUnit","decl":{"start":{"line":31,"column":9},"end":{"line":31,"column":27}},"loc":{"start":{"line":31,"column":34},"end":{"line":58,"column":1}},"line":31},"1":{"name":"cssValue","decl":{"start":{"line":65,"column":9},"end":{"line":65,"column":17}},"loc":{"start":{"line":65,"column":25},"end":{"line":68,"column":1}},"line":65}},"branchMap":{"0":{"loc":{"start":{"line":32,"column":4},"end":{"line":37,"column":5}},"type":"if","locations":[{"start":{"line":32,"column":4},"end":{"line":37,"column":5}},{"start":{},"end":{}}],"line":32},"1":{"loc":{"start":{"line":39,"column":23},"end":{"line":39,"column":51}},"type":"binary-expr","locations":[{"start":{"line":39,"column":23},"end":{"line":39,"column":45}},{"start":{"line":39,"column":49},"end":{"line":39,"column":51}}],"line":39},"2":{"loc":{"start":{"line":40,"column":4},"end":{"line":45,"column":5}},"type":"if","locations":[{"start":{"line":40,"column":4},"end":{"line":45,"column":5}},{"start":{"line":43,"column":9},"end":{"line":45,"column":5}}],"line":40},"3":{"loc":{"start":{"line":46,"column":16},"end":{"line":46,"column":44}},"type":"binary-expr","locations":[{"start":{"line":46,"column":16},"end":{"line":46,"column":38}},{"start":{"line":46,"column":42},"end":{"line":46,"column":44}}],"line":46},"4":{"loc":{"start":{"line":47,"column":4},"end":{"line":52,"column":5}},"type":"if","locations":[{"start":{"line":47,"column":4},"end":{"line":52,"column":5}},{"start":{},"end":{}}],"line":47}},"s":{"0":2,"1":2,"2":2,"3":2,"4":456,"5":450,"6":6,"7":6,"8":1,"9":5,"10":6,"11":6,"12":4,"13":2,"14":2,"15":408,"16":408},"f":{"0":456,"1":408},"b":{"0":[450,6],"1":[6,0],"2":[1,5],"3":[6,0],"4":[4,2]},"_coverageSchema":"1a1c01bbd47fc00a2c39e90264f33305004495a9","hash":"560b7def960c24438d617b5c43ddbea28875636c"}
}
