TN:
SF:src/BarLoader.tsx
FN:2,(anonymous_0)
FN:3,(anonymous_1)
FN:13,(anonymous_2)
FN:17,(anonymous_3)
FN:20,(anonymous_4)
FN:24,(anonymous_5)
FN:26,(anonymous_6)
FN:29,(anonymous_7)
FN:36,(anonymous_8)
FN:54,BarLoader
FN:57,(anonymous_10)
FNF:11
FNH:8
FNDA:1,(anonymous_0)
FNDA:0,(anonymous_1)
FNDA:36,(anonymous_2)
FNDA:6,(anonymous_3)
FNDA:0,(anonymous_4)
FNDA:1,(anonymous_5)
FNDA:0,(anonymous_6)
FNDA:1,(anonymous_7)
FNDA:3,(anonymous_8)
FNDA:3,BarLoader
FNDA:4,(anonymous_10)
DA:2,1
DA:3,1
DA:4,0
DA:5,0
DA:6,0
DA:7,0
DA:9,0
DA:11,1
DA:13,1
DA:14,36
DA:15,36
DA:16,36
DA:17,36
DA:19,36
DA:21,0
DA:22,0
DA:24,1
DA:25,1
DA:27,0
DA:29,1
DA:30,1
DA:31,1
DA:32,36
DA:33,1
DA:34,1
DA:36,1
DA:37,3
DA:38,3
DA:39,1
DA:40,3
DA:41,3
DA:42,0
DA:43,0
DA:45,3
DA:47,1
DA:48,1
DA:49,1
DA:50,1
DA:51,1
DA:52,1
DA:53,1
DA:55,3
DA:56,3
DA:57,3
DA:58,4
DA:71,3
DA:72,1
DA:74,2
DA:78,1
LF:49
LH:39
BRDA:2,0,0,1
BRDA:2,0,1,1
BRDA:2,0,2,1
BRDA:3,1,0,1
BRDA:3,1,1,0
BRDA:6,2,0,0
BRDA:6,2,1,0
BRDA:13,3,0,1
BRDA:13,3,1,1
BRDA:13,3,2,1
BRDA:13,4,0,1
BRDA:13,4,1,0
BRDA:14,5,0,36
BRDA:14,5,1,0
BRDA:16,6,0,36
BRDA:16,6,1,0
BRDA:16,7,0,36
BRDA:16,7,1,36
BRDA:16,8,0,0
BRDA:16,8,1,36
BRDA:16,9,0,36
BRDA:16,9,1,0
BRDA:21,10,0,0
BRDA:21,10,1,0
BRDA:24,11,0,1
BRDA:24,11,1,1
BRDA:24,11,2,1
BRDA:24,12,0,1
BRDA:24,12,1,0
BRDA:29,13,0,1
BRDA:29,13,1,1
BRDA:29,13,2,1
BRDA:30,14,0,0
BRDA:30,14,1,1
BRDA:30,15,0,1
BRDA:30,15,1,1
BRDA:32,16,0,1
BRDA:32,16,1,0
BRDA:32,17,0,36
BRDA:32,17,1,0
BRDA:32,18,0,36
BRDA:32,18,1,36
BRDA:36,19,0,1
BRDA:36,19,1,1
BRDA:36,19,2,1
BRDA:38,20,0,1
BRDA:38,20,1,2
BRDA:38,21,0,3
BRDA:38,21,1,3
BRDA:40,22,0,3
BRDA:40,22,1,0
BRDA:40,23,0,3
BRDA:40,23,1,3
BRDA:42,24,0,0
BRDA:42,24,1,0
BRDA:42,25,0,0
BRDA:42,25,1,0
BRDA:55,26,0,2
BRDA:55,26,1,1
BRDA:55,27,0,3
BRDA:55,27,1,0
BRDA:55,28,0,3
BRDA:55,28,1,0
BRDA:55,29,0,2
BRDA:55,29,1,1
BRDA:55,30,0,3
BRDA:55,30,1,0
BRDA:55,31,0,3
BRDA:55,31,1,0
BRDA:68,32,0,2
BRDA:68,32,1,2
BRDA:68,33,0,2
BRDA:68,33,1,2
BRDA:68,34,0,2
BRDA:68,34,1,2
BRDA:71,35,0,1
BRDA:71,35,1,2
BRF:77
BRH:54
end_of_record
TN:
SF:src/BeatLoader.tsx
FN:2,(anonymous_0)
FN:3,(anonymous_1)
FN:13,(anonymous_2)
FN:17,(anonymous_3)
FN:20,(anonymous_4)
FN:24,(anonymous_5)
FN:26,(anonymous_6)
FN:29,(anonymous_7)
FN:36,(anonymous_8)
FN:52,BeatLoader
FN:55,(anonymous_10)
FNF:11
FNH:8
FNDA:1,(anonymous_0)
FNDA:0,(anonymous_1)
FNDA:36,(anonymous_2)
FNDA:8,(anonymous_3)
FNDA:0,(anonymous_4)
FNDA:1,(anonymous_5)
FNDA:0,(anonymous_6)
FNDA:1,(anonymous_7)
FNDA:3,(anonymous_8)
FNDA:3,BeatLoader
FNDA:6,(anonymous_10)
DA:2,1
DA:3,1
DA:4,0
DA:5,0
DA:6,0
DA:7,0
DA:9,0
DA:11,1
DA:13,1
DA:14,36
DA:15,36
DA:16,36
DA:17,36
DA:19,36
DA:21,0
DA:22,0
DA:24,1
DA:25,1
DA:27,0
DA:29,1
DA:30,1
DA:31,1
DA:32,36
DA:33,1
DA:34,1
DA:36,1
DA:37,3
DA:38,3
DA:39,1
DA:40,3
DA:41,3
DA:42,0
DA:43,0
DA:45,3
DA:47,1
DA:48,1
DA:49,1
DA:50,1
DA:51,1
DA:53,3
DA:54,3
DA:55,3
DA:56,6
DA:67,3
DA:68,1
DA:70,2
DA:75,1
LF:47
LH:37
BRDA:2,0,0,1
BRDA:2,0,1,1
BRDA:2,0,2,1
BRDA:3,1,0,1
BRDA:3,1,1,0
BRDA:6,2,0,0
BRDA:6,2,1,0
BRDA:13,3,0,1
BRDA:13,3,1,1
BRDA:13,3,2,1
BRDA:13,4,0,1
BRDA:13,4,1,0
BRDA:14,5,0,36
BRDA:14,5,1,0
BRDA:16,6,0,36
BRDA:16,6,1,0
BRDA:16,7,0,36
BRDA:16,7,1,36
BRDA:16,8,0,0
BRDA:16,8,1,36
BRDA:16,9,0,36
BRDA:16,9,1,0
BRDA:21,10,0,0
BRDA:21,10,1,0
BRDA:24,11,0,1
BRDA:24,11,1,1
BRDA:24,11,2,1
BRDA:24,12,0,1
BRDA:24,12,1,0
BRDA:29,13,0,1
BRDA:29,13,1,1
BRDA:29,13,2,1
BRDA:30,14,0,0
BRDA:30,14,1,1
BRDA:30,15,0,1
BRDA:30,15,1,1
BRDA:32,16,0,1
BRDA:32,16,1,0
BRDA:32,17,0,36
BRDA:32,17,1,0
BRDA:32,18,0,36
BRDA:32,18,1,36
BRDA:36,19,0,1
BRDA:36,19,1,1
BRDA:36,19,2,1
BRDA:38,20,0,1
BRDA:38,20,1,2
BRDA:38,21,0,3
BRDA:38,21,1,3
BRDA:40,22,0,3
BRDA:40,22,1,0
BRDA:40,23,0,3
BRDA:40,23,1,3
BRDA:42,24,0,0
BRDA:42,24,1,0
BRDA:42,25,0,0
BRDA:42,25,1,0
BRDA:53,26,0,2
BRDA:53,26,1,1
BRDA:53,27,0,3
BRDA:53,27,1,0
BRDA:53,28,0,3
BRDA:53,28,1,0
BRDA:53,29,0,2
BRDA:53,29,1,1
BRDA:53,30,0,3
BRDA:53,30,1,0
BRDA:53,31,0,3
BRDA:53,31,1,0
BRDA:63,32,0,4
BRDA:63,32,1,2
BRDA:67,33,0,1
BRDA:67,33,1,2
BRF:73
BRH:50
end_of_record
TN:
SF:src/BounceLoader.tsx
FN:2,(anonymous_0)
FN:3,(anonymous_1)
FN:13,(anonymous_2)
FN:17,(anonymous_3)
FN:20,(anonymous_4)
FN:24,(anonymous_5)
FN:26,(anonymous_6)
FN:29,(anonymous_7)
FN:36,(anonymous_8)
FN:52,BounceLoader
FN:54,(anonymous_10)
FNF:11
FNH:8
FNDA:1,(anonymous_0)
FNDA:0,(anonymous_1)
FNDA:36,(anonymous_2)
FNDA:6,(anonymous_3)
FNDA:0,(anonymous_4)
FNDA:1,(anonymous_5)
FNDA:0,(anonymous_6)
FNDA:1,(anonymous_7)
FNDA:3,(anonymous_8)
FNDA:3,BounceLoader
FNDA:4,(anonymous_10)
DA:2,1
DA:3,1
DA:4,0
DA:5,0
DA:6,0
DA:7,0
DA:9,0
DA:11,1
DA:13,1
DA:14,36
DA:15,36
DA:16,36
DA:17,36
DA:19,36
DA:21,0
DA:22,0
DA:24,1
DA:25,1
DA:27,0
DA:29,1
DA:30,1
DA:31,1
DA:32,36
DA:33,1
DA:34,1
DA:36,1
DA:37,3
DA:38,3
DA:39,1
DA:40,3
DA:41,3
DA:42,0
DA:43,0
DA:45,3
DA:47,1
DA:48,1
DA:49,1
DA:50,1
DA:51,1
DA:53,3
DA:54,3
DA:55,4
DA:56,4
DA:69,3
DA:70,3
DA:71,1
DA:73,2
DA:77,1
LF:48
LH:38
BRDA:2,0,0,1
BRDA:2,0,1,1
BRDA:2,0,2,1
BRDA:3,1,0,1
BRDA:3,1,1,0
BRDA:6,2,0,0
BRDA:6,2,1,0
BRDA:13,3,0,1
BRDA:13,3,1,1
BRDA:13,3,2,1
BRDA:13,4,0,1
BRDA:13,4,1,0
BRDA:14,5,0,36
BRDA:14,5,1,0
BRDA:16,6,0,36
BRDA:16,6,1,0
BRDA:16,7,0,36
BRDA:16,7,1,36
BRDA:16,8,0,0
BRDA:16,8,1,36
BRDA:16,9,0,36
BRDA:16,9,1,0
BRDA:21,10,0,0
BRDA:21,10,1,0
BRDA:24,11,0,1
BRDA:24,11,1,1
BRDA:24,11,2,1
BRDA:24,12,0,1
BRDA:24,12,1,0
BRDA:29,13,0,1
BRDA:29,13,1,1
BRDA:29,13,2,1
BRDA:30,14,0,0
BRDA:30,14,1,1
BRDA:30,15,0,1
BRDA:30,15,1,1
BRDA:32,16,0,1
BRDA:32,16,1,0
BRDA:32,17,0,36
BRDA:32,17,1,0
BRDA:32,18,0,36
BRDA:32,18,1,36
BRDA:36,19,0,1
BRDA:36,19,1,1
BRDA:36,19,2,1
BRDA:38,20,0,1
BRDA:38,20,1,2
BRDA:38,21,0,3
BRDA:38,21,1,3
BRDA:40,22,0,3
BRDA:40,22,1,0
BRDA:40,23,0,3
BRDA:40,23,1,3
BRDA:42,24,0,0
BRDA:42,24,1,0
BRDA:42,25,0,0
BRDA:42,25,1,0
BRDA:53,26,0,2
BRDA:53,26,1,1
BRDA:53,27,0,3
BRDA:53,27,1,0
BRDA:53,28,0,3
BRDA:53,28,1,0
BRDA:53,29,0,2
BRDA:53,29,1,1
BRDA:53,30,0,3
BRDA:53,30,1,0
BRDA:55,31,0,2
BRDA:55,31,1,2
BRDA:70,32,0,1
BRDA:70,32,1,2
BRF:71
BRH:49
end_of_record
TN:
SF:src/CircleLoader.tsx
FN:2,(anonymous_0)
FN:3,(anonymous_1)
FN:13,(anonymous_2)
FN:17,(anonymous_3)
FN:20,(anonymous_4)
FN:24,(anonymous_5)
FN:26,(anonymous_6)
FN:29,(anonymous_7)
FN:36,(anonymous_8)
FN:52,CircleLoader
FN:55,(anonymous_10)
FNF:11
FNH:8
FNDA:1,(anonymous_0)
FNDA:0,(anonymous_1)
FNDA:36,(anonymous_2)
FNDA:12,(anonymous_3)
FNDA:0,(anonymous_4)
FNDA:1,(anonymous_5)
FNDA:0,(anonymous_6)
FNDA:1,(anonymous_7)
FNDA:3,(anonymous_8)
FNDA:3,CircleLoader
FNDA:10,(anonymous_10)
DA:2,1
DA:3,1
DA:4,0
DA:5,0
DA:6,0
DA:7,0
DA:9,0
DA:11,1
DA:13,1
DA:14,36
DA:15,36
DA:16,36
DA:17,36
DA:19,36
DA:21,0
DA:22,0
DA:24,1
DA:25,1
DA:27,0
DA:29,1
DA:30,1
DA:31,1
DA:32,36
DA:33,1
DA:34,1
DA:36,1
DA:37,3
DA:38,3
DA:39,1
DA:40,3
DA:41,3
DA:42,0
DA:43,0
DA:45,3
DA:47,1
DA:48,1
DA:49,1
DA:50,1
DA:51,1
DA:53,3
DA:54,3
DA:55,3
DA:56,10
DA:57,10
DA:72,3
DA:73,1
DA:75,2
DA:82,1
LF:48
LH:38
BRDA:2,0,0,1
BRDA:2,0,1,1
BRDA:2,0,2,1
BRDA:3,1,0,1
BRDA:3,1,1,0
BRDA:6,2,0,0
BRDA:6,2,1,0
BRDA:13,3,0,1
BRDA:13,3,1,1
BRDA:13,3,2,1
BRDA:13,4,0,1
BRDA:13,4,1,0
BRDA:14,5,0,36
BRDA:14,5,1,0
BRDA:16,6,0,36
BRDA:16,6,1,0
BRDA:16,7,0,36
BRDA:16,7,1,36
BRDA:16,8,0,0
BRDA:16,8,1,36
BRDA:16,9,0,36
BRDA:16,9,1,0
BRDA:21,10,0,0
BRDA:21,10,1,0
BRDA:24,11,0,1
BRDA:24,11,1,1
BRDA:24,11,2,1
BRDA:24,12,0,1
BRDA:24,12,1,0
BRDA:29,13,0,1
BRDA:29,13,1,1
BRDA:29,13,2,1
BRDA:30,14,0,0
BRDA:30,14,1,1
BRDA:30,15,0,1
BRDA:30,15,1,1
BRDA:32,16,0,1
BRDA:32,16,1,0
BRDA:32,17,0,36
BRDA:32,17,1,0
BRDA:32,18,0,36
BRDA:32,18,1,36
BRDA:36,19,0,1
BRDA:36,19,1,1
BRDA:36,19,2,1
BRDA:38,20,0,1
BRDA:38,20,1,2
BRDA:38,21,0,3
BRDA:38,21,1,3
BRDA:40,22,0,3
BRDA:40,22,1,0
BRDA:40,23,0,3
BRDA:40,23,1,3
BRDA:42,24,0,0
BRDA:42,24,1,0
BRDA:42,25,0,0
BRDA:42,25,1,0
BRDA:53,26,0,2
BRDA:53,26,1,1
BRDA:53,27,0,3
BRDA:53,27,1,0
BRDA:53,28,0,3
BRDA:53,28,1,0
BRDA:53,29,0,2
BRDA:53,29,1,1
BRDA:53,30,0,3
BRDA:53,30,1,0
BRDA:72,31,0,1
BRDA:72,31,1,2
BRF:69
BRH:47
end_of_record
TN:
SF:src/ClimbingBoxLoader.tsx
FN:2,(anonymous_0)
FN:3,(anonymous_1)
FN:13,(anonymous_2)
FN:17,(anonymous_3)
FN:20,(anonymous_4)
FN:24,(anonymous_5)
FN:26,(anonymous_6)
FN:29,(anonymous_7)
FN:36,(anonymous_8)
FN:52,ClimbingBoxLoader
FNF:10
FNH:7
FNDA:1,(anonymous_0)
FNDA:0,(anonymous_1)
FNDA:36,(anonymous_2)
FNDA:8,(anonymous_3)
FNDA:0,(anonymous_4)
FNDA:1,(anonymous_5)
FNDA:0,(anonymous_6)
FNDA:1,(anonymous_7)
FNDA:3,(anonymous_8)
FNDA:3,ClimbingBoxLoader
DA:2,1
DA:3,1
DA:4,0
DA:5,0
DA:6,0
DA:7,0
DA:9,0
DA:11,1
DA:13,1
DA:14,36
DA:15,36
DA:16,36
DA:17,36
DA:19,36
DA:21,0
DA:22,0
DA:24,1
DA:25,1
DA:27,0
DA:29,1
DA:30,1
DA:31,1
DA:32,36
DA:33,1
DA:34,1
DA:36,1
DA:37,3
DA:38,3
DA:39,1
DA:40,3
DA:41,3
DA:42,0
DA:43,0
DA:45,3
DA:47,1
DA:48,1
DA:49,1
DA:50,1
DA:51,1
DA:53,3
DA:54,3
DA:55,3
DA:65,3
DA:78,3
DA:87,3
DA:88,1
DA:90,2
DA:95,1
LF:48
LH:38
BRDA:2,0,0,1
BRDA:2,0,1,1
BRDA:2,0,2,1
BRDA:3,1,0,1
BRDA:3,1,1,0
BRDA:6,2,0,0
BRDA:6,2,1,0
BRDA:13,3,0,1
BRDA:13,3,1,1
BRDA:13,3,2,1
BRDA:13,4,0,1
BRDA:13,4,1,0
BRDA:14,5,0,36
BRDA:14,5,1,0
BRDA:16,6,0,36
BRDA:16,6,1,0
BRDA:16,7,0,36
BRDA:16,7,1,36
BRDA:16,8,0,0
BRDA:16,8,1,36
BRDA:16,9,0,36
BRDA:16,9,1,0
BRDA:21,10,0,0
BRDA:21,10,1,0
BRDA:24,11,0,1
BRDA:24,11,1,1
BRDA:24,11,2,1
BRDA:24,12,0,1
BRDA:24,12,1,0
BRDA:29,13,0,1
BRDA:29,13,1,1
BRDA:29,13,2,1
BRDA:30,14,0,0
BRDA:30,14,1,1
BRDA:30,15,0,1
BRDA:30,15,1,1
BRDA:32,16,0,1
BRDA:32,16,1,0
BRDA:32,17,0,36
BRDA:32,17,1,0
BRDA:32,18,0,36
BRDA:32,18,1,36
BRDA:36,19,0,1
BRDA:36,19,1,1
BRDA:36,19,2,1
BRDA:38,20,0,1
BRDA:38,20,1,2
BRDA:38,21,0,3
BRDA:38,21,1,3
BRDA:40,22,0,3
BRDA:40,22,1,0
BRDA:40,23,0,3
BRDA:40,23,1,3
BRDA:42,24,0,0
BRDA:42,24,1,0
BRDA:42,25,0,0
BRDA:42,25,1,0
BRDA:53,26,0,2
BRDA:53,26,1,1
BRDA:53,27,0,3
BRDA:53,27,1,0
BRDA:53,28,0,3
BRDA:53,28,1,0
BRDA:53,29,0,2
BRDA:53,29,1,1
BRDA:53,30,0,3
BRDA:53,30,1,0
BRDA:87,31,0,1
BRDA:87,31,1,2
BRF:69
BRH:47
end_of_record
TN:
SF:src/ClipLoader.tsx
FN:2,(anonymous_0)
FN:3,(anonymous_1)
FN:13,(anonymous_2)
FN:17,(anonymous_3)
FN:20,(anonymous_4)
FN:24,(anonymous_5)
FN:26,(anonymous_6)
FN:29,(anonymous_7)
FN:36,(anonymous_8)
FN:52,ClipLoader
FNF:10
FNH:7
FNDA:1,(anonymous_0)
FNDA:0,(anonymous_1)
FNDA:36,(anonymous_2)
FNDA:2,(anonymous_3)
FNDA:0,(anonymous_4)
FNDA:1,(anonymous_5)
FNDA:0,(anonymous_6)
FNDA:1,(anonymous_7)
FNDA:3,(anonymous_8)
FNDA:3,ClipLoader
DA:2,1
DA:3,1
DA:4,0
DA:5,0
DA:6,0
DA:7,0
DA:9,0
DA:11,1
DA:13,1
DA:14,36
DA:15,36
DA:16,36
DA:17,36
DA:19,36
DA:21,0
DA:22,0
DA:24,1
DA:25,1
DA:27,0
DA:29,1
DA:30,1
DA:31,1
DA:32,36
DA:33,1
DA:34,1
DA:36,1
DA:37,3
DA:38,3
DA:39,1
DA:40,3
DA:41,3
DA:42,0
DA:43,0
DA:45,3
DA:47,1
DA:48,1
DA:49,1
DA:50,1
DA:51,1
DA:53,3
DA:54,3
DA:55,3
DA:56,1
DA:58,2
DA:60,1
LF:45
LH:35
BRDA:2,0,0,1
BRDA:2,0,1,1
BRDA:2,0,2,1
BRDA:3,1,0,1
BRDA:3,1,1,0
BRDA:6,2,0,0
BRDA:6,2,1,0
BRDA:13,3,0,1
BRDA:13,3,1,1
BRDA:13,3,2,1
BRDA:13,4,0,1
BRDA:13,4,1,0
BRDA:14,5,0,36
BRDA:14,5,1,0
BRDA:16,6,0,36
BRDA:16,6,1,0
BRDA:16,7,0,36
BRDA:16,7,1,36
BRDA:16,8,0,0
BRDA:16,8,1,36
BRDA:16,9,0,36
BRDA:16,9,1,0
BRDA:21,10,0,0
BRDA:21,10,1,0
BRDA:24,11,0,1
BRDA:24,11,1,1
BRDA:24,11,2,1
BRDA:24,12,0,1
BRDA:24,12,1,0
BRDA:29,13,0,1
BRDA:29,13,1,1
BRDA:29,13,2,1
BRDA:30,14,0,0
BRDA:30,14,1,1
BRDA:30,15,0,1
BRDA:30,15,1,1
BRDA:32,16,0,1
BRDA:32,16,1,0
BRDA:32,17,0,36
BRDA:32,17,1,0
BRDA:32,18,0,36
BRDA:32,18,1,36
BRDA:36,19,0,1
BRDA:36,19,1,1
BRDA:36,19,2,1
BRDA:38,20,0,1
BRDA:38,20,1,2
BRDA:38,21,0,3
BRDA:38,21,1,3
BRDA:40,22,0,3
BRDA:40,22,1,0
BRDA:40,23,0,3
BRDA:40,23,1,3
BRDA:42,24,0,0
BRDA:42,24,1,0
BRDA:42,25,0,0
BRDA:42,25,1,0
BRDA:53,26,0,2
BRDA:53,26,1,1
BRDA:53,27,0,3
BRDA:53,27,1,0
BRDA:53,28,0,3
BRDA:53,28,1,0
BRDA:53,29,0,2
BRDA:53,29,1,1
BRDA:53,30,0,3
BRDA:53,30,1,0
BRDA:55,31,0,1
BRDA:55,31,1,2
BRF:69
BRH:47
end_of_record
TN:
SF:src/ClockLoader.tsx
FN:2,(anonymous_0)
FN:3,(anonymous_1)
FN:13,(anonymous_2)
FN:17,(anonymous_3)
FN:20,(anonymous_4)
FN:24,(anonymous_5)
FN:26,(anonymous_6)
FN:29,(anonymous_7)
FN:36,(anonymous_8)
FN:52,ClockLoader
FNF:10
FNH:7
FNDA:1,(anonymous_0)
FNDA:0,(anonymous_1)
FNDA:36,(anonymous_2)
FNDA:6,(anonymous_3)
FNDA:0,(anonymous_4)
FNDA:1,(anonymous_5)
FNDA:0,(anonymous_6)
FNDA:1,(anonymous_7)
FNDA:3,(anonymous_8)
FNDA:3,ClockLoader
DA:2,1
DA:3,1
DA:4,0
DA:5,0
DA:6,0
DA:7,0
DA:9,0
DA:11,1
DA:13,1
DA:14,36
DA:15,36
DA:16,36
DA:17,36
DA:19,36
DA:21,0
DA:22,0
DA:24,1
DA:25,1
DA:27,0
DA:29,1
DA:30,1
DA:31,1
DA:32,36
DA:33,1
DA:34,1
DA:36,1
DA:37,3
DA:38,3
DA:39,1
DA:40,3
DA:41,3
DA:42,0
DA:43,0
DA:45,3
DA:47,1
DA:48,1
DA:49,1
DA:50,1
DA:51,1
DA:53,3
DA:54,3
DA:55,3
DA:56,3
DA:66,3
DA:76,3
DA:77,1
DA:79,2
DA:83,1
LF:48
LH:38
BRDA:2,0,0,1
BRDA:2,0,1,1
BRDA:2,0,2,1
BRDA:3,1,0,1
BRDA:3,1,1,0
BRDA:6,2,0,0
BRDA:6,2,1,0
BRDA:13,3,0,1
BRDA:13,3,1,1
BRDA:13,3,2,1
BRDA:13,4,0,1
BRDA:13,4,1,0
BRDA:14,5,0,36
BRDA:14,5,1,0
BRDA:16,6,0,36
BRDA:16,6,1,0
BRDA:16,7,0,36
BRDA:16,7,1,36
BRDA:16,8,0,0
BRDA:16,8,1,36
BRDA:16,9,0,36
BRDA:16,9,1,0
BRDA:21,10,0,0
BRDA:21,10,1,0
BRDA:24,11,0,1
BRDA:24,11,1,1
BRDA:24,11,2,1
BRDA:24,12,0,1
BRDA:24,12,1,0
BRDA:29,13,0,1
BRDA:29,13,1,1
BRDA:29,13,2,1
BRDA:30,14,0,0
BRDA:30,14,1,1
BRDA:30,15,0,1
BRDA:30,15,1,1
BRDA:32,16,0,1
BRDA:32,16,1,0
BRDA:32,17,0,36
BRDA:32,17,1,0
BRDA:32,18,0,36
BRDA:32,18,1,36
BRDA:36,19,0,1
BRDA:36,19,1,1
BRDA:36,19,2,1
BRDA:38,20,0,1
BRDA:38,20,1,2
BRDA:38,21,0,3
BRDA:38,21,1,3
BRDA:40,22,0,3
BRDA:40,22,1,0
BRDA:40,23,0,3
BRDA:40,23,1,3
BRDA:42,24,0,0
BRDA:42,24,1,0
BRDA:42,25,0,0
BRDA:42,25,1,0
BRDA:53,26,0,2
BRDA:53,26,1,1
BRDA:53,27,0,3
BRDA:53,27,1,0
BRDA:53,28,0,3
BRDA:53,28,1,0
BRDA:53,29,0,2
BRDA:53,29,1,1
BRDA:53,30,0,3
BRDA:53,30,1,0
BRDA:76,31,0,1
BRDA:76,31,1,2
BRF:69
BRH:47
end_of_record
TN:
SF:src/DotLoader.tsx
FN:2,(anonymous_0)
FN:3,(anonymous_1)
FN:13,(anonymous_2)
FN:17,(anonymous_3)
FN:20,(anonymous_4)
FN:24,(anonymous_5)
FN:26,(anonymous_6)
FN:29,(anonymous_7)
FN:36,(anonymous_8)
FN:53,DotLoader
FN:56,(anonymous_10)
FNF:11
FNH:8
FNDA:1,(anonymous_0)
FNDA:0,(anonymous_1)
FNDA:36,(anonymous_2)
FNDA:6,(anonymous_3)
FNDA:0,(anonymous_4)
FNDA:1,(anonymous_5)
FNDA:0,(anonymous_6)
FNDA:1,(anonymous_7)
FNDA:3,(anonymous_8)
FNDA:3,DotLoader
FNDA:4,(anonymous_10)
DA:2,1
DA:3,1
DA:4,0
DA:5,0
DA:6,0
DA:7,0
DA:9,0
DA:11,1
DA:13,1
DA:14,36
DA:15,36
DA:16,36
DA:17,36
DA:19,36
DA:21,0
DA:22,0
DA:24,1
DA:25,1
DA:27,0
DA:29,1
DA:30,1
DA:31,1
DA:32,36
DA:33,1
DA:34,1
DA:36,1
DA:37,3
DA:38,3
DA:39,1
DA:40,3
DA:41,3
DA:42,0
DA:43,0
DA:45,3
DA:47,1
DA:48,1
DA:49,1
DA:50,1
DA:51,1
DA:52,1
DA:54,3
DA:55,3
DA:56,3
DA:57,4
DA:58,4
DA:70,3
DA:71,1
DA:73,2
DA:77,1
LF:49
LH:39
BRDA:2,0,0,1
BRDA:2,0,1,1
BRDA:2,0,2,1
BRDA:3,1,0,1
BRDA:3,1,1,0
BRDA:6,2,0,0
BRDA:6,2,1,0
BRDA:13,3,0,1
BRDA:13,3,1,1
BRDA:13,3,2,1
BRDA:13,4,0,1
BRDA:13,4,1,0
BRDA:14,5,0,36
BRDA:14,5,1,0
BRDA:16,6,0,36
BRDA:16,6,1,0
BRDA:16,7,0,36
BRDA:16,7,1,36
BRDA:16,8,0,0
BRDA:16,8,1,36
BRDA:16,9,0,36
BRDA:16,9,1,0
BRDA:21,10,0,0
BRDA:21,10,1,0
BRDA:24,11,0,1
BRDA:24,11,1,1
BRDA:24,11,2,1
BRDA:24,12,0,1
BRDA:24,12,1,0
BRDA:29,13,0,1
BRDA:29,13,1,1
BRDA:29,13,2,1
BRDA:30,14,0,0
BRDA:30,14,1,1
BRDA:30,15,0,1
BRDA:30,15,1,1
BRDA:32,16,0,1
BRDA:32,16,1,0
BRDA:32,17,0,36
BRDA:32,17,1,0
BRDA:32,18,0,36
BRDA:32,18,1,36
BRDA:36,19,0,1
BRDA:36,19,1,1
BRDA:36,19,2,1
BRDA:38,20,0,1
BRDA:38,20,1,2
BRDA:38,21,0,3
BRDA:38,21,1,3
BRDA:40,22,0,3
BRDA:40,22,1,0
BRDA:40,23,0,3
BRDA:40,23,1,3
BRDA:42,24,0,0
BRDA:42,24,1,0
BRDA:42,25,0,0
BRDA:42,25,1,0
BRDA:54,26,0,2
BRDA:54,26,1,1
BRDA:54,27,0,3
BRDA:54,27,1,0
BRDA:54,28,0,3
BRDA:54,28,1,0
BRDA:54,29,0,2
BRDA:54,29,1,1
BRDA:54,30,0,3
BRDA:54,30,1,0
BRDA:60,31,0,2
BRDA:60,31,1,2
BRDA:61,32,0,2
BRDA:61,32,1,2
BRDA:67,33,0,2
BRDA:67,33,1,2
BRDA:70,34,0,1
BRDA:70,34,1,2
BRF:75
BRH:53
end_of_record
TN:
SF:src/FadeLoader.tsx
FN:2,(anonymous_0)
FN:3,(anonymous_1)
FN:13,(anonymous_2)
FN:17,(anonymous_3)
FN:20,(anonymous_4)
FN:24,(anonymous_5)
FN:26,(anonymous_6)
FN:29,(anonymous_7)
FN:36,(anonymous_8)
FN:52,FadeLoader
FN:58,(anonymous_10)
FNF:11
FNH:8
FNDA:1,(anonymous_0)
FNDA:0,(anonymous_1)
FNDA:36,(anonymous_2)
FNDA:18,(anonymous_3)
FNDA:0,(anonymous_4)
FNDA:1,(anonymous_5)
FNDA:0,(anonymous_6)
FNDA:1,(anonymous_7)
FNDA:3,(anonymous_8)
FNDA:3,FadeLoader
FNDA:24,(anonymous_10)
DA:2,1
DA:3,1
DA:4,0
DA:5,0
DA:6,0
DA:7,0
DA:9,0
DA:11,1
DA:13,1
DA:14,36
DA:15,36
DA:16,36
DA:17,36
DA:19,36
DA:21,0
DA:22,0
DA:24,1
DA:25,1
DA:27,0
DA:29,1
DA:30,1
DA:31,1
DA:32,36
DA:33,1
DA:34,1
DA:36,1
DA:37,3
DA:38,3
DA:39,1
DA:40,3
DA:41,3
DA:42,0
DA:43,0
DA:45,3
DA:47,1
DA:48,1
DA:49,1
DA:50,1
DA:51,1
DA:53,3
DA:54,3
DA:55,3
DA:56,3
DA:57,3
DA:58,3
DA:59,24
DA:71,3
DA:72,3
DA:73,3
DA:74,3
DA:75,3
DA:76,3
DA:77,3
DA:78,3
DA:79,3
DA:80,1
DA:82,2
DA:92,1
LF:58
LH:48
BRDA:2,0,0,1
BRDA:2,0,1,1
BRDA:2,0,2,1
BRDA:3,1,0,1
BRDA:3,1,1,0
BRDA:6,2,0,0
BRDA:6,2,1,0
BRDA:13,3,0,1
BRDA:13,3,1,1
BRDA:13,3,2,1
BRDA:13,4,0,1
BRDA:13,4,1,0
BRDA:14,5,0,36
BRDA:14,5,1,0
BRDA:16,6,0,36
BRDA:16,6,1,0
BRDA:16,7,0,36
BRDA:16,7,1,36
BRDA:16,8,0,0
BRDA:16,8,1,36
BRDA:16,9,0,36
BRDA:16,9,1,0
BRDA:21,10,0,0
BRDA:21,10,1,0
BRDA:24,11,0,1
BRDA:24,11,1,1
BRDA:24,11,2,1
BRDA:24,12,0,1
BRDA:24,12,1,0
BRDA:29,13,0,1
BRDA:29,13,1,1
BRDA:29,13,2,1
BRDA:30,14,0,0
BRDA:30,14,1,1
BRDA:30,15,0,1
BRDA:30,15,1,1
BRDA:32,16,0,1
BRDA:32,16,1,0
BRDA:32,17,0,36
BRDA:32,17,1,0
BRDA:32,18,0,36
BRDA:32,18,1,36
BRDA:36,19,0,1
BRDA:36,19,1,1
BRDA:36,19,2,1
BRDA:38,20,0,1
BRDA:38,20,1,2
BRDA:38,21,0,3
BRDA:38,21,1,3
BRDA:40,22,0,3
BRDA:40,22,1,0
BRDA:40,23,0,3
BRDA:40,23,1,3
BRDA:42,24,0,0
BRDA:42,24,1,0
BRDA:42,25,0,0
BRDA:42,25,1,0
BRDA:53,26,0,2
BRDA:53,26,1,1
BRDA:53,27,0,3
BRDA:53,27,1,0
BRDA:53,28,0,3
BRDA:53,28,1,0
BRDA:53,29,0,2
BRDA:53,29,1,1
BRDA:53,30,0,3
BRDA:53,30,1,0
BRDA:53,31,0,3
BRDA:53,31,1,0
BRDA:53,32,0,3
BRDA:53,32,1,0
BRDA:53,33,0,3
BRDA:53,33,1,0
BRDA:79,34,0,1
BRDA:79,34,1,2
BRF:75
BRH:50
end_of_record
TN:
SF:src/GridLoader.tsx
FN:2,(anonymous_0)
FN:3,(anonymous_1)
FN:13,(anonymous_2)
FN:17,(anonymous_3)
FN:20,(anonymous_4)
FN:24,(anonymous_5)
FN:26,(anonymous_6)
FN:29,(anonymous_7)
FN:36,(anonymous_8)
FN:52,(anonymous_9)
FN:53,GridLoader
FN:59,(anonymous_11)
FN:74,(anonymous_12)
FNF:13
FNH:10
FNDA:1,(anonymous_0)
FNDA:0,(anonymous_1)
FNDA:36,(anonymous_2)
FNDA:20,(anonymous_3)
FNDA:0,(anonymous_4)
FNDA:1,(anonymous_5)
FNDA:0,(anonymous_6)
FNDA:1,(anonymous_7)
FNDA:3,(anonymous_8)
FNDA:18,(anonymous_9)
FNDA:3,GridLoader
FNDA:18,(anonymous_11)
FNDA:4,(anonymous_12)
DA:2,1
DA:3,1
DA:4,0
DA:5,0
DA:6,0
DA:7,0
DA:9,0
DA:11,1
DA:13,1
DA:14,36
DA:15,36
DA:16,36
DA:17,36
DA:19,36
DA:21,0
DA:22,0
DA:24,1
DA:25,1
DA:27,0
DA:29,1
DA:30,1
DA:31,1
DA:32,36
DA:33,1
DA:34,1
DA:36,1
DA:37,3
DA:38,3
DA:39,1
DA:40,3
DA:41,3
DA:42,0
DA:43,0
DA:45,3
DA:47,1
DA:48,1
DA:49,1
DA:50,1
DA:51,1
DA:52,18
DA:54,3
DA:55,3
DA:56,3
DA:57,3
DA:58,3
DA:59,3
DA:60,18
DA:71,3
DA:72,1
DA:74,2
DA:75,4
DA:76,2
DA:89,1
LF:53
LH:43
BRDA:2,0,0,1
BRDA:2,0,1,1
BRDA:2,0,2,1
BRDA:3,1,0,1
BRDA:3,1,1,0
BRDA:6,2,0,0
BRDA:6,2,1,0
BRDA:13,3,0,1
BRDA:13,3,1,1
BRDA:13,3,2,1
BRDA:13,4,0,1
BRDA:13,4,1,0
BRDA:14,5,0,36
BRDA:14,5,1,0
BRDA:16,6,0,36
BRDA:16,6,1,0
BRDA:16,7,0,36
BRDA:16,7,1,36
BRDA:16,8,0,0
BRDA:16,8,1,36
BRDA:16,9,0,36
BRDA:16,9,1,0
BRDA:21,10,0,0
BRDA:21,10,1,0
BRDA:24,11,0,1
BRDA:24,11,1,1
BRDA:24,11,2,1
BRDA:24,12,0,1
BRDA:24,12,1,0
BRDA:29,13,0,1
BRDA:29,13,1,1
BRDA:29,13,2,1
BRDA:30,14,0,0
BRDA:30,14,1,1
BRDA:30,15,0,1
BRDA:30,15,1,1
BRDA:32,16,0,1
BRDA:32,16,1,0
BRDA:32,17,0,36
BRDA:32,17,1,0
BRDA:32,18,0,36
BRDA:32,18,1,36
BRDA:36,19,0,1
BRDA:36,19,1,1
BRDA:36,19,2,1
BRDA:38,20,0,1
BRDA:38,20,1,2
BRDA:38,21,0,3
BRDA:38,21,1,3
BRDA:40,22,0,3
BRDA:40,22,1,0
BRDA:40,23,0,3
BRDA:40,23,1,3
BRDA:42,24,0,0
BRDA:42,24,1,0
BRDA:42,25,0,0
BRDA:42,25,1,0
BRDA:54,26,0,2
BRDA:54,26,1,1
BRDA:54,27,0,3
BRDA:54,27,1,0
BRDA:54,28,0,3
BRDA:54,28,1,0
BRDA:54,29,0,2
BRDA:54,29,1,1
BRDA:54,30,0,3
BRDA:54,30,1,0
BRDA:54,31,0,3
BRDA:54,31,1,0
BRDA:71,32,0,1
BRDA:71,32,1,2
BRDA:75,33,0,2
BRDA:75,33,1,2
BRF:73
BRH:50
end_of_record
TN:
SF:src/HashLoader.tsx
FN:2,(anonymous_0)
FN:3,(anonymous_1)
FN:13,(anonymous_2)
FN:17,(anonymous_3)
FN:20,(anonymous_4)
FN:24,(anonymous_5)
FN:26,(anonymous_6)
FN:29,(anonymous_7)
FN:36,(anonymous_8)
FN:52,HashLoader
FN:62,(anonymous_10)
FNF:11
FNH:8
FNDA:1,(anonymous_0)
FNDA:0,(anonymous_1)
FNDA:36,(anonymous_2)
FNDA:6,(anonymous_3)
FNDA:0,(anonymous_4)
FNDA:1,(anonymous_5)
FNDA:0,(anonymous_6)
FNDA:1,(anonymous_7)
FNDA:3,(anonymous_8)
FNDA:3,HashLoader
FNDA:4,(anonymous_10)
DA:2,1
DA:3,1
DA:4,0
DA:5,0
DA:6,0
DA:7,0
DA:9,0
DA:11,1
DA:13,1
DA:14,36
DA:15,36
DA:16,36
DA:17,36
DA:19,36
DA:21,0
DA:22,0
DA:24,1
DA:25,1
DA:27,0
DA:29,1
DA:30,1
DA:31,1
DA:32,36
DA:33,1
DA:34,1
DA:36,1
DA:37,3
DA:38,3
DA:39,1
DA:40,3
DA:41,3
DA:42,0
DA:43,0
DA:45,3
DA:47,1
DA:48,1
DA:49,1
DA:50,1
DA:51,1
DA:53,3
DA:54,3
DA:55,3
DA:56,3
DA:57,3
DA:58,3
DA:59,3
DA:60,3
DA:61,3
DA:62,3
DA:63,4
DA:76,3
DA:77,1
DA:79,2
DA:83,1
LF:54
LH:44
BRDA:2,0,0,1
BRDA:2,0,1,1
BRDA:2,0,2,1
BRDA:3,1,0,1
BRDA:3,1,1,0
BRDA:6,2,0,0
BRDA:6,2,1,0
BRDA:13,3,0,1
BRDA:13,3,1,1
BRDA:13,3,2,1
BRDA:13,4,0,1
BRDA:13,4,1,0
BRDA:14,5,0,36
BRDA:14,5,1,0
BRDA:16,6,0,36
BRDA:16,6,1,0
BRDA:16,7,0,36
BRDA:16,7,1,36
BRDA:16,8,0,0
BRDA:16,8,1,36
BRDA:16,9,0,36
BRDA:16,9,1,0
BRDA:21,10,0,0
BRDA:21,10,1,0
BRDA:24,11,0,1
BRDA:24,11,1,1
BRDA:24,11,2,1
BRDA:24,12,0,1
BRDA:24,12,1,0
BRDA:29,13,0,1
BRDA:29,13,1,1
BRDA:29,13,2,1
BRDA:30,14,0,0
BRDA:30,14,1,1
BRDA:30,15,0,1
BRDA:30,15,1,1
BRDA:32,16,0,1
BRDA:32,16,1,0
BRDA:32,17,0,36
BRDA:32,17,1,0
BRDA:32,18,0,36
BRDA:32,18,1,36
BRDA:36,19,0,1
BRDA:36,19,1,1
BRDA:36,19,2,1
BRDA:38,20,0,1
BRDA:38,20,1,2
BRDA:38,21,0,3
BRDA:38,21,1,3
BRDA:40,22,0,3
BRDA:40,22,1,0
BRDA:40,23,0,3
BRDA:40,23,1,3
BRDA:42,24,0,0
BRDA:42,24,1,0
BRDA:42,25,0,0
BRDA:42,25,1,0
BRDA:53,26,0,2
BRDA:53,26,1,1
BRDA:53,27,0,3
BRDA:53,27,1,0
BRDA:53,28,0,3
BRDA:53,28,1,0
BRDA:53,29,0,2
BRDA:53,29,1,1
BRDA:53,30,0,3
BRDA:53,30,1,0
BRDA:73,31,0,2
BRDA:73,31,1,2
BRDA:76,32,0,1
BRDA:76,32,1,2
BRF:71
BRH:49
end_of_record
TN:
SF:src/MoonLoader.tsx
FN:2,(anonymous_0)
FN:3,(anonymous_1)
FN:13,(anonymous_2)
FN:17,(anonymous_3)
FN:20,(anonymous_4)
FN:24,(anonymous_5)
FN:26,(anonymous_6)
FN:29,(anonymous_7)
FN:36,(anonymous_8)
FN:52,MoonLoader
FN:57,(anonymous_10)
FNF:11
FNH:8
FNDA:1,(anonymous_0)
FNDA:0,(anonymous_1)
FNDA:36,(anonymous_2)
FNDA:6,(anonymous_3)
FNDA:0,(anonymous_4)
FNDA:1,(anonymous_5)
FNDA:0,(anonymous_6)
FNDA:1,(anonymous_7)
FNDA:3,(anonymous_8)
FNDA:3,MoonLoader
FNDA:6,(anonymous_10)
DA:2,1
DA:3,1
DA:4,0
DA:5,0
DA:6,0
DA:7,0
DA:9,0
DA:11,1
DA:13,1
DA:14,36
DA:15,36
DA:16,36
DA:17,36
DA:19,36
DA:21,0
DA:22,0
DA:24,1
DA:25,1
DA:27,0
DA:29,1
DA:30,1
DA:31,1
DA:32,36
DA:33,1
DA:34,1
DA:36,1
DA:37,3
DA:38,3
DA:39,1
DA:40,3
DA:41,3
DA:42,0
DA:43,0
DA:45,3
DA:47,1
DA:48,1
DA:49,1
DA:50,1
DA:51,1
DA:53,3
DA:54,3
DA:55,3
DA:56,3
DA:57,3
DA:58,6
DA:64,3
DA:65,3
DA:66,3
DA:67,1
DA:69,2
DA:73,1
LF:51
LH:41
BRDA:2,0,0,1
BRDA:2,0,1,1
BRDA:2,0,2,1
BRDA:3,1,0,1
BRDA:3,1,1,0
BRDA:6,2,0,0
BRDA:6,2,1,0
BRDA:13,3,0,1
BRDA:13,3,1,1
BRDA:13,3,2,1
BRDA:13,4,0,1
BRDA:13,4,1,0
BRDA:14,5,0,36
BRDA:14,5,1,0
BRDA:16,6,0,36
BRDA:16,6,1,0
BRDA:16,7,0,36
BRDA:16,7,1,36
BRDA:16,8,0,0
BRDA:16,8,1,36
BRDA:16,9,0,36
BRDA:16,9,1,0
BRDA:21,10,0,0
BRDA:21,10,1,0
BRDA:24,11,0,1
BRDA:24,11,1,1
BRDA:24,11,2,1
BRDA:24,12,0,1
BRDA:24,12,1,0
BRDA:29,13,0,1
BRDA:29,13,1,1
BRDA:29,13,2,1
BRDA:30,14,0,0
BRDA:30,14,1,1
BRDA:30,15,0,1
BRDA:30,15,1,1
BRDA:32,16,0,1
BRDA:32,16,1,0
BRDA:32,17,0,36
BRDA:32,17,1,0
BRDA:32,18,0,36
BRDA:32,18,1,36
BRDA:36,19,0,1
BRDA:36,19,1,1
BRDA:36,19,2,1
BRDA:38,20,0,1
BRDA:38,20,1,2
BRDA:38,21,0,3
BRDA:38,21,1,3
BRDA:40,22,0,3
BRDA:40,22,1,0
BRDA:40,23,0,3
BRDA:40,23,1,3
BRDA:42,24,0,0
BRDA:42,24,1,0
BRDA:42,25,0,0
BRDA:42,25,1,0
BRDA:53,26,0,2
BRDA:53,26,1,1
BRDA:53,27,0,3
BRDA:53,27,1,0
BRDA:53,28,0,3
BRDA:53,28,1,0
BRDA:53,29,0,2
BRDA:53,29,1,1
BRDA:53,30,0,3
BRDA:53,30,1,0
BRDA:66,31,0,1
BRDA:66,31,1,2
BRF:69
BRH:47
end_of_record
TN:
SF:src/PacmanLoader.tsx
FN:2,(anonymous_0)
FN:3,(anonymous_1)
FN:13,(anonymous_2)
FN:17,(anonymous_3)
FN:20,(anonymous_4)
FN:24,(anonymous_5)
FN:26,(anonymous_6)
FN:29,(anonymous_7)
FN:36,(anonymous_8)
FN:55,PacmanLoader
FN:60,(anonymous_10)
FN:77,(anonymous_11)
FNF:12
FNH:9
FNDA:1,(anonymous_0)
FNDA:0,(anonymous_1)
FNDA:36,(anonymous_2)
FNDA:14,(anonymous_3)
FNDA:0,(anonymous_4)
FNDA:1,(anonymous_5)
FNDA:0,(anonymous_6)
FNDA:1,(anonymous_7)
FNDA:3,(anonymous_8)
FNDA:3,PacmanLoader
FNDA:8,(anonymous_10)
FNDA:6,(anonymous_11)
DA:2,1
DA:3,1
DA:4,0
DA:5,0
DA:6,0
DA:7,0
DA:9,0
DA:11,1
DA:13,1
DA:14,36
DA:15,36
DA:16,36
DA:17,36
DA:19,36
DA:21,0
DA:22,0
DA:24,1
DA:25,1
DA:27,0
DA:29,1
DA:30,1
DA:31,1
DA:32,36
DA:33,1
DA:34,1
DA:36,1
DA:37,3
DA:38,3
DA:39,1
DA:40,3
DA:41,3
DA:42,0
DA:43,0
DA:45,3
DA:47,1
DA:48,1
DA:49,1
DA:50,1
DA:51,1
DA:56,3
DA:57,3
DA:58,3
DA:59,3
DA:60,3
DA:61,8
DA:75,3
DA:76,3
DA:77,3
DA:78,6
DA:91,3
DA:92,3
DA:93,3
DA:94,1
DA:96,2
DA:104,1
LF:55
LH:45
BRDA:2,0,0,1
BRDA:2,0,1,1
BRDA:2,0,2,1
BRDA:3,1,0,1
BRDA:3,1,1,0
BRDA:6,2,0,0
BRDA:6,2,1,0
BRDA:13,3,0,1
BRDA:13,3,1,1
BRDA:13,3,2,1
BRDA:13,4,0,1
BRDA:13,4,1,0
BRDA:14,5,0,36
BRDA:14,5,1,0
BRDA:16,6,0,36
BRDA:16,6,1,0
BRDA:16,7,0,36
BRDA:16,7,1,36
BRDA:16,8,0,0
BRDA:16,8,1,36
BRDA:16,9,0,36
BRDA:16,9,1,0
BRDA:21,10,0,0
BRDA:21,10,1,0
BRDA:24,11,0,1
BRDA:24,11,1,1
BRDA:24,11,2,1
BRDA:24,12,0,1
BRDA:24,12,1,0
BRDA:29,13,0,1
BRDA:29,13,1,1
BRDA:29,13,2,1
BRDA:30,14,0,0
BRDA:30,14,1,1
BRDA:30,15,0,1
BRDA:30,15,1,1
BRDA:32,16,0,1
BRDA:32,16,1,0
BRDA:32,17,0,36
BRDA:32,17,1,0
BRDA:32,18,0,36
BRDA:32,18,1,36
BRDA:36,19,0,1
BRDA:36,19,1,1
BRDA:36,19,2,1
BRDA:38,20,0,1
BRDA:38,20,1,2
BRDA:38,21,0,3
BRDA:38,21,1,3
BRDA:40,22,0,3
BRDA:40,22,1,0
BRDA:40,23,0,3
BRDA:40,23,1,3
BRDA:42,24,0,0
BRDA:42,24,1,0
BRDA:42,25,0,0
BRDA:42,25,1,0
BRDA:56,26,0,2
BRDA:56,26,1,1
BRDA:56,27,0,3
BRDA:56,27,1,0
BRDA:56,28,0,3
BRDA:56,28,1,0
BRDA:56,29,0,2
BRDA:56,29,1,1
BRDA:56,30,0,3
BRDA:56,30,1,0
BRDA:56,31,0,3
BRDA:56,31,1,0
BRDA:82,32,0,3
BRDA:82,32,1,3
BRDA:84,33,0,3
BRDA:84,33,1,3
BRDA:93,34,0,1
BRDA:93,34,1,2
BRF:75
BRH:52
end_of_record
TN:
SF:src/PropagateLoader.tsx
FN:2,(anonymous_0)
FN:3,(anonymous_1)
FN:13,(anonymous_2)
FN:17,(anonymous_3)
FN:20,(anonymous_4)
FN:24,(anonymous_5)
FN:26,(anonymous_6)
FN:29,(anonymous_7)
FN:36,(anonymous_8)
FN:61,PropagateLoader
FN:65,(anonymous_10)
FNF:11
FNH:8
FNDA:1,(anonymous_0)
FNDA:0,(anonymous_1)
FNDA:36,(anonymous_2)
FNDA:14,(anonymous_3)
FNDA:0,(anonymous_4)
FNDA:1,(anonymous_5)
FNDA:0,(anonymous_6)
FNDA:1,(anonymous_7)
FNDA:3,(anonymous_8)
FNDA:3,PropagateLoader
FNDA:12,(anonymous_10)
DA:2,1
DA:3,1
DA:4,0
DA:5,0
DA:6,0
DA:7,0
DA:9,0
DA:11,1
DA:13,1
DA:14,36
DA:15,36
DA:16,36
DA:17,36
DA:19,36
DA:21,0
DA:22,0
DA:24,1
DA:25,1
DA:27,0
DA:29,1
DA:30,1
DA:31,1
DA:32,36
DA:33,1
DA:34,1
DA:36,1
DA:37,3
DA:38,3
DA:39,1
DA:40,3
DA:41,3
DA:42,0
DA:43,0
DA:45,3
DA:47,1
DA:48,1
DA:49,1
DA:50,1
DA:52,1
DA:53,1
DA:62,3
DA:63,3
DA:64,3
DA:65,3
DA:66,12
DA:77,3
DA:78,1
DA:80,2
DA:88,1
LF:49
LH:39
BRDA:2,0,0,1
BRDA:2,0,1,1
BRDA:2,0,2,1
BRDA:3,1,0,1
BRDA:3,1,1,0
BRDA:6,2,0,0
BRDA:6,2,1,0
BRDA:13,3,0,1
BRDA:13,3,1,1
BRDA:13,3,2,1
BRDA:13,4,0,1
BRDA:13,4,1,0
BRDA:14,5,0,36
BRDA:14,5,1,0
BRDA:16,6,0,36
BRDA:16,6,1,0
BRDA:16,7,0,36
BRDA:16,7,1,36
BRDA:16,8,0,0
BRDA:16,8,1,36
BRDA:16,9,0,36
BRDA:16,9,1,0
BRDA:21,10,0,0
BRDA:21,10,1,0
BRDA:24,11,0,1
BRDA:24,11,1,1
BRDA:24,11,2,1
BRDA:24,12,0,1
BRDA:24,12,1,0
BRDA:29,13,0,1
BRDA:29,13,1,1
BRDA:29,13,2,1
BRDA:30,14,0,0
BRDA:30,14,1,1
BRDA:30,15,0,1
BRDA:30,15,1,1
BRDA:32,16,0,1
BRDA:32,16,1,0
BRDA:32,17,0,36
BRDA:32,17,1,0
BRDA:32,18,0,36
BRDA:32,18,1,36
BRDA:36,19,0,1
BRDA:36,19,1,1
BRDA:36,19,2,1
BRDA:38,20,0,1
BRDA:38,20,1,2
BRDA:38,21,0,3
BRDA:38,21,1,3
BRDA:40,22,0,3
BRDA:40,22,1,0
BRDA:40,23,0,3
BRDA:40,23,1,3
BRDA:42,24,0,0
BRDA:42,24,1,0
BRDA:42,25,0,0
BRDA:42,25,1,0
BRDA:62,26,0,2
BRDA:62,26,1,1
BRDA:62,27,0,3
BRDA:62,27,1,0
BRDA:62,28,0,3
BRDA:62,28,1,0
BRDA:62,29,0,2
BRDA:62,29,1,1
BRDA:62,30,0,3
BRDA:62,30,1,0
BRDA:77,31,0,1
BRDA:77,31,1,2
BRF:69
BRH:47
end_of_record
TN:
SF:src/PuffLoader.tsx
FN:2,(anonymous_0)
FN:3,(anonymous_1)
FN:13,(anonymous_2)
FN:17,(anonymous_3)
FN:20,(anonymous_4)
FN:24,(anonymous_5)
FN:26,(anonymous_6)
FN:29,(anonymous_7)
FN:36,(anonymous_8)
FN:55,PuffLoader
FN:58,(anonymous_10)
FNF:11
FNH:8
FNDA:1,(anonymous_0)
FNDA:0,(anonymous_1)
FNDA:36,(anonymous_2)
FNDA:6,(anonymous_3)
FNDA:0,(anonymous_4)
FNDA:1,(anonymous_5)
FNDA:0,(anonymous_6)
FNDA:1,(anonymous_7)
FNDA:3,(anonymous_8)
FNDA:3,PuffLoader
FNDA:4,(anonymous_10)
DA:2,1
DA:3,1
DA:4,0
DA:5,0
DA:6,0
DA:7,0
DA:9,0
DA:11,1
DA:13,1
DA:14,36
DA:15,36
DA:16,36
DA:17,36
DA:19,36
DA:21,0
DA:22,0
DA:24,1
DA:25,1
DA:27,0
DA:29,1
DA:30,1
DA:31,1
DA:32,36
DA:33,1
DA:34,1
DA:36,1
DA:37,3
DA:38,3
DA:39,1
DA:40,3
DA:41,3
DA:42,0
DA:43,0
DA:45,3
DA:47,1
DA:48,1
DA:49,1
DA:50,1
DA:51,1
DA:56,3
DA:57,3
DA:58,3
DA:59,4
DA:76,3
DA:77,1
DA:79,2
DA:83,1
LF:47
LH:37
BRDA:2,0,0,1
BRDA:2,0,1,1
BRDA:2,0,2,1
BRDA:3,1,0,1
BRDA:3,1,1,0
BRDA:6,2,0,0
BRDA:6,2,1,0
BRDA:13,3,0,1
BRDA:13,3,1,1
BRDA:13,3,2,1
BRDA:13,4,0,1
BRDA:13,4,1,0
BRDA:14,5,0,36
BRDA:14,5,1,0
BRDA:16,6,0,36
BRDA:16,6,1,0
BRDA:16,7,0,36
BRDA:16,7,1,36
BRDA:16,8,0,0
BRDA:16,8,1,36
BRDA:16,9,0,36
BRDA:16,9,1,0
BRDA:21,10,0,0
BRDA:21,10,1,0
BRDA:24,11,0,1
BRDA:24,11,1,1
BRDA:24,11,2,1
BRDA:24,12,0,1
BRDA:24,12,1,0
BRDA:29,13,0,1
BRDA:29,13,1,1
BRDA:29,13,2,1
BRDA:30,14,0,0
BRDA:30,14,1,1
BRDA:30,15,0,1
BRDA:30,15,1,1
BRDA:32,16,0,1
BRDA:32,16,1,0
BRDA:32,17,0,36
BRDA:32,17,1,0
BRDA:32,18,0,36
BRDA:32,18,1,36
BRDA:36,19,0,1
BRDA:36,19,1,1
BRDA:36,19,2,1
BRDA:38,20,0,1
BRDA:38,20,1,2
BRDA:38,21,0,3
BRDA:38,21,1,3
BRDA:40,22,0,3
BRDA:40,22,1,0
BRDA:40,23,0,3
BRDA:40,23,1,3
BRDA:42,24,0,0
BRDA:42,24,1,0
BRDA:42,25,0,0
BRDA:42,25,1,0
BRDA:56,26,0,2
BRDA:56,26,1,1
BRDA:56,27,0,3
BRDA:56,27,1,0
BRDA:56,28,0,3
BRDA:56,28,1,0
BRDA:56,29,0,2
BRDA:56,29,1,1
BRDA:56,30,0,3
BRDA:56,30,1,0
BRDA:73,31,0,2
BRDA:73,31,1,2
BRDA:76,32,0,1
BRDA:76,32,1,2
BRF:71
BRH:49
end_of_record
TN:
SF:src/PulseLoader.tsx
FN:2,(anonymous_0)
FN:3,(anonymous_1)
FN:13,(anonymous_2)
FN:17,(anonymous_3)
FN:20,(anonymous_4)
FN:24,(anonymous_5)
FN:26,(anonymous_6)
FN:29,(anonymous_7)
FN:36,(anonymous_8)
FN:52,PulseLoader
FN:55,(anonymous_10)
FNF:11
FNH:8
FNDA:1,(anonymous_0)
FNDA:0,(anonymous_1)
FNDA:36,(anonymous_2)
FNDA:8,(anonymous_3)
FNDA:0,(anonymous_4)
FNDA:1,(anonymous_5)
FNDA:0,(anonymous_6)
FNDA:1,(anonymous_7)
FNDA:3,(anonymous_8)
FNDA:3,PulseLoader
FNDA:6,(anonymous_10)
DA:2,1
DA:3,1
DA:4,0
DA:5,0
DA:6,0
DA:7,0
DA:9,0
DA:11,1
DA:13,1
DA:14,36
DA:15,36
DA:16,36
DA:17,36
DA:19,36
DA:21,0
DA:22,0
DA:24,1
DA:25,1
DA:27,0
DA:29,1
DA:30,1
DA:31,1
DA:32,36
DA:33,1
DA:34,1
DA:36,1
DA:37,3
DA:38,3
DA:39,1
DA:40,3
DA:41,3
DA:42,0
DA:43,0
DA:45,3
DA:47,1
DA:48,1
DA:49,1
DA:50,1
DA:51,1
DA:53,3
DA:54,3
DA:55,3
DA:56,6
DA:67,3
DA:68,1
DA:70,2
DA:75,1
LF:47
LH:37
BRDA:2,0,0,1
BRDA:2,0,1,1
BRDA:2,0,2,1
BRDA:3,1,0,1
BRDA:3,1,1,0
BRDA:6,2,0,0
BRDA:6,2,1,0
BRDA:13,3,0,1
BRDA:13,3,1,1
BRDA:13,3,2,1
BRDA:13,4,0,1
BRDA:13,4,1,0
BRDA:14,5,0,36
BRDA:14,5,1,0
BRDA:16,6,0,36
BRDA:16,6,1,0
BRDA:16,7,0,36
BRDA:16,7,1,36
BRDA:16,8,0,0
BRDA:16,8,1,36
BRDA:16,9,0,36
BRDA:16,9,1,0
BRDA:21,10,0,0
BRDA:21,10,1,0
BRDA:24,11,0,1
BRDA:24,11,1,1
BRDA:24,11,2,1
BRDA:24,12,0,1
BRDA:24,12,1,0
BRDA:29,13,0,1
BRDA:29,13,1,1
BRDA:29,13,2,1
BRDA:30,14,0,0
BRDA:30,14,1,1
BRDA:30,15,0,1
BRDA:30,15,1,1
BRDA:32,16,0,1
BRDA:32,16,1,0
BRDA:32,17,0,36
BRDA:32,17,1,0
BRDA:32,18,0,36
BRDA:32,18,1,36
BRDA:36,19,0,1
BRDA:36,19,1,1
BRDA:36,19,2,1
BRDA:38,20,0,1
BRDA:38,20,1,2
BRDA:38,21,0,3
BRDA:38,21,1,3
BRDA:40,22,0,3
BRDA:40,22,1,0
BRDA:40,23,0,3
BRDA:40,23,1,3
BRDA:42,24,0,0
BRDA:42,24,1,0
BRDA:42,25,0,0
BRDA:42,25,1,0
BRDA:53,26,0,2
BRDA:53,26,1,1
BRDA:53,27,0,3
BRDA:53,27,1,0
BRDA:53,28,0,3
BRDA:53,28,1,0
BRDA:53,29,0,2
BRDA:53,29,1,1
BRDA:53,30,0,3
BRDA:53,30,1,0
BRDA:53,31,0,3
BRDA:53,31,1,0
BRDA:67,32,0,1
BRDA:67,32,1,2
BRF:71
BRH:48
end_of_record
TN:
SF:src/RingLoader.tsx
FN:2,(anonymous_0)
FN:3,(anonymous_1)
FN:13,(anonymous_2)
FN:17,(anonymous_3)
FN:20,(anonymous_4)
FN:24,(anonymous_5)
FN:26,(anonymous_6)
FN:29,(anonymous_7)
FN:36,(anonymous_8)
FN:53,RingLoader
FN:57,(anonymous_10)
FNF:11
FNH:8
FNDA:1,(anonymous_0)
FNDA:0,(anonymous_1)
FNDA:36,(anonymous_2)
FNDA:6,(anonymous_3)
FNDA:0,(anonymous_4)
FNDA:1,(anonymous_5)
FNDA:0,(anonymous_6)
FNDA:1,(anonymous_7)
FNDA:3,(anonymous_8)
FNDA:3,RingLoader
FNDA:4,(anonymous_10)
DA:2,1
DA:3,1
DA:4,0
DA:5,0
DA:6,0
DA:7,0
DA:9,0
DA:11,1
DA:13,1
DA:14,36
DA:15,36
DA:16,36
DA:17,36
DA:19,36
DA:21,0
DA:22,0
DA:24,1
DA:25,1
DA:27,0
DA:29,1
DA:30,1
DA:31,1
DA:32,36
DA:33,1
DA:34,1
DA:36,1
DA:37,3
DA:38,3
DA:39,1
DA:40,3
DA:41,3
DA:42,0
DA:43,0
DA:45,3
DA:47,1
DA:48,1
DA:49,1
DA:50,1
DA:51,1
DA:52,1
DA:54,3
DA:55,3
DA:56,3
DA:57,3
DA:58,4
DA:72,3
DA:73,1
DA:75,2
DA:79,1
LF:49
LH:39
BRDA:2,0,0,1
BRDA:2,0,1,1
BRDA:2,0,2,1
BRDA:3,1,0,1
BRDA:3,1,1,0
BRDA:6,2,0,0
BRDA:6,2,1,0
BRDA:13,3,0,1
BRDA:13,3,1,1
BRDA:13,3,2,1
BRDA:13,4,0,1
BRDA:13,4,1,0
BRDA:14,5,0,36
BRDA:14,5,1,0
BRDA:16,6,0,36
BRDA:16,6,1,0
BRDA:16,7,0,36
BRDA:16,7,1,36
BRDA:16,8,0,0
BRDA:16,8,1,36
BRDA:16,9,0,36
BRDA:16,9,1,0
BRDA:21,10,0,0
BRDA:21,10,1,0
BRDA:24,11,0,1
BRDA:24,11,1,1
BRDA:24,11,2,1
BRDA:24,12,0,1
BRDA:24,12,1,0
BRDA:29,13,0,1
BRDA:29,13,1,1
BRDA:29,13,2,1
BRDA:30,14,0,0
BRDA:30,14,1,1
BRDA:30,15,0,1
BRDA:30,15,1,1
BRDA:32,16,0,1
BRDA:32,16,1,0
BRDA:32,17,0,36
BRDA:32,17,1,0
BRDA:32,18,0,36
BRDA:32,18,1,36
BRDA:36,19,0,1
BRDA:36,19,1,1
BRDA:36,19,2,1
BRDA:38,20,0,1
BRDA:38,20,1,2
BRDA:38,21,0,3
BRDA:38,21,1,3
BRDA:40,22,0,3
BRDA:40,22,1,0
BRDA:40,23,0,3
BRDA:40,23,1,3
BRDA:42,24,0,0
BRDA:42,24,1,0
BRDA:42,25,0,0
BRDA:42,25,1,0
BRDA:54,26,0,2
BRDA:54,26,1,1
BRDA:54,27,0,3
BRDA:54,27,1,0
BRDA:54,28,0,3
BRDA:54,28,1,0
BRDA:54,29,0,2
BRDA:54,29,1,1
BRDA:54,30,0,3
BRDA:54,30,1,0
BRDA:69,31,0,2
BRDA:69,31,1,2
BRDA:72,32,0,1
BRDA:72,32,1,2
BRF:71
BRH:49
end_of_record
TN:
SF:src/RiseLoader.tsx
FN:2,(anonymous_0)
FN:3,(anonymous_1)
FN:13,(anonymous_2)
FN:17,(anonymous_3)
FN:20,(anonymous_4)
FN:24,(anonymous_5)
FN:26,(anonymous_6)
FN:29,(anonymous_7)
FN:36,(anonymous_8)
FN:51,RiseLoader
FN:56,(anonymous_10)
FNF:11
FNH:8
FNDA:1,(anonymous_0)
FNDA:0,(anonymous_1)
FNDA:36,(anonymous_2)
FNDA:12,(anonymous_3)
FNDA:0,(anonymous_4)
FNDA:1,(anonymous_5)
FNDA:0,(anonymous_6)
FNDA:1,(anonymous_7)
FNDA:3,(anonymous_8)
FNDA:3,RiseLoader
FNDA:10,(anonymous_10)
DA:2,1
DA:3,1
DA:4,0
DA:5,0
DA:6,0
DA:7,0
DA:9,0
DA:11,1
DA:13,1
DA:14,36
DA:15,36
DA:16,36
DA:17,36
DA:19,36
DA:21,0
DA:22,0
DA:24,1
DA:25,1
DA:27,0
DA:29,1
DA:30,1
DA:31,1
DA:32,36
DA:33,1
DA:34,1
DA:36,1
DA:37,3
DA:38,3
DA:39,1
DA:40,3
DA:41,3
DA:42,0
DA:43,0
DA:45,3
DA:47,1
DA:48,1
DA:49,1
DA:50,1
DA:52,3
DA:53,3
DA:54,3
DA:55,3
DA:56,3
DA:57,10
DA:68,3
DA:69,1
DA:71,2
DA:78,1
LF:48
LH:38
BRDA:2,0,0,1
BRDA:2,0,1,1
BRDA:2,0,2,1
BRDA:3,1,0,1
BRDA:3,1,1,0
BRDA:6,2,0,0
BRDA:6,2,1,0
BRDA:13,3,0,1
BRDA:13,3,1,1
BRDA:13,3,2,1
BRDA:13,4,0,1
BRDA:13,4,1,0
BRDA:14,5,0,36
BRDA:14,5,1,0
BRDA:16,6,0,36
BRDA:16,6,1,0
BRDA:16,7,0,36
BRDA:16,7,1,36
BRDA:16,8,0,0
BRDA:16,8,1,36
BRDA:16,9,0,36
BRDA:16,9,1,0
BRDA:21,10,0,0
BRDA:21,10,1,0
BRDA:24,11,0,1
BRDA:24,11,1,1
BRDA:24,11,2,1
BRDA:24,12,0,1
BRDA:24,12,1,0
BRDA:29,13,0,1
BRDA:29,13,1,1
BRDA:29,13,2,1
BRDA:30,14,0,0
BRDA:30,14,1,1
BRDA:30,15,0,1
BRDA:30,15,1,1
BRDA:32,16,0,1
BRDA:32,16,1,0
BRDA:32,17,0,36
BRDA:32,17,1,0
BRDA:32,18,0,36
BRDA:32,18,1,36
BRDA:36,19,0,1
BRDA:36,19,1,1
BRDA:36,19,2,1
BRDA:38,20,0,1
BRDA:38,20,1,2
BRDA:38,21,0,3
BRDA:38,21,1,3
BRDA:40,22,0,3
BRDA:40,22,1,0
BRDA:40,23,0,3
BRDA:40,23,1,3
BRDA:42,24,0,0
BRDA:42,24,1,0
BRDA:42,25,0,0
BRDA:42,25,1,0
BRDA:52,26,0,2
BRDA:52,26,1,1
BRDA:52,27,0,3
BRDA:52,27,1,0
BRDA:52,28,0,3
BRDA:52,28,1,0
BRDA:52,29,0,2
BRDA:52,29,1,1
BRDA:52,30,0,3
BRDA:52,30,1,0
BRDA:52,31,0,3
BRDA:52,31,1,0
BRDA:64,32,0,4
BRDA:64,32,1,6
BRDA:68,33,0,1
BRDA:68,33,1,2
BRF:73
BRH:50
end_of_record
TN:
SF:src/RotateLoader.tsx
FN:2,(anonymous_0)
FN:3,(anonymous_1)
FN:13,(anonymous_2)
FN:17,(anonymous_3)
FN:20,(anonymous_4)
FN:24,(anonymous_5)
FN:26,(anonymous_6)
FN:29,(anonymous_7)
FN:36,(anonymous_8)
FN:52,RotateLoader
FN:62,(anonymous_10)
FNF:11
FNH:8
FNDA:3,(anonymous_0)
FNDA:0,(anonymous_1)
FNDA:36,(anonymous_2)
FNDA:6,(anonymous_3)
FNDA:0,(anonymous_4)
FNDA:1,(anonymous_5)
FNDA:0,(anonymous_6)
FNDA:1,(anonymous_7)
FNDA:3,(anonymous_8)
FNDA:3,RotateLoader
FNDA:4,(anonymous_10)
DA:2,1
DA:3,3
DA:4,0
DA:5,0
DA:6,0
DA:7,0
DA:9,0
DA:11,3
DA:13,1
DA:14,36
DA:15,36
DA:16,36
DA:17,36
DA:19,36
DA:21,0
DA:22,0
DA:24,1
DA:25,1
DA:27,0
DA:29,1
DA:30,1
DA:31,1
DA:32,36
DA:33,1
DA:34,1
DA:36,1
DA:37,3
DA:38,3
DA:39,1
DA:40,3
DA:41,3
DA:42,0
DA:43,0
DA:45,3
DA:47,1
DA:48,1
DA:49,1
DA:50,1
DA:51,1
DA:53,3
DA:54,3
DA:55,3
DA:61,3
DA:62,3
DA:63,4
DA:64,4
DA:71,3
DA:72,1
DA:74,2
DA:78,1
LF:50
LH:40
BRDA:2,0,0,1
BRDA:2,0,1,1
BRDA:2,0,2,1
BRDA:3,1,0,3
BRDA:3,1,1,0
BRDA:6,2,0,0
BRDA:6,2,1,0
BRDA:13,3,0,1
BRDA:13,3,1,1
BRDA:13,3,2,1
BRDA:13,4,0,1
BRDA:13,4,1,0
BRDA:14,5,0,36
BRDA:14,5,1,0
BRDA:16,6,0,36
BRDA:16,6,1,0
BRDA:16,7,0,36
BRDA:16,7,1,36
BRDA:16,8,0,0
BRDA:16,8,1,36
BRDA:16,9,0,36
BRDA:16,9,1,0
BRDA:21,10,0,0
BRDA:21,10,1,0
BRDA:24,11,0,1
BRDA:24,11,1,1
BRDA:24,11,2,1
BRDA:24,12,0,1
BRDA:24,12,1,0
BRDA:29,13,0,1
BRDA:29,13,1,1
BRDA:29,13,2,1
BRDA:30,14,0,0
BRDA:30,14,1,1
BRDA:30,15,0,1
BRDA:30,15,1,1
BRDA:32,16,0,1
BRDA:32,16,1,0
BRDA:32,17,0,36
BRDA:32,17,1,0
BRDA:32,18,0,36
BRDA:32,18,1,36
BRDA:36,19,0,1
BRDA:36,19,1,1
BRDA:36,19,2,1
BRDA:38,20,0,1
BRDA:38,20,1,2
BRDA:38,21,0,3
BRDA:38,21,1,3
BRDA:40,22,0,3
BRDA:40,22,1,0
BRDA:40,23,0,3
BRDA:40,23,1,3
BRDA:42,24,0,0
BRDA:42,24,1,0
BRDA:42,25,0,0
BRDA:42,25,1,0
BRDA:53,26,0,2
BRDA:53,26,1,1
BRDA:53,27,0,3
BRDA:53,27,1,0
BRDA:53,28,0,3
BRDA:53,28,1,0
BRDA:53,29,0,2
BRDA:53,29,1,1
BRDA:53,30,0,3
BRDA:53,30,1,0
BRDA:53,31,0,3
BRDA:53,31,1,0
BRDA:63,32,0,2
BRDA:63,32,1,2
BRDA:71,33,0,1
BRDA:71,33,1,2
BRF:73
BRH:50
end_of_record
TN:
SF:src/ScaleLoader.tsx
FN:2,(anonymous_0)
FN:3,(anonymous_1)
FN:13,(anonymous_2)
FN:17,(anonymous_3)
FN:20,(anonymous_4)
FN:24,(anonymous_5)
FN:26,(anonymous_6)
FN:29,(anonymous_7)
FN:36,(anonymous_8)
FN:52,ScaleLoader
FN:55,(anonymous_10)
FNF:11
FNH:8
FNDA:1,(anonymous_0)
FNDA:0,(anonymous_1)
FNDA:36,(anonymous_2)
FNDA:12,(anonymous_3)
FNDA:0,(anonymous_4)
FNDA:1,(anonymous_5)
FNDA:0,(anonymous_6)
FNDA:1,(anonymous_7)
FNDA:3,(anonymous_8)
FNDA:3,ScaleLoader
FNDA:10,(anonymous_10)
DA:2,1
DA:3,1
DA:4,0
DA:5,0
DA:6,0
DA:7,0
DA:9,0
DA:11,1
DA:13,1
DA:14,36
DA:15,36
DA:16,36
DA:17,36
DA:19,36
DA:21,0
DA:22,0
DA:24,1
DA:25,1
DA:27,0
DA:29,1
DA:30,1
DA:31,1
DA:32,36
DA:33,1
DA:34,1
DA:36,1
DA:37,3
DA:38,3
DA:39,1
DA:40,3
DA:41,3
DA:42,0
DA:43,0
DA:45,3
DA:47,1
DA:48,1
DA:49,1
DA:50,1
DA:51,1
DA:53,3
DA:54,3
DA:55,3
DA:56,10
DA:67,3
DA:68,1
DA:70,2
DA:77,1
LF:47
LH:37
BRDA:2,0,0,1
BRDA:2,0,1,1
BRDA:2,0,2,1
BRDA:3,1,0,1
BRDA:3,1,1,0
BRDA:6,2,0,0
BRDA:6,2,1,0
BRDA:13,3,0,1
BRDA:13,3,1,1
BRDA:13,3,2,1
BRDA:13,4,0,1
BRDA:13,4,1,0
BRDA:14,5,0,36
BRDA:14,5,1,0
BRDA:16,6,0,36
BRDA:16,6,1,0
BRDA:16,7,0,36
BRDA:16,7,1,36
BRDA:16,8,0,0
BRDA:16,8,1,36
BRDA:16,9,0,36
BRDA:16,9,1,0
BRDA:21,10,0,0
BRDA:21,10,1,0
BRDA:24,11,0,1
BRDA:24,11,1,1
BRDA:24,11,2,1
BRDA:24,12,0,1
BRDA:24,12,1,0
BRDA:29,13,0,1
BRDA:29,13,1,1
BRDA:29,13,2,1
BRDA:30,14,0,0
BRDA:30,14,1,1
BRDA:30,15,0,1
BRDA:30,15,1,1
BRDA:32,16,0,1
BRDA:32,16,1,0
BRDA:32,17,0,36
BRDA:32,17,1,0
BRDA:32,18,0,36
BRDA:32,18,1,36
BRDA:36,19,0,1
BRDA:36,19,1,1
BRDA:36,19,2,1
BRDA:38,20,0,1
BRDA:38,20,1,2
BRDA:38,21,0,3
BRDA:38,21,1,3
BRDA:40,22,0,3
BRDA:40,22,1,0
BRDA:40,23,0,3
BRDA:40,23,1,3
BRDA:42,24,0,0
BRDA:42,24,1,0
BRDA:42,25,0,0
BRDA:42,25,1,0
BRDA:53,26,0,2
BRDA:53,26,1,1
BRDA:53,27,0,3
BRDA:53,27,1,0
BRDA:53,28,0,3
BRDA:53,28,1,0
BRDA:53,29,0,2
BRDA:53,29,1,1
BRDA:53,30,0,3
BRDA:53,30,1,0
BRDA:53,31,0,3
BRDA:53,31,1,0
BRDA:53,32,0,3
BRDA:53,32,1,0
BRDA:53,33,0,3
BRDA:53,33,1,0
BRDA:67,34,0,1
BRDA:67,34,1,2
BRF:75
BRH:50
end_of_record
TN:
SF:src/SkewLoader.tsx
FN:2,(anonymous_0)
FN:3,(anonymous_1)
FN:13,(anonymous_2)
FN:17,(anonymous_3)
FN:20,(anonymous_4)
FN:24,(anonymous_5)
FN:26,(anonymous_6)
FN:29,(anonymous_7)
FN:36,(anonymous_8)
FN:52,SkewLoader
FNF:10
FNH:7
FNDA:1,(anonymous_0)
FNDA:0,(anonymous_1)
FNDA:36,(anonymous_2)
FNDA:2,(anonymous_3)
FNDA:0,(anonymous_4)
FNDA:1,(anonymous_5)
FNDA:0,(anonymous_6)
FNDA:1,(anonymous_7)
FNDA:3,(anonymous_8)
FNDA:3,SkewLoader
DA:2,1
DA:3,1
DA:4,0
DA:5,0
DA:6,0
DA:7,0
DA:9,0
DA:11,1
DA:13,1
DA:14,36
DA:15,36
DA:16,36
DA:17,36
DA:19,36
DA:21,0
DA:22,0
DA:24,1
DA:25,1
DA:27,0
DA:29,1
DA:30,1
DA:31,1
DA:32,36
DA:33,1
DA:34,1
DA:36,1
DA:37,3
DA:38,3
DA:39,1
DA:40,3
DA:41,3
DA:42,0
DA:43,0
DA:45,3
DA:47,1
DA:48,1
DA:49,1
DA:50,1
DA:51,1
DA:53,3
DA:54,3
DA:55,3
DA:56,1
DA:58,2
DA:60,1
LF:45
LH:35
BRDA:2,0,0,1
BRDA:2,0,1,1
BRDA:2,0,2,1
BRDA:3,1,0,1
BRDA:3,1,1,0
BRDA:6,2,0,0
BRDA:6,2,1,0
BRDA:13,3,0,1
BRDA:13,3,1,1
BRDA:13,3,2,1
BRDA:13,4,0,1
BRDA:13,4,1,0
BRDA:14,5,0,36
BRDA:14,5,1,0
BRDA:16,6,0,36
BRDA:16,6,1,0
BRDA:16,7,0,36
BRDA:16,7,1,36
BRDA:16,8,0,0
BRDA:16,8,1,36
BRDA:16,9,0,36
BRDA:16,9,1,0
BRDA:21,10,0,0
BRDA:21,10,1,0
BRDA:24,11,0,1
BRDA:24,11,1,1
BRDA:24,11,2,1
BRDA:24,12,0,1
BRDA:24,12,1,0
BRDA:29,13,0,1
BRDA:29,13,1,1
BRDA:29,13,2,1
BRDA:30,14,0,0
BRDA:30,14,1,1
BRDA:30,15,0,1
BRDA:30,15,1,1
BRDA:32,16,0,1
BRDA:32,16,1,0
BRDA:32,17,0,36
BRDA:32,17,1,0
BRDA:32,18,0,36
BRDA:32,18,1,36
BRDA:36,19,0,1
BRDA:36,19,1,1
BRDA:36,19,2,1
BRDA:38,20,0,1
BRDA:38,20,1,2
BRDA:38,21,0,3
BRDA:38,21,1,3
BRDA:40,22,0,3
BRDA:40,22,1,0
BRDA:40,23,0,3
BRDA:40,23,1,3
BRDA:42,24,0,0
BRDA:42,24,1,0
BRDA:42,25,0,0
BRDA:42,25,1,0
BRDA:53,26,0,2
BRDA:53,26,1,1
BRDA:53,27,0,3
BRDA:53,27,1,0
BRDA:53,28,0,3
BRDA:53,28,1,0
BRDA:53,29,0,2
BRDA:53,29,1,1
BRDA:53,30,0,3
BRDA:53,30,1,0
BRDA:55,31,0,1
BRDA:55,31,1,2
BRF:69
BRH:47
end_of_record
TN:
SF:src/SquareLoader.tsx
FN:2,(anonymous_0)
FN:3,(anonymous_1)
FN:13,(anonymous_2)
FN:17,(anonymous_3)
FN:20,(anonymous_4)
FN:24,(anonymous_5)
FN:26,(anonymous_6)
FN:29,(anonymous_7)
FN:36,(anonymous_8)
FN:52,SquareLoader
FNF:10
FNH:7
FNDA:1,(anonymous_0)
FNDA:0,(anonymous_1)
FNDA:36,(anonymous_2)
FNDA:2,(anonymous_3)
FNDA:0,(anonymous_4)
FNDA:1,(anonymous_5)
FNDA:0,(anonymous_6)
FNDA:1,(anonymous_7)
FNDA:3,(anonymous_8)
FNDA:3,SquareLoader
DA:2,1
DA:3,1
DA:4,0
DA:5,0
DA:6,0
DA:7,0
DA:9,0
DA:11,1
DA:13,1
DA:14,36
DA:15,36
DA:16,36
DA:17,36
DA:19,36
DA:21,0
DA:22,0
DA:24,1
DA:25,1
DA:27,0
DA:29,1
DA:30,1
DA:31,1
DA:32,36
DA:33,1
DA:34,1
DA:36,1
DA:37,3
DA:38,3
DA:39,1
DA:40,3
DA:41,3
DA:42,0
DA:43,0
DA:45,3
DA:47,1
DA:48,1
DA:49,1
DA:50,1
DA:51,1
DA:53,3
DA:54,3
DA:55,3
DA:56,1
DA:58,2
DA:60,1
LF:45
LH:35
BRDA:2,0,0,1
BRDA:2,0,1,1
BRDA:2,0,2,1
BRDA:3,1,0,1
BRDA:3,1,1,0
BRDA:6,2,0,0
BRDA:6,2,1,0
BRDA:13,3,0,1
BRDA:13,3,1,1
BRDA:13,3,2,1
BRDA:13,4,0,1
BRDA:13,4,1,0
BRDA:14,5,0,36
BRDA:14,5,1,0
BRDA:16,6,0,36
BRDA:16,6,1,0
BRDA:16,7,0,36
BRDA:16,7,1,36
BRDA:16,8,0,0
BRDA:16,8,1,36
BRDA:16,9,0,36
BRDA:16,9,1,0
BRDA:21,10,0,0
BRDA:21,10,1,0
BRDA:24,11,0,1
BRDA:24,11,1,1
BRDA:24,11,2,1
BRDA:24,12,0,1
BRDA:24,12,1,0
BRDA:29,13,0,1
BRDA:29,13,1,1
BRDA:29,13,2,1
BRDA:30,14,0,0
BRDA:30,14,1,1
BRDA:30,15,0,1
BRDA:30,15,1,1
BRDA:32,16,0,1
BRDA:32,16,1,0
BRDA:32,17,0,36
BRDA:32,17,1,0
BRDA:32,18,0,36
BRDA:32,18,1,36
BRDA:36,19,0,1
BRDA:36,19,1,1
BRDA:36,19,2,1
BRDA:38,20,0,1
BRDA:38,20,1,2
BRDA:38,21,0,3
BRDA:38,21,1,3
BRDA:40,22,0,3
BRDA:40,22,1,0
BRDA:40,23,0,3
BRDA:40,23,1,3
BRDA:42,24,0,0
BRDA:42,24,1,0
BRDA:42,25,0,0
BRDA:42,25,1,0
BRDA:53,26,0,2
BRDA:53,26,1,1
BRDA:53,27,0,3
BRDA:53,27,1,0
BRDA:53,28,0,3
BRDA:53,28,1,0
BRDA:53,29,0,2
BRDA:53,29,1,1
BRDA:53,30,0,3
BRDA:53,30,1,0
BRDA:55,31,0,1
BRDA:55,31,1,2
BRF:69
BRH:47
end_of_record
TN:
SF:src/SyncLoader.tsx
FN:2,(anonymous_0)
FN:3,(anonymous_1)
FN:13,(anonymous_2)
FN:17,(anonymous_3)
FN:20,(anonymous_4)
FN:24,(anonymous_5)
FN:26,(anonymous_6)
FN:29,(anonymous_7)
FN:36,(anonymous_8)
FN:52,SyncLoader
FN:55,(anonymous_10)
FNF:11
FNH:8
FNDA:1,(anonymous_0)
FNDA:0,(anonymous_1)
FNDA:36,(anonymous_2)
FNDA:8,(anonymous_3)
FNDA:0,(anonymous_4)
FNDA:1,(anonymous_5)
FNDA:0,(anonymous_6)
FNDA:1,(anonymous_7)
FNDA:3,(anonymous_8)
FNDA:3,SyncLoader
FNDA:6,(anonymous_10)
DA:2,1
DA:3,1
DA:4,0
DA:5,0
DA:6,0
DA:7,0
DA:9,0
DA:11,1
DA:13,1
DA:14,36
DA:15,36
DA:16,36
DA:17,36
DA:19,36
DA:21,0
DA:22,0
DA:24,1
DA:25,1
DA:27,0
DA:29,1
DA:30,1
DA:31,1
DA:32,36
DA:33,1
DA:34,1
DA:36,1
DA:37,3
DA:38,3
DA:39,1
DA:40,3
DA:41,3
DA:42,0
DA:43,0
DA:45,3
DA:47,1
DA:48,1
DA:49,1
DA:50,1
DA:51,1
DA:53,3
DA:54,3
DA:55,3
DA:56,6
DA:67,3
DA:68,1
DA:70,2
DA:75,1
LF:47
LH:37
BRDA:2,0,0,1
BRDA:2,0,1,1
BRDA:2,0,2,1
BRDA:3,1,0,1
BRDA:3,1,1,0
BRDA:6,2,0,0
BRDA:6,2,1,0
BRDA:13,3,0,1
BRDA:13,3,1,1
BRDA:13,3,2,1
BRDA:13,4,0,1
BRDA:13,4,1,0
BRDA:14,5,0,36
BRDA:14,5,1,0
BRDA:16,6,0,36
BRDA:16,6,1,0
BRDA:16,7,0,36
BRDA:16,7,1,36
BRDA:16,8,0,0
BRDA:16,8,1,36
BRDA:16,9,0,36
BRDA:16,9,1,0
BRDA:21,10,0,0
BRDA:21,10,1,0
BRDA:24,11,0,1
BRDA:24,11,1,1
BRDA:24,11,2,1
BRDA:24,12,0,1
BRDA:24,12,1,0
BRDA:29,13,0,1
BRDA:29,13,1,1
BRDA:29,13,2,1
BRDA:30,14,0,0
BRDA:30,14,1,1
BRDA:30,15,0,1
BRDA:30,15,1,1
BRDA:32,16,0,1
BRDA:32,16,1,0
BRDA:32,17,0,36
BRDA:32,17,1,0
BRDA:32,18,0,36
BRDA:32,18,1,36
BRDA:36,19,0,1
BRDA:36,19,1,1
BRDA:36,19,2,1
BRDA:38,20,0,1
BRDA:38,20,1,2
BRDA:38,21,0,3
BRDA:38,21,1,3
BRDA:40,22,0,3
BRDA:40,22,1,0
BRDA:40,23,0,3
BRDA:40,23,1,3
BRDA:42,24,0,0
BRDA:42,24,1,0
BRDA:42,25,0,0
BRDA:42,25,1,0
BRDA:53,26,0,2
BRDA:53,26,1,1
BRDA:53,27,0,3
BRDA:53,27,1,0
BRDA:53,28,0,3
BRDA:53,28,1,0
BRDA:53,29,0,2
BRDA:53,29,1,1
BRDA:53,30,0,3
BRDA:53,30,1,0
BRDA:53,31,0,3
BRDA:53,31,1,0
BRDA:67,32,0,1
BRDA:67,32,1,2
BRF:71
BRH:48
end_of_record
TN:
SF:src/index.ts
FN:2,(anonymous_0)
FN:8,(anonymous_1)
FN:10,(anonymous_2)
FN:12,(anonymous_3)
FN:14,(anonymous_4)
FN:16,(anonymous_5)
FN:18,(anonymous_6)
FN:20,(anonymous_7)
FN:22,(anonymous_8)
FN:24,(anonymous_9)
FN:26,(anonymous_10)
FN:28,(anonymous_11)
FN:30,(anonymous_12)
FN:32,(anonymous_13)
FN:34,(anonymous_14)
FN:36,(anonymous_15)
FN:38,(anonymous_16)
FN:40,(anonymous_17)
FN:42,(anonymous_18)
FN:44,(anonymous_19)
FN:46,(anonymous_20)
FN:48,(anonymous_21)
FN:50,(anonymous_22)
FN:52,(anonymous_23)
FNF:24
FNH:24
FNDA:23,(anonymous_0)
FNDA:1,(anonymous_1)
FNDA:1,(anonymous_2)
FNDA:1,(anonymous_3)
FNDA:1,(anonymous_4)
FNDA:1,(anonymous_5)
FNDA:1,(anonymous_6)
FNDA:1,(anonymous_7)
FNDA:1,(anonymous_8)
FNDA:1,(anonymous_9)
FNDA:1,(anonymous_10)
FNDA:1,(anonymous_11)
FNDA:1,(anonymous_12)
FNDA:1,(anonymous_13)
FNDA:1,(anonymous_14)
FNDA:1,(anonymous_15)
FNDA:1,(anonymous_16)
FNDA:1,(anonymous_17)
FNDA:1,(anonymous_18)
FNDA:1,(anonymous_19)
FNDA:1,(anonymous_20)
FNDA:1,(anonymous_21)
FNDA:1,(anonymous_22)
FNDA:1,(anonymous_23)
DA:2,1
DA:3,23
DA:5,1
DA:6,1
DA:7,1
DA:8,1
DA:9,1
DA:10,1
DA:11,1
DA:12,1
DA:13,1
DA:14,1
DA:15,1
DA:16,1
DA:17,1
DA:18,1
DA:19,1
DA:20,1
DA:21,1
DA:22,1
DA:23,1
DA:24,1
DA:25,1
DA:26,1
DA:27,1
DA:28,1
DA:29,1
DA:30,1
DA:31,1
DA:32,1
DA:33,1
DA:34,1
DA:35,1
DA:36,1
DA:37,1
DA:38,1
DA:39,1
DA:40,1
DA:41,1
DA:42,1
DA:43,1
DA:44,1
DA:45,1
DA:46,1
DA:47,1
DA:48,1
DA:49,1
DA:50,1
DA:51,1
DA:52,1
LF:50
LH:50
BRDA:2,0,0,1
BRDA:2,0,1,1
BRDA:2,0,2,1
BRDA:3,1,0,23
BRDA:3,1,1,0
BRDA:3,2,0,23
BRDA:3,2,1,23
BRF:7
BRH:6
end_of_record
TN:
SF:src/helpers/animation.ts
FN:4,(anonymous_0)
FN:19,animationSuffix
FNF:2
FNH:2
FNDA:48,(anonymous_0)
FNDA:48,animationSuffix
DA:2,3
DA:3,3
DA:4,3
DA:5,48
DA:6,48
DA:7,1
DA:9,47
DA:10,47
DA:11,47
DA:12,47
DA:13,47
DA:14,47
DA:16,47
DA:18,3
DA:20,48
DA:21,48
DA:22,48
DA:23,48
DA:24,48
DA:25,480
DA:26,480
DA:28,48
LF:22
LH:22
BRDA:6,0,0,1
BRDA:6,0,1,47
BRDA:6,1,0,48
BRDA:6,1,1,47
BRDA:13,2,0,47
BRDA:13,2,1,0
BRF:6
BRH:5
end_of_record
TN:
SF:src/helpers/colors.ts
FN:5,(anonymous_0)
FN:24,(anonymous_1)
FN:42,(anonymous_2)
FN:54,(anonymous_3)
FN:60,(anonymous_4)
FNF:5
FNH:5
FNDA:2,(anonymous_0)
FNDA:8,(anonymous_1)
FNDA:35,(anonymous_2)
FNDA:9,(anonymous_3)
FNDA:81,(anonymous_4)
DA:2,2
DA:3,2
DA:5,2
DA:6,2
DA:7,2
DA:8,2
DA:9,2
DA:10,2
DA:11,2
DA:12,2
DA:13,2
DA:14,2
DA:15,2
DA:16,2
DA:17,2
DA:18,2
DA:19,2
DA:20,2
DA:21,2
DA:22,2
DA:24,2
DA:26,8
DA:27,2
DA:29,6
DA:30,6
DA:32,6
DA:33,2
DA:36,4
DA:37,2
DA:40,2
DA:42,2
DA:43,35
DA:44,8
DA:46,27
DA:47,17
DA:49,27
DA:50,26
DA:52,27
DA:53,3
DA:54,3
DA:55,9
DA:56,9
DA:58,3
DA:60,81
DA:61,27
DA:63,2
LF:46
LH:46
BRDA:23,0,0,2
BRDA:23,0,1,2
BRDA:26,1,0,2
BRDA:26,1,1,6
BRDA:29,2,0,3
BRDA:29,2,1,3
BRDA:32,3,0,2
BRDA:32,3,1,4
BRDA:36,4,0,2
BRDA:36,4,1,2
BRDA:43,5,0,8
BRDA:43,5,1,27
BRDA:46,6,0,17
BRDA:46,6,1,10
BRDA:49,7,0,26
BRDA:49,7,1,1
BRDA:52,8,0,3
BRDA:52,8,1,24
BRDA:60,9,0,27
BRDA:60,9,1,0
BRF:20
BRH:19
end_of_record
TN:
SF:src/helpers/unitConverter.ts
FN:31,parseLengthAndUnit
FN:65,cssValue
FNF:2
FNH:2
FNDA:456,parseLengthAndUnit
FNDA:408,cssValue
DA:2,2
DA:3,2
DA:4,2
DA:5,2
DA:32,456
DA:33,450
DA:39,6
DA:40,6
DA:41,1
DA:44,5
DA:46,6
DA:47,6
DA:48,4
DA:53,2
DA:54,2
DA:66,408
DA:67,408
LF:17
LH:17
BRDA:32,0,0,450
BRDA:32,0,1,6
BRDA:39,1,0,6
BRDA:39,1,1,0
BRDA:40,2,0,1
BRDA:40,2,1,5
BRDA:46,3,0,6
BRDA:46,3,1,0
BRDA:47,4,0,4
BRDA:47,4,1,2
BRF:10
BRH:8
end_of_record
