TN:
SF:src/BarLoader.tsx
FN:2,(anonymous_0)
FN:3,(anonymous_1)
FN:13,(anonymous_2)
FN:17,(anonymous_3)
FN:20,(anonymous_4)
FN:24,(anonymous_5)
FN:26,(anonymous_6)
FN:29,(anonymous_7)
FN:30,(anonymous_8)
FN:31,(anonymous_9)
FN:38,(anonymous_10)
FN:46,(anonymous_11)
FN:64,BarLoader
FN:67,(anonymous_13)
FNF:14
FNH:10
FNDA:1,(anonymous_0)
FNDA:0,(anonymous_1)
FNDA:41,(anonymous_2)
FNDA:6,(anonymous_3)
FNDA:0,(anonymous_4)
FNDA:1,(anonymous_5)
FNDA:0,(anonymous_6)
FNDA:1,(anonymous_7)
FNDA:1,(anonymous_8)
FNDA:0,(anonymous_9)
FNDA:1,(anonymous_10)
FNDA:3,(anonymous_11)
FNDA:3,BarLoader
FNDA:4,(anonymous_13)
DA:2,1
DA:3,1
DA:4,0
DA:5,0
DA:6,0
DA:7,0
DA:9,0
DA:11,1
DA:13,1
DA:14,41
DA:15,41
DA:16,41
DA:17,41
DA:19,41
DA:21,0
DA:22,0
DA:24,1
DA:25,1
DA:27,0
DA:29,1
DA:30,1
DA:31,1
DA:32,0
DA:33,0
DA:34,0
DA:36,1
DA:38,1
DA:39,1
DA:40,1
DA:41,41
DA:42,1
DA:43,1
DA:46,1
DA:47,3
DA:48,3
DA:49,1
DA:50,3
DA:51,3
DA:52,0
DA:53,0
DA:55,3
DA:57,1
DA:58,1
DA:59,1
DA:60,1
DA:61,1
DA:62,1
DA:63,1
DA:65,3
DA:66,3
DA:67,3
DA:68,4
DA:81,3
DA:82,1
DA:84,2
DA:88,1
LF:56
LH:43
BRDA:2,0,0,1
BRDA:2,0,1,1
BRDA:2,0,2,1
BRDA:3,1,0,1
BRDA:3,1,1,0
BRDA:6,2,0,0
BRDA:6,2,1,0
BRDA:13,3,0,1
BRDA:13,3,1,1
BRDA:13,3,2,1
BRDA:13,4,0,1
BRDA:13,4,1,0
BRDA:14,5,0,41
BRDA:14,5,1,0
BRDA:16,6,0,41
BRDA:16,6,1,0
BRDA:16,7,0,41
BRDA:16,7,1,41
BRDA:16,8,0,0
BRDA:16,8,1,41
BRDA:16,9,0,41
BRDA:16,9,1,0
BRDA:21,10,0,0
BRDA:21,10,1,0
BRDA:24,11,0,1
BRDA:24,11,1,1
BRDA:24,11,2,1
BRDA:24,12,0,1
BRDA:24,12,1,0
BRDA:29,13,0,1
BRDA:29,13,1,1
BRDA:29,13,2,1
BRDA:31,14,0,1
BRDA:31,14,1,0
BRDA:33,15,0,0
BRDA:33,15,1,0
BRDA:39,16,0,0
BRDA:39,16,1,1
BRDA:39,17,0,1
BRDA:39,17,1,1
BRDA:41,18,0,1
BRDA:41,18,1,0
BRDA:41,19,0,41
BRDA:41,19,1,0
BRDA:46,20,0,1
BRDA:46,20,1,1
BRDA:46,20,2,1
BRDA:48,21,0,1
BRDA:48,21,1,2
BRDA:48,22,0,3
BRDA:48,22,1,3
BRDA:50,23,0,3
BRDA:50,23,1,0
BRDA:50,24,0,3
BRDA:50,24,1,3
BRDA:52,25,0,0
BRDA:52,25,1,0
BRDA:52,26,0,0
BRDA:52,26,1,0
BRDA:65,27,0,2
BRDA:65,27,1,1
BRDA:65,28,0,3
BRDA:65,28,1,0
BRDA:65,29,0,3
BRDA:65,29,1,0
BRDA:65,30,0,2
BRDA:65,30,1,1
BRDA:65,31,0,3
BRDA:65,31,1,0
BRDA:65,32,0,3
BRDA:65,32,1,0
BRDA:78,33,0,2
BRDA:78,33,1,2
BRDA:78,34,0,2
BRDA:78,34,1,2
BRDA:78,35,0,2
BRDA:78,35,1,2
BRDA:81,36,0,1
BRDA:81,36,1,2
BRF:79
BRH:53
end_of_record
TN:
SF:src/BeatLoader.tsx
FN:2,(anonymous_0)
FN:3,(anonymous_1)
FN:13,(anonymous_2)
FN:17,(anonymous_3)
FN:20,(anonymous_4)
FN:24,(anonymous_5)
FN:26,(anonymous_6)
FN:29,(anonymous_7)
FN:30,(anonymous_8)
FN:31,(anonymous_9)
FN:38,(anonymous_10)
FN:46,(anonymous_11)
FN:62,BeatLoader
FN:65,(anonymous_13)
FNF:14
FNH:10
FNDA:1,(anonymous_0)
FNDA:0,(anonymous_1)
FNDA:41,(anonymous_2)
FNDA:8,(anonymous_3)
FNDA:0,(anonymous_4)
FNDA:1,(anonymous_5)
FNDA:0,(anonymous_6)
FNDA:1,(anonymous_7)
FNDA:1,(anonymous_8)
FNDA:0,(anonymous_9)
FNDA:1,(anonymous_10)
FNDA:3,(anonymous_11)
FNDA:3,BeatLoader
FNDA:6,(anonymous_13)
DA:2,1
DA:3,1
DA:4,0
DA:5,0
DA:6,0
DA:7,0
DA:9,0
DA:11,1
DA:13,1
DA:14,41
DA:15,41
DA:16,41
DA:17,41
DA:19,41
DA:21,0
DA:22,0
DA:24,1
DA:25,1
DA:27,0
DA:29,1
DA:30,1
DA:31,1
DA:32,0
DA:33,0
DA:34,0
DA:36,1
DA:38,1
DA:39,1
DA:40,1
DA:41,41
DA:42,1
DA:43,1
DA:46,1
DA:47,3
DA:48,3
DA:49,1
DA:50,3
DA:51,3
DA:52,0
DA:53,0
DA:55,3
DA:57,1
DA:58,1
DA:59,1
DA:60,1
DA:61,1
DA:63,3
DA:64,3
DA:65,3
DA:66,6
DA:77,3
DA:78,1
DA:80,2
DA:85,1
LF:54
LH:41
BRDA:2,0,0,1
BRDA:2,0,1,1
BRDA:2,0,2,1
BRDA:3,1,0,1
BRDA:3,1,1,0
BRDA:6,2,0,0
BRDA:6,2,1,0
BRDA:13,3,0,1
BRDA:13,3,1,1
BRDA:13,3,2,1
BRDA:13,4,0,1
BRDA:13,4,1,0
BRDA:14,5,0,41
BRDA:14,5,1,0
BRDA:16,6,0,41
BRDA:16,6,1,0
BRDA:16,7,0,41
BRDA:16,7,1,41
BRDA:16,8,0,0
BRDA:16,8,1,41
BRDA:16,9,0,41
BRDA:16,9,1,0
BRDA:21,10,0,0
BRDA:21,10,1,0
BRDA:24,11,0,1
BRDA:24,11,1,1
BRDA:24,11,2,1
BRDA:24,12,0,1
BRDA:24,12,1,0
BRDA:29,13,0,1
BRDA:29,13,1,1
BRDA:29,13,2,1
BRDA:31,14,0,1
BRDA:31,14,1,0
BRDA:33,15,0,0
BRDA:33,15,1,0
BRDA:39,16,0,0
BRDA:39,16,1,1
BRDA:39,17,0,1
BRDA:39,17,1,1
BRDA:41,18,0,1
BRDA:41,18,1,0
BRDA:41,19,0,41
BRDA:41,19,1,0
BRDA:46,20,0,1
BRDA:46,20,1,1
BRDA:46,20,2,1
BRDA:48,21,0,1
BRDA:48,21,1,2
BRDA:48,22,0,3
BRDA:48,22,1,3
BRDA:50,23,0,3
BRDA:50,23,1,0
BRDA:50,24,0,3
BRDA:50,24,1,3
BRDA:52,25,0,0
BRDA:52,25,1,0
BRDA:52,26,0,0
BRDA:52,26,1,0
BRDA:63,27,0,2
BRDA:63,27,1,1
BRDA:63,28,0,3
BRDA:63,28,1,0
BRDA:63,29,0,3
BRDA:63,29,1,0
BRDA:63,30,0,2
BRDA:63,30,1,1
BRDA:63,31,0,3
BRDA:63,31,1,0
BRDA:63,32,0,3
BRDA:63,32,1,0
BRDA:73,33,0,4
BRDA:73,33,1,2
BRDA:77,34,0,1
BRDA:77,34,1,2
BRF:75
BRH:49
end_of_record
TN:
SF:src/BounceLoader.tsx
FN:2,(anonymous_0)
FN:3,(anonymous_1)
FN:13,(anonymous_2)
FN:17,(anonymous_3)
FN:20,(anonymous_4)
FN:24,(anonymous_5)
FN:26,(anonymous_6)
FN:29,(anonymous_7)
FN:30,(anonymous_8)
FN:31,(anonymous_9)
FN:38,(anonymous_10)
FN:46,(anonymous_11)
FN:62,BounceLoader
FN:64,(anonymous_13)
FNF:14
FNH:10
FNDA:1,(anonymous_0)
FNDA:0,(anonymous_1)
FNDA:41,(anonymous_2)
FNDA:6,(anonymous_3)
FNDA:0,(anonymous_4)
FNDA:1,(anonymous_5)
FNDA:0,(anonymous_6)
FNDA:1,(anonymous_7)
FNDA:1,(anonymous_8)
FNDA:0,(anonymous_9)
FNDA:1,(anonymous_10)
FNDA:3,(anonymous_11)
FNDA:3,BounceLoader
FNDA:4,(anonymous_13)
DA:2,1
DA:3,1
DA:4,0
DA:5,0
DA:6,0
DA:7,0
DA:9,0
DA:11,1
DA:13,1
DA:14,41
DA:15,41
DA:16,41
DA:17,41
DA:19,41
DA:21,0
DA:22,0
DA:24,1
DA:25,1
DA:27,0
DA:29,1
DA:30,1
DA:31,1
DA:32,0
DA:33,0
DA:34,0
DA:36,1
DA:38,1
DA:39,1
DA:40,1
DA:41,41
DA:42,1
DA:43,1
DA:46,1
DA:47,3
DA:48,3
DA:49,1
DA:50,3
DA:51,3
DA:52,0
DA:53,0
DA:55,3
DA:57,1
DA:58,1
DA:59,1
DA:60,1
DA:61,1
DA:63,3
DA:64,3
DA:65,4
DA:66,4
DA:79,3
DA:80,3
DA:81,1
DA:83,2
DA:87,1
LF:55
LH:42
BRDA:2,0,0,1
BRDA:2,0,1,1
BRDA:2,0,2,1
BRDA:3,1,0,1
BRDA:3,1,1,0
BRDA:6,2,0,0
BRDA:6,2,1,0
BRDA:13,3,0,1
BRDA:13,3,1,1
BRDA:13,3,2,1
BRDA:13,4,0,1
BRDA:13,4,1,0
BRDA:14,5,0,41
BRDA:14,5,1,0
BRDA:16,6,0,41
BRDA:16,6,1,0
BRDA:16,7,0,41
BRDA:16,7,1,41
BRDA:16,8,0,0
BRDA:16,8,1,41
BRDA:16,9,0,41
BRDA:16,9,1,0
BRDA:21,10,0,0
BRDA:21,10,1,0
BRDA:24,11,0,1
BRDA:24,11,1,1
BRDA:24,11,2,1
BRDA:24,12,0,1
BRDA:24,12,1,0
BRDA:29,13,0,1
BRDA:29,13,1,1
BRDA:29,13,2,1
BRDA:31,14,0,1
BRDA:31,14,1,0
BRDA:33,15,0,0
BRDA:33,15,1,0
BRDA:39,16,0,0
BRDA:39,16,1,1
BRDA:39,17,0,1
BRDA:39,17,1,1
BRDA:41,18,0,1
BRDA:41,18,1,0
BRDA:41,19,0,41
BRDA:41,19,1,0
BRDA:46,20,0,1
BRDA:46,20,1,1
BRDA:46,20,2,1
BRDA:48,21,0,1
BRDA:48,21,1,2
BRDA:48,22,0,3
BRDA:48,22,1,3
BRDA:50,23,0,3
BRDA:50,23,1,0
BRDA:50,24,0,3
BRDA:50,24,1,3
BRDA:52,25,0,0
BRDA:52,25,1,0
BRDA:52,26,0,0
BRDA:52,26,1,0
BRDA:63,27,0,2
BRDA:63,27,1,1
BRDA:63,28,0,3
BRDA:63,28,1,0
BRDA:63,29,0,3
BRDA:63,29,1,0
BRDA:63,30,0,2
BRDA:63,30,1,1
BRDA:63,31,0,3
BRDA:63,31,1,0
BRDA:65,32,0,2
BRDA:65,32,1,2
BRDA:80,33,0,1
BRDA:80,33,1,2
BRF:73
BRH:48
end_of_record
TN:
SF:src/CircleLoader.tsx
FN:2,(anonymous_0)
FN:3,(anonymous_1)
FN:13,(anonymous_2)
FN:17,(anonymous_3)
FN:20,(anonymous_4)
FN:24,(anonymous_5)
FN:26,(anonymous_6)
FN:29,(anonymous_7)
FN:30,(anonymous_8)
FN:31,(anonymous_9)
FN:38,(anonymous_10)
FN:46,(anonymous_11)
FN:62,CircleLoader
FN:65,(anonymous_13)
FNF:14
FNH:10
FNDA:1,(anonymous_0)
FNDA:0,(anonymous_1)
FNDA:41,(anonymous_2)
FNDA:12,(anonymous_3)
FNDA:0,(anonymous_4)
FNDA:1,(anonymous_5)
FNDA:0,(anonymous_6)
FNDA:1,(anonymous_7)
FNDA:1,(anonymous_8)
FNDA:0,(anonymous_9)
FNDA:1,(anonymous_10)
FNDA:3,(anonymous_11)
FNDA:3,CircleLoader
FNDA:10,(anonymous_13)
DA:2,1
DA:3,1
DA:4,0
DA:5,0
DA:6,0
DA:7,0
DA:9,0
DA:11,1
DA:13,1
DA:14,41
DA:15,41
DA:16,41
DA:17,41
DA:19,41
DA:21,0
DA:22,0
DA:24,1
DA:25,1
DA:27,0
DA:29,1
DA:30,1
DA:31,1
DA:32,0
DA:33,0
DA:34,0
DA:36,1
DA:38,1
DA:39,1
DA:40,1
DA:41,41
DA:42,1
DA:43,1
DA:46,1
DA:47,3
DA:48,3
DA:49,1
DA:50,3
DA:51,3
DA:52,0
DA:53,0
DA:55,3
DA:57,1
DA:58,1
DA:59,1
DA:60,1
DA:61,1
DA:63,3
DA:64,3
DA:65,3
DA:66,10
DA:67,10
DA:82,3
DA:83,1
DA:85,2
DA:92,1
LF:55
LH:42
BRDA:2,0,0,1
BRDA:2,0,1,1
BRDA:2,0,2,1
BRDA:3,1,0,1
BRDA:3,1,1,0
BRDA:6,2,0,0
BRDA:6,2,1,0
BRDA:13,3,0,1
BRDA:13,3,1,1
BRDA:13,3,2,1
BRDA:13,4,0,1
BRDA:13,4,1,0
BRDA:14,5,0,41
BRDA:14,5,1,0
BRDA:16,6,0,41
BRDA:16,6,1,0
BRDA:16,7,0,41
BRDA:16,7,1,41
BRDA:16,8,0,0
BRDA:16,8,1,41
BRDA:16,9,0,41
BRDA:16,9,1,0
BRDA:21,10,0,0
BRDA:21,10,1,0
BRDA:24,11,0,1
BRDA:24,11,1,1
BRDA:24,11,2,1
BRDA:24,12,0,1
BRDA:24,12,1,0
BRDA:29,13,0,1
BRDA:29,13,1,1
BRDA:29,13,2,1
BRDA:31,14,0,1
BRDA:31,14,1,0
BRDA:33,15,0,0
BRDA:33,15,1,0
BRDA:39,16,0,0
BRDA:39,16,1,1
BRDA:39,17,0,1
BRDA:39,17,1,1
BRDA:41,18,0,1
BRDA:41,18,1,0
BRDA:41,19,0,41
BRDA:41,19,1,0
BRDA:46,20,0,1
BRDA:46,20,1,1
BRDA:46,20,2,1
BRDA:48,21,0,1
BRDA:48,21,1,2
BRDA:48,22,0,3
BRDA:48,22,1,3
BRDA:50,23,0,3
BRDA:50,23,1,0
BRDA:50,24,0,3
BRDA:50,24,1,3
BRDA:52,25,0,0
BRDA:52,25,1,0
BRDA:52,26,0,0
BRDA:52,26,1,0
BRDA:63,27,0,2
BRDA:63,27,1,1
BRDA:63,28,0,3
BRDA:63,28,1,0
BRDA:63,29,0,3
BRDA:63,29,1,0
BRDA:63,30,0,2
BRDA:63,30,1,1
BRDA:63,31,0,3
BRDA:63,31,1,0
BRDA:82,32,0,1
BRDA:82,32,1,2
BRF:71
BRH:46
end_of_record
TN:
SF:src/ClimbingBoxLoader.tsx
FN:2,(anonymous_0)
FN:3,(anonymous_1)
FN:13,(anonymous_2)
FN:17,(anonymous_3)
FN:20,(anonymous_4)
FN:24,(anonymous_5)
FN:26,(anonymous_6)
FN:29,(anonymous_7)
FN:30,(anonymous_8)
FN:31,(anonymous_9)
FN:38,(anonymous_10)
FN:46,(anonymous_11)
FN:62,ClimbingBoxLoader
FNF:13
FNH:9
FNDA:1,(anonymous_0)
FNDA:0,(anonymous_1)
FNDA:41,(anonymous_2)
FNDA:8,(anonymous_3)
FNDA:0,(anonymous_4)
FNDA:1,(anonymous_5)
FNDA:0,(anonymous_6)
FNDA:1,(anonymous_7)
FNDA:1,(anonymous_8)
FNDA:0,(anonymous_9)
FNDA:1,(anonymous_10)
FNDA:3,(anonymous_11)
FNDA:3,ClimbingBoxLoader
DA:2,1
DA:3,1
DA:4,0
DA:5,0
DA:6,0
DA:7,0
DA:9,0
DA:11,1
DA:13,1
DA:14,41
DA:15,41
DA:16,41
DA:17,41
DA:19,41
DA:21,0
DA:22,0
DA:24,1
DA:25,1
DA:27,0
DA:29,1
DA:30,1
DA:31,1
DA:32,0
DA:33,0
DA:34,0
DA:36,1
DA:38,1
DA:39,1
DA:40,1
DA:41,41
DA:42,1
DA:43,1
DA:46,1
DA:47,3
DA:48,3
DA:49,1
DA:50,3
DA:51,3
DA:52,0
DA:53,0
DA:55,3
DA:57,1
DA:58,1
DA:59,1
DA:60,1
DA:61,1
DA:63,3
DA:64,3
DA:65,3
DA:75,3
DA:88,3
DA:97,3
DA:98,1
DA:100,2
DA:105,1
LF:55
LH:42
BRDA:2,0,0,1
BRDA:2,0,1,1
BRDA:2,0,2,1
BRDA:3,1,0,1
BRDA:3,1,1,0
BRDA:6,2,0,0
BRDA:6,2,1,0
BRDA:13,3,0,1
BRDA:13,3,1,1
BRDA:13,3,2,1
BRDA:13,4,0,1
BRDA:13,4,1,0
BRDA:14,5,0,41
BRDA:14,5,1,0
BRDA:16,6,0,41
BRDA:16,6,1,0
BRDA:16,7,0,41
BRDA:16,7,1,41
BRDA:16,8,0,0
BRDA:16,8,1,41
BRDA:16,9,0,41
BRDA:16,9,1,0
BRDA:21,10,0,0
BRDA:21,10,1,0
BRDA:24,11,0,1
BRDA:24,11,1,1
BRDA:24,11,2,1
BRDA:24,12,0,1
BRDA:24,12,1,0
BRDA:29,13,0,1
BRDA:29,13,1,1
BRDA:29,13,2,1
BRDA:31,14,0,1
BRDA:31,14,1,0
BRDA:33,15,0,0
BRDA:33,15,1,0
BRDA:39,16,0,0
BRDA:39,16,1,1
BRDA:39,17,0,1
BRDA:39,17,1,1
BRDA:41,18,0,1
BRDA:41,18,1,0
BRDA:41,19,0,41
BRDA:41,19,1,0
BRDA:46,20,0,1
BRDA:46,20,1,1
BRDA:46,20,2,1
BRDA:48,21,0,1
BRDA:48,21,1,2
BRDA:48,22,0,3
BRDA:48,22,1,3
BRDA:50,23,0,3
BRDA:50,23,1,0
BRDA:50,24,0,3
BRDA:50,24,1,3
BRDA:52,25,0,0
BRDA:52,25,1,0
BRDA:52,26,0,0
BRDA:52,26,1,0
BRDA:63,27,0,2
BRDA:63,27,1,1
BRDA:63,28,0,3
BRDA:63,28,1,0
BRDA:63,29,0,3
BRDA:63,29,1,0
BRDA:63,30,0,2
BRDA:63,30,1,1
BRDA:63,31,0,3
BRDA:63,31,1,0
BRDA:97,32,0,1
BRDA:97,32,1,2
BRF:71
BRH:46
end_of_record
TN:
SF:src/ClipLoader.tsx
FN:2,(anonymous_0)
FN:3,(anonymous_1)
FN:13,(anonymous_2)
FN:17,(anonymous_3)
FN:20,(anonymous_4)
FN:24,(anonymous_5)
FN:26,(anonymous_6)
FN:29,(anonymous_7)
FN:30,(anonymous_8)
FN:31,(anonymous_9)
FN:38,(anonymous_10)
FN:46,(anonymous_11)
FN:62,ClipLoader
FNF:13
FNH:9
FNDA:1,(anonymous_0)
FNDA:0,(anonymous_1)
FNDA:41,(anonymous_2)
FNDA:2,(anonymous_3)
FNDA:0,(anonymous_4)
FNDA:1,(anonymous_5)
FNDA:0,(anonymous_6)
FNDA:1,(anonymous_7)
FNDA:1,(anonymous_8)
FNDA:0,(anonymous_9)
FNDA:1,(anonymous_10)
FNDA:3,(anonymous_11)
FNDA:3,ClipLoader
DA:2,1
DA:3,1
DA:4,0
DA:5,0
DA:6,0
DA:7,0
DA:9,0
DA:11,1
DA:13,1
DA:14,41
DA:15,41
DA:16,41
DA:17,41
DA:19,41
DA:21,0
DA:22,0
DA:24,1
DA:25,1
DA:27,0
DA:29,1
DA:30,1
DA:31,1
DA:32,0
DA:33,0
DA:34,0
DA:36,1
DA:38,1
DA:39,1
DA:40,1
DA:41,41
DA:42,1
DA:43,1
DA:46,1
DA:47,3
DA:48,3
DA:49,1
DA:50,3
DA:51,3
DA:52,0
DA:53,0
DA:55,3
DA:57,1
DA:58,1
DA:59,1
DA:60,1
DA:61,1
DA:63,3
DA:64,3
DA:65,3
DA:66,1
DA:68,2
DA:70,1
LF:52
LH:39
BRDA:2,0,0,1
BRDA:2,0,1,1
BRDA:2,0,2,1
BRDA:3,1,0,1
BRDA:3,1,1,0
BRDA:6,2,0,0
BRDA:6,2,1,0
BRDA:13,3,0,1
BRDA:13,3,1,1
BRDA:13,3,2,1
BRDA:13,4,0,1
BRDA:13,4,1,0
BRDA:14,5,0,41
BRDA:14,5,1,0
BRDA:16,6,0,41
BRDA:16,6,1,0
BRDA:16,7,0,41
BRDA:16,7,1,41
BRDA:16,8,0,0
BRDA:16,8,1,41
BRDA:16,9,0,41
BRDA:16,9,1,0
BRDA:21,10,0,0
BRDA:21,10,1,0
BRDA:24,11,0,1
BRDA:24,11,1,1
BRDA:24,11,2,1
BRDA:24,12,0,1
BRDA:24,12,1,0
BRDA:29,13,0,1
BRDA:29,13,1,1
BRDA:29,13,2,1
BRDA:31,14,0,1
BRDA:31,14,1,0
BRDA:33,15,0,0
BRDA:33,15,1,0
BRDA:39,16,0,0
BRDA:39,16,1,1
BRDA:39,17,0,1
BRDA:39,17,1,1
BRDA:41,18,0,1
BRDA:41,18,1,0
BRDA:41,19,0,41
BRDA:41,19,1,0
BRDA:46,20,0,1
BRDA:46,20,1,1
BRDA:46,20,2,1
BRDA:48,21,0,1
BRDA:48,21,1,2
BRDA:48,22,0,3
BRDA:48,22,1,3
BRDA:50,23,0,3
BRDA:50,23,1,0
BRDA:50,24,0,3
BRDA:50,24,1,3
BRDA:52,25,0,0
BRDA:52,25,1,0
BRDA:52,26,0,0
BRDA:52,26,1,0
BRDA:63,27,0,2
BRDA:63,27,1,1
BRDA:63,28,0,3
BRDA:63,28,1,0
BRDA:63,29,0,3
BRDA:63,29,1,0
BRDA:63,30,0,2
BRDA:63,30,1,1
BRDA:63,31,0,3
BRDA:63,31,1,0
BRDA:65,32,0,1
BRDA:65,32,1,2
BRF:71
BRH:46
end_of_record
TN:
SF:src/ClockLoader.tsx
FN:2,(anonymous_0)
FN:3,(anonymous_1)
FN:13,(anonymous_2)
FN:17,(anonymous_3)
FN:20,(anonymous_4)
FN:24,(anonymous_5)
FN:26,(anonymous_6)
FN:29,(anonymous_7)
FN:30,(anonymous_8)
FN:31,(anonymous_9)
FN:38,(anonymous_10)
FN:46,(anonymous_11)
FN:62,ClockLoader
FNF:13
FNH:9
FNDA:1,(anonymous_0)
FNDA:0,(anonymous_1)
FNDA:41,(anonymous_2)
FNDA:6,(anonymous_3)
FNDA:0,(anonymous_4)
FNDA:1,(anonymous_5)
FNDA:0,(anonymous_6)
FNDA:1,(anonymous_7)
FNDA:1,(anonymous_8)
FNDA:0,(anonymous_9)
FNDA:1,(anonymous_10)
FNDA:3,(anonymous_11)
FNDA:3,ClockLoader
DA:2,1
DA:3,1
DA:4,0
DA:5,0
DA:6,0
DA:7,0
DA:9,0
DA:11,1
DA:13,1
DA:14,41
DA:15,41
DA:16,41
DA:17,41
DA:19,41
DA:21,0
DA:22,0
DA:24,1
DA:25,1
DA:27,0
DA:29,1
DA:30,1
DA:31,1
DA:32,0
DA:33,0
DA:34,0
DA:36,1
DA:38,1
DA:39,1
DA:40,1
DA:41,41
DA:42,1
DA:43,1
DA:46,1
DA:47,3
DA:48,3
DA:49,1
DA:50,3
DA:51,3
DA:52,0
DA:53,0
DA:55,3
DA:57,1
DA:58,1
DA:59,1
DA:60,1
DA:61,1
DA:63,3
DA:64,3
DA:65,3
DA:66,3
DA:76,3
DA:86,3
DA:87,1
DA:89,2
DA:93,1
LF:55
LH:42
BRDA:2,0,0,1
BRDA:2,0,1,1
BRDA:2,0,2,1
BRDA:3,1,0,1
BRDA:3,1,1,0
BRDA:6,2,0,0
BRDA:6,2,1,0
BRDA:13,3,0,1
BRDA:13,3,1,1
BRDA:13,3,2,1
BRDA:13,4,0,1
BRDA:13,4,1,0
BRDA:14,5,0,41
BRDA:14,5,1,0
BRDA:16,6,0,41
BRDA:16,6,1,0
BRDA:16,7,0,41
BRDA:16,7,1,41
BRDA:16,8,0,0
BRDA:16,8,1,41
BRDA:16,9,0,41
BRDA:16,9,1,0
BRDA:21,10,0,0
BRDA:21,10,1,0
BRDA:24,11,0,1
BRDA:24,11,1,1
BRDA:24,11,2,1
BRDA:24,12,0,1
BRDA:24,12,1,0
BRDA:29,13,0,1
BRDA:29,13,1,1
BRDA:29,13,2,1
BRDA:31,14,0,1
BRDA:31,14,1,0
BRDA:33,15,0,0
BRDA:33,15,1,0
BRDA:39,16,0,0
BRDA:39,16,1,1
BRDA:39,17,0,1
BRDA:39,17,1,1
BRDA:41,18,0,1
BRDA:41,18,1,0
BRDA:41,19,0,41
BRDA:41,19,1,0
BRDA:46,20,0,1
BRDA:46,20,1,1
BRDA:46,20,2,1
BRDA:48,21,0,1
BRDA:48,21,1,2
BRDA:48,22,0,3
BRDA:48,22,1,3
BRDA:50,23,0,3
BRDA:50,23,1,0
BRDA:50,24,0,3
BRDA:50,24,1,3
BRDA:52,25,0,0
BRDA:52,25,1,0
BRDA:52,26,0,0
BRDA:52,26,1,0
BRDA:63,27,0,2
BRDA:63,27,1,1
BRDA:63,28,0,3
BRDA:63,28,1,0
BRDA:63,29,0,3
BRDA:63,29,1,0
BRDA:63,30,0,2
BRDA:63,30,1,1
BRDA:63,31,0,3
BRDA:63,31,1,0
BRDA:86,32,0,1
BRDA:86,32,1,2
BRF:71
BRH:46
end_of_record
TN:
SF:src/DotLoader.tsx
FN:2,(anonymous_0)
FN:3,(anonymous_1)
FN:13,(anonymous_2)
FN:17,(anonymous_3)
FN:20,(anonymous_4)
FN:24,(anonymous_5)
FN:26,(anonymous_6)
FN:29,(anonymous_7)
FN:30,(anonymous_8)
FN:31,(anonymous_9)
FN:38,(anonymous_10)
FN:46,(anonymous_11)
FN:63,DotLoader
FN:66,(anonymous_13)
FNF:14
FNH:10
FNDA:1,(anonymous_0)
FNDA:0,(anonymous_1)
FNDA:41,(anonymous_2)
FNDA:6,(anonymous_3)
FNDA:0,(anonymous_4)
FNDA:1,(anonymous_5)
FNDA:0,(anonymous_6)
FNDA:1,(anonymous_7)
FNDA:1,(anonymous_8)
FNDA:0,(anonymous_9)
FNDA:1,(anonymous_10)
FNDA:3,(anonymous_11)
FNDA:3,DotLoader
FNDA:4,(anonymous_13)
DA:2,1
DA:3,1
DA:4,0
DA:5,0
DA:6,0
DA:7,0
DA:9,0
DA:11,1
DA:13,1
DA:14,41
DA:15,41
DA:16,41
DA:17,41
DA:19,41
DA:21,0
DA:22,0
DA:24,1
DA:25,1
DA:27,0
DA:29,1
DA:30,1
DA:31,1
DA:32,0
DA:33,0
DA:34,0
DA:36,1
DA:38,1
DA:39,1
DA:40,1
DA:41,41
DA:42,1
DA:43,1
DA:46,1
DA:47,3
DA:48,3
DA:49,1
DA:50,3
DA:51,3
DA:52,0
DA:53,0
DA:55,3
DA:57,1
DA:58,1
DA:59,1
DA:60,1
DA:61,1
DA:62,1
DA:64,3
DA:65,3
DA:66,3
DA:67,4
DA:68,4
DA:80,3
DA:81,1
DA:83,2
DA:87,1
LF:56
LH:43
BRDA:2,0,0,1
BRDA:2,0,1,1
BRDA:2,0,2,1
BRDA:3,1,0,1
BRDA:3,1,1,0
BRDA:6,2,0,0
BRDA:6,2,1,0
BRDA:13,3,0,1
BRDA:13,3,1,1
BRDA:13,3,2,1
BRDA:13,4,0,1
BRDA:13,4,1,0
BRDA:14,5,0,41
BRDA:14,5,1,0
BRDA:16,6,0,41
BRDA:16,6,1,0
BRDA:16,7,0,41
BRDA:16,7,1,41
BRDA:16,8,0,0
BRDA:16,8,1,41
BRDA:16,9,0,41
BRDA:16,9,1,0
BRDA:21,10,0,0
BRDA:21,10,1,0
BRDA:24,11,0,1
BRDA:24,11,1,1
BRDA:24,11,2,1
BRDA:24,12,0,1
BRDA:24,12,1,0
BRDA:29,13,0,1
BRDA:29,13,1,1
BRDA:29,13,2,1
BRDA:31,14,0,1
BRDA:31,14,1,0
BRDA:33,15,0,0
BRDA:33,15,1,0
BRDA:39,16,0,0
BRDA:39,16,1,1
BRDA:39,17,0,1
BRDA:39,17,1,1
BRDA:41,18,0,1
BRDA:41,18,1,0
BRDA:41,19,0,41
BRDA:41,19,1,0
BRDA:46,20,0,1
BRDA:46,20,1,1
BRDA:46,20,2,1
BRDA:48,21,0,1
BRDA:48,21,1,2
BRDA:48,22,0,3
BRDA:48,22,1,3
BRDA:50,23,0,3
BRDA:50,23,1,0
BRDA:50,24,0,3
BRDA:50,24,1,3
BRDA:52,25,0,0
BRDA:52,25,1,0
BRDA:52,26,0,0
BRDA:52,26,1,0
BRDA:64,27,0,2
BRDA:64,27,1,1
BRDA:64,28,0,3
BRDA:64,28,1,0
BRDA:64,29,0,3
BRDA:64,29,1,0
BRDA:64,30,0,2
BRDA:64,30,1,1
BRDA:64,31,0,3
BRDA:64,31,1,0
BRDA:70,32,0,2
BRDA:70,32,1,2
BRDA:71,33,0,2
BRDA:71,33,1,2
BRDA:77,34,0,2
BRDA:77,34,1,2
BRDA:80,35,0,1
BRDA:80,35,1,2
BRF:77
BRH:52
end_of_record
TN:
SF:src/FadeLoader.tsx
FN:2,(anonymous_0)
FN:3,(anonymous_1)
FN:13,(anonymous_2)
FN:17,(anonymous_3)
FN:20,(anonymous_4)
FN:24,(anonymous_5)
FN:26,(anonymous_6)
FN:29,(anonymous_7)
FN:30,(anonymous_8)
FN:31,(anonymous_9)
FN:38,(anonymous_10)
FN:46,(anonymous_11)
FN:62,FadeLoader
FN:68,(anonymous_13)
FNF:14
FNH:10
FNDA:1,(anonymous_0)
FNDA:0,(anonymous_1)
FNDA:41,(anonymous_2)
FNDA:18,(anonymous_3)
FNDA:0,(anonymous_4)
FNDA:1,(anonymous_5)
FNDA:0,(anonymous_6)
FNDA:1,(anonymous_7)
FNDA:1,(anonymous_8)
FNDA:0,(anonymous_9)
FNDA:1,(anonymous_10)
FNDA:3,(anonymous_11)
FNDA:3,FadeLoader
FNDA:24,(anonymous_13)
DA:2,1
DA:3,1
DA:4,0
DA:5,0
DA:6,0
DA:7,0
DA:9,0
DA:11,1
DA:13,1
DA:14,41
DA:15,41
DA:16,41
DA:17,41
DA:19,41
DA:21,0
DA:22,0
DA:24,1
DA:25,1
DA:27,0
DA:29,1
DA:30,1
DA:31,1
DA:32,0
DA:33,0
DA:34,0
DA:36,1
DA:38,1
DA:39,1
DA:40,1
DA:41,41
DA:42,1
DA:43,1
DA:46,1
DA:47,3
DA:48,3
DA:49,1
DA:50,3
DA:51,3
DA:52,0
DA:53,0
DA:55,3
DA:57,1
DA:58,1
DA:59,1
DA:60,1
DA:61,1
DA:63,3
DA:64,3
DA:65,3
DA:66,3
DA:67,3
DA:68,3
DA:69,24
DA:81,3
DA:82,3
DA:83,3
DA:84,3
DA:85,3
DA:86,3
DA:87,3
DA:88,3
DA:89,3
DA:90,1
DA:92,2
DA:102,1
LF:65
LH:52
BRDA:2,0,0,1
BRDA:2,0,1,1
BRDA:2,0,2,1
BRDA:3,1,0,1
BRDA:3,1,1,0
BRDA:6,2,0,0
BRDA:6,2,1,0
BRDA:13,3,0,1
BRDA:13,3,1,1
BRDA:13,3,2,1
BRDA:13,4,0,1
BRDA:13,4,1,0
BRDA:14,5,0,41
BRDA:14,5,1,0
BRDA:16,6,0,41
BRDA:16,6,1,0
BRDA:16,7,0,41
BRDA:16,7,1,41
BRDA:16,8,0,0
BRDA:16,8,1,41
BRDA:16,9,0,41
BRDA:16,9,1,0
BRDA:21,10,0,0
BRDA:21,10,1,0
BRDA:24,11,0,1
BRDA:24,11,1,1
BRDA:24,11,2,1
BRDA:24,12,0,1
BRDA:24,12,1,0
BRDA:29,13,0,1
BRDA:29,13,1,1
BRDA:29,13,2,1
BRDA:31,14,0,1
BRDA:31,14,1,0
BRDA:33,15,0,0
BRDA:33,15,1,0
BRDA:39,16,0,0
BRDA:39,16,1,1
BRDA:39,17,0,1
BRDA:39,17,1,1
BRDA:41,18,0,1
BRDA:41,18,1,0
BRDA:41,19,0,41
BRDA:41,19,1,0
BRDA:46,20,0,1
BRDA:46,20,1,1
BRDA:46,20,2,1
BRDA:48,21,0,1
BRDA:48,21,1,2
BRDA:48,22,0,3
BRDA:48,22,1,3
BRDA:50,23,0,3
BRDA:50,23,1,0
BRDA:50,24,0,3
BRDA:50,24,1,3
BRDA:52,25,0,0
BRDA:52,25,1,0
BRDA:52,26,0,0
BRDA:52,26,1,0
BRDA:63,27,0,2
BRDA:63,27,1,1
BRDA:63,28,0,3
BRDA:63,28,1,0
BRDA:63,29,0,3
BRDA:63,29,1,0
BRDA:63,30,0,2
BRDA:63,30,1,1
BRDA:63,31,0,3
BRDA:63,31,1,0
BRDA:63,32,0,3
BRDA:63,32,1,0
BRDA:63,33,0,3
BRDA:63,33,1,0
BRDA:63,34,0,3
BRDA:63,34,1,0
BRDA:89,35,0,1
BRDA:89,35,1,2
BRF:77
BRH:49
end_of_record
TN:
SF:src/GridLoader.tsx
FN:2,(anonymous_0)
FN:3,(anonymous_1)
FN:13,(anonymous_2)
FN:17,(anonymous_3)
FN:20,(anonymous_4)
FN:24,(anonymous_5)
FN:26,(anonymous_6)
FN:29,(anonymous_7)
FN:30,(anonymous_8)
FN:31,(anonymous_9)
FN:38,(anonymous_10)
FN:46,(anonymous_11)
FN:62,(anonymous_12)
FN:63,GridLoader
FN:69,(anonymous_14)
FN:84,(anonymous_15)
FNF:16
FNH:12
FNDA:1,(anonymous_0)
FNDA:0,(anonymous_1)
FNDA:41,(anonymous_2)
FNDA:20,(anonymous_3)
FNDA:0,(anonymous_4)
FNDA:1,(anonymous_5)
FNDA:0,(anonymous_6)
FNDA:1,(anonymous_7)
FNDA:1,(anonymous_8)
FNDA:0,(anonymous_9)
FNDA:1,(anonymous_10)
FNDA:3,(anonymous_11)
FNDA:18,(anonymous_12)
FNDA:3,GridLoader
FNDA:18,(anonymous_14)
FNDA:4,(anonymous_15)
DA:2,1
DA:3,1
DA:4,0
DA:5,0
DA:6,0
DA:7,0
DA:9,0
DA:11,1
DA:13,1
DA:14,41
DA:15,41
DA:16,41
DA:17,41
DA:19,41
DA:21,0
DA:22,0
DA:24,1
DA:25,1
DA:27,0
DA:29,1
DA:30,1
DA:31,1
DA:32,0
DA:33,0
DA:34,0
DA:36,1
DA:38,1
DA:39,1
DA:40,1
DA:41,41
DA:42,1
DA:43,1
DA:46,1
DA:47,3
DA:48,3
DA:49,1
DA:50,3
DA:51,3
DA:52,0
DA:53,0
DA:55,3
DA:57,1
DA:58,1
DA:59,1
DA:60,1
DA:61,1
DA:62,18
DA:64,3
DA:65,3
DA:66,3
DA:67,3
DA:68,3
DA:69,3
DA:70,18
DA:81,3
DA:82,1
DA:84,2
DA:85,4
DA:86,2
DA:99,1
LF:60
LH:47
BRDA:2,0,0,1
BRDA:2,0,1,1
BRDA:2,0,2,1
BRDA:3,1,0,1
BRDA:3,1,1,0
BRDA:6,2,0,0
BRDA:6,2,1,0
BRDA:13,3,0,1
BRDA:13,3,1,1
BRDA:13,3,2,1
BRDA:13,4,0,1
BRDA:13,4,1,0
BRDA:14,5,0,41
BRDA:14,5,1,0
BRDA:16,6,0,41
BRDA:16,6,1,0
BRDA:16,7,0,41
BRDA:16,7,1,41
BRDA:16,8,0,0
BRDA:16,8,1,41
BRDA:16,9,0,41
BRDA:16,9,1,0
BRDA:21,10,0,0
BRDA:21,10,1,0
BRDA:24,11,0,1
BRDA:24,11,1,1
BRDA:24,11,2,1
BRDA:24,12,0,1
BRDA:24,12,1,0
BRDA:29,13,0,1
BRDA:29,13,1,1
BRDA:29,13,2,1
BRDA:31,14,0,1
BRDA:31,14,1,0
BRDA:33,15,0,0
BRDA:33,15,1,0
BRDA:39,16,0,0
BRDA:39,16,1,1
BRDA:39,17,0,1
BRDA:39,17,1,1
BRDA:41,18,0,1
BRDA:41,18,1,0
BRDA:41,19,0,41
BRDA:41,19,1,0
BRDA:46,20,0,1
BRDA:46,20,1,1
BRDA:46,20,2,1
BRDA:48,21,0,1
BRDA:48,21,1,2
BRDA:48,22,0,3
BRDA:48,22,1,3
BRDA:50,23,0,3
BRDA:50,23,1,0
BRDA:50,24,0,3
BRDA:50,24,1,3
BRDA:52,25,0,0
BRDA:52,25,1,0
BRDA:52,26,0,0
BRDA:52,26,1,0
BRDA:64,27,0,2
BRDA:64,27,1,1
BRDA:64,28,0,3
BRDA:64,28,1,0
BRDA:64,29,0,3
BRDA:64,29,1,0
BRDA:64,30,0,2
BRDA:64,30,1,1
BRDA:64,31,0,3
BRDA:64,31,1,0
BRDA:64,32,0,3
BRDA:64,32,1,0
BRDA:81,33,0,1
BRDA:81,33,1,2
BRDA:85,34,0,2
BRDA:85,34,1,2
BRF:75
BRH:49
end_of_record
TN:
SF:src/HashLoader.tsx
FN:2,(anonymous_0)
FN:3,(anonymous_1)
FN:13,(anonymous_2)
FN:17,(anonymous_3)
FN:20,(anonymous_4)
FN:24,(anonymous_5)
FN:26,(anonymous_6)
FN:29,(anonymous_7)
FN:30,(anonymous_8)
FN:31,(anonymous_9)
FN:38,(anonymous_10)
FN:46,(anonymous_11)
FN:62,HashLoader
FN:72,(anonymous_13)
FNF:14
FNH:10
FNDA:1,(anonymous_0)
FNDA:0,(anonymous_1)
FNDA:41,(anonymous_2)
FNDA:6,(anonymous_3)
FNDA:0,(anonymous_4)
FNDA:1,(anonymous_5)
FNDA:0,(anonymous_6)
FNDA:1,(anonymous_7)
FNDA:1,(anonymous_8)
FNDA:0,(anonymous_9)
FNDA:1,(anonymous_10)
FNDA:3,(anonymous_11)
FNDA:3,HashLoader
FNDA:4,(anonymous_13)
DA:2,1
DA:3,1
DA:4,0
DA:5,0
DA:6,0
DA:7,0
DA:9,0
DA:11,1
DA:13,1
DA:14,41
DA:15,41
DA:16,41
DA:17,41
DA:19,41
DA:21,0
DA:22,0
DA:24,1
DA:25,1
DA:27,0
DA:29,1
DA:30,1
DA:31,1
DA:32,0
DA:33,0
DA:34,0
DA:36,1
DA:38,1
DA:39,1
DA:40,1
DA:41,41
DA:42,1
DA:43,1
DA:46,1
DA:47,3
DA:48,3
DA:49,1
DA:50,3
DA:51,3
DA:52,0
DA:53,0
DA:55,3
DA:57,1
DA:58,1
DA:59,1
DA:60,1
DA:61,1
DA:63,3
DA:64,3
DA:65,3
DA:66,3
DA:67,3
DA:68,3
DA:69,3
DA:70,3
DA:71,3
DA:72,3
DA:73,4
DA:86,3
DA:87,1
DA:89,2
DA:93,1
LF:61
LH:48
BRDA:2,0,0,1
BRDA:2,0,1,1
BRDA:2,0,2,1
BRDA:3,1,0,1
BRDA:3,1,1,0
BRDA:6,2,0,0
BRDA:6,2,1,0
BRDA:13,3,0,1
BRDA:13,3,1,1
BRDA:13,3,2,1
BRDA:13,4,0,1
BRDA:13,4,1,0
BRDA:14,5,0,41
BRDA:14,5,1,0
BRDA:16,6,0,41
BRDA:16,6,1,0
BRDA:16,7,0,41
BRDA:16,7,1,41
BRDA:16,8,0,0
BRDA:16,8,1,41
BRDA:16,9,0,41
BRDA:16,9,1,0
BRDA:21,10,0,0
BRDA:21,10,1,0
BRDA:24,11,0,1
BRDA:24,11,1,1
BRDA:24,11,2,1
BRDA:24,12,0,1
BRDA:24,12,1,0
BRDA:29,13,0,1
BRDA:29,13,1,1
BRDA:29,13,2,1
BRDA:31,14,0,1
BRDA:31,14,1,0
BRDA:33,15,0,0
BRDA:33,15,1,0
BRDA:39,16,0,0
BRDA:39,16,1,1
BRDA:39,17,0,1
BRDA:39,17,1,1
BRDA:41,18,0,1
BRDA:41,18,1,0
BRDA:41,19,0,41
BRDA:41,19,1,0
BRDA:46,20,0,1
BRDA:46,20,1,1
BRDA:46,20,2,1
BRDA:48,21,0,1
BRDA:48,21,1,2
BRDA:48,22,0,3
BRDA:48,22,1,3
BRDA:50,23,0,3
BRDA:50,23,1,0
BRDA:50,24,0,3
BRDA:50,24,1,3
BRDA:52,25,0,0
BRDA:52,25,1,0
BRDA:52,26,0,0
BRDA:52,26,1,0
BRDA:63,27,0,2
BRDA:63,27,1,1
BRDA:63,28,0,3
BRDA:63,28,1,0
BRDA:63,29,0,3
BRDA:63,29,1,0
BRDA:63,30,0,2
BRDA:63,30,1,1
BRDA:63,31,0,3
BRDA:63,31,1,0
BRDA:83,32,0,2
BRDA:83,32,1,2
BRDA:86,33,0,1
BRDA:86,33,1,2
BRF:73
BRH:48
end_of_record
TN:
SF:src/MoonLoader.tsx
FN:2,(anonymous_0)
FN:3,(anonymous_1)
FN:13,(anonymous_2)
FN:17,(anonymous_3)
FN:20,(anonymous_4)
FN:24,(anonymous_5)
FN:26,(anonymous_6)
FN:29,(anonymous_7)
FN:30,(anonymous_8)
FN:31,(anonymous_9)
FN:38,(anonymous_10)
FN:46,(anonymous_11)
FN:62,MoonLoader
FN:67,(anonymous_13)
FNF:14
FNH:10
FNDA:1,(anonymous_0)
FNDA:0,(anonymous_1)
FNDA:41,(anonymous_2)
FNDA:6,(anonymous_3)
FNDA:0,(anonymous_4)
FNDA:1,(anonymous_5)
FNDA:0,(anonymous_6)
FNDA:1,(anonymous_7)
FNDA:1,(anonymous_8)
FNDA:0,(anonymous_9)
FNDA:1,(anonymous_10)
FNDA:3,(anonymous_11)
FNDA:3,MoonLoader
FNDA:6,(anonymous_13)
DA:2,1
DA:3,1
DA:4,0
DA:5,0
DA:6,0
DA:7,0
DA:9,0
DA:11,1
DA:13,1
DA:14,41
DA:15,41
DA:16,41
DA:17,41
DA:19,41
DA:21,0
DA:22,0
DA:24,1
DA:25,1
DA:27,0
DA:29,1
DA:30,1
DA:31,1
DA:32,0
DA:33,0
DA:34,0
DA:36,1
DA:38,1
DA:39,1
DA:40,1
DA:41,41
DA:42,1
DA:43,1
DA:46,1
DA:47,3
DA:48,3
DA:49,1
DA:50,3
DA:51,3
DA:52,0
DA:53,0
DA:55,3
DA:57,1
DA:58,1
DA:59,1
DA:60,1
DA:61,1
DA:63,3
DA:64,3
DA:65,3
DA:66,3
DA:67,3
DA:68,6
DA:74,3
DA:75,3
DA:76,3
DA:77,1
DA:79,2
DA:83,1
LF:58
LH:45
BRDA:2,0,0,1
BRDA:2,0,1,1
BRDA:2,0,2,1
BRDA:3,1,0,1
BRDA:3,1,1,0
BRDA:6,2,0,0
BRDA:6,2,1,0
BRDA:13,3,0,1
BRDA:13,3,1,1
BRDA:13,3,2,1
BRDA:13,4,0,1
BRDA:13,4,1,0
BRDA:14,5,0,41
BRDA:14,5,1,0
BRDA:16,6,0,41
BRDA:16,6,1,0
BRDA:16,7,0,41
BRDA:16,7,1,41
BRDA:16,8,0,0
BRDA:16,8,1,41
BRDA:16,9,0,41
BRDA:16,9,1,0
BRDA:21,10,0,0
BRDA:21,10,1,0
BRDA:24,11,0,1
BRDA:24,11,1,1
BRDA:24,11,2,1
BRDA:24,12,0,1
BRDA:24,12,1,0
BRDA:29,13,0,1
BRDA:29,13,1,1
BRDA:29,13,2,1
BRDA:31,14,0,1
BRDA:31,14,1,0
BRDA:33,15,0,0
BRDA:33,15,1,0
BRDA:39,16,0,0
BRDA:39,16,1,1
BRDA:39,17,0,1
BRDA:39,17,1,1
BRDA:41,18,0,1
BRDA:41,18,1,0
BRDA:41,19,0,41
BRDA:41,19,1,0
BRDA:46,20,0,1
BRDA:46,20,1,1
BRDA:46,20,2,1
BRDA:48,21,0,1
BRDA:48,21,1,2
BRDA:48,22,0,3
BRDA:48,22,1,3
BRDA:50,23,0,3
BRDA:50,23,1,0
BRDA:50,24,0,3
BRDA:50,24,1,3
BRDA:52,25,0,0
BRDA:52,25,1,0
BRDA:52,26,0,0
BRDA:52,26,1,0
BRDA:63,27,0,2
BRDA:63,27,1,1
BRDA:63,28,0,3
BRDA:63,28,1,0
BRDA:63,29,0,3
BRDA:63,29,1,0
BRDA:63,30,0,2
BRDA:63,30,1,1
BRDA:63,31,0,3
BRDA:63,31,1,0
BRDA:76,32,0,1
BRDA:76,32,1,2
BRF:71
BRH:46
end_of_record
TN:
SF:src/PacmanLoader.tsx
FN:2,(anonymous_0)
FN:3,(anonymous_1)
FN:13,(anonymous_2)
FN:17,(anonymous_3)
FN:20,(anonymous_4)
FN:24,(anonymous_5)
FN:26,(anonymous_6)
FN:29,(anonymous_7)
FN:30,(anonymous_8)
FN:31,(anonymous_9)
FN:38,(anonymous_10)
FN:46,(anonymous_11)
FN:65,PacmanLoader
FN:70,(anonymous_13)
FN:87,(anonymous_14)
FNF:15
FNH:11
FNDA:1,(anonymous_0)
FNDA:0,(anonymous_1)
FNDA:41,(anonymous_2)
FNDA:14,(anonymous_3)
FNDA:0,(anonymous_4)
FNDA:1,(anonymous_5)
FNDA:0,(anonymous_6)
FNDA:1,(anonymous_7)
FNDA:1,(anonymous_8)
FNDA:0,(anonymous_9)
FNDA:1,(anonymous_10)
FNDA:3,(anonymous_11)
FNDA:3,PacmanLoader
FNDA:8,(anonymous_13)
FNDA:6,(anonymous_14)
DA:2,1
DA:3,1
DA:4,0
DA:5,0
DA:6,0
DA:7,0
DA:9,0
DA:11,1
DA:13,1
DA:14,41
DA:15,41
DA:16,41
DA:17,41
DA:19,41
DA:21,0
DA:22,0
DA:24,1
DA:25,1
DA:27,0
DA:29,1
DA:30,1
DA:31,1
DA:32,0
DA:33,0
DA:34,0
DA:36,1
DA:38,1
DA:39,1
DA:40,1
DA:41,41
DA:42,1
DA:43,1
DA:46,1
DA:47,3
DA:48,3
DA:49,1
DA:50,3
DA:51,3
DA:52,0
DA:53,0
DA:55,3
DA:57,1
DA:58,1
DA:59,1
DA:60,1
DA:61,1
DA:66,3
DA:67,3
DA:68,3
DA:69,3
DA:70,3
DA:71,8
DA:85,3
DA:86,3
DA:87,3
DA:88,6
DA:101,3
DA:102,3
DA:103,3
DA:104,1
DA:106,2
DA:114,1
LF:62
LH:49
BRDA:2,0,0,1
BRDA:2,0,1,1
BRDA:2,0,2,1
BRDA:3,1,0,1
BRDA:3,1,1,0
BRDA:6,2,0,0
BRDA:6,2,1,0
BRDA:13,3,0,1
BRDA:13,3,1,1
BRDA:13,3,2,1
BRDA:13,4,0,1
BRDA:13,4,1,0
BRDA:14,5,0,41
BRDA:14,5,1,0
BRDA:16,6,0,41
BRDA:16,6,1,0
BRDA:16,7,0,41
BRDA:16,7,1,41
BRDA:16,8,0,0
BRDA:16,8,1,41
BRDA:16,9,0,41
BRDA:16,9,1,0
BRDA:21,10,0,0
BRDA:21,10,1,0
BRDA:24,11,0,1
BRDA:24,11,1,1
BRDA:24,11,2,1
BRDA:24,12,0,1
BRDA:24,12,1,0
BRDA:29,13,0,1
BRDA:29,13,1,1
BRDA:29,13,2,1
BRDA:31,14,0,1
BRDA:31,14,1,0
BRDA:33,15,0,0
BRDA:33,15,1,0
BRDA:39,16,0,0
BRDA:39,16,1,1
BRDA:39,17,0,1
BRDA:39,17,1,1
BRDA:41,18,0,1
BRDA:41,18,1,0
BRDA:41,19,0,41
BRDA:41,19,1,0
BRDA:46,20,0,1
BRDA:46,20,1,1
BRDA:46,20,2,1
BRDA:48,21,0,1
BRDA:48,21,1,2
BRDA:48,22,0,3
BRDA:48,22,1,3
BRDA:50,23,0,3
BRDA:50,23,1,0
BRDA:50,24,0,3
BRDA:50,24,1,3
BRDA:52,25,0,0
BRDA:52,25,1,0
BRDA:52,26,0,0
BRDA:52,26,1,0
BRDA:66,27,0,2
BRDA:66,27,1,1
BRDA:66,28,0,3
BRDA:66,28,1,0
BRDA:66,29,0,3
BRDA:66,29,1,0
BRDA:66,30,0,2
BRDA:66,30,1,1
BRDA:66,31,0,3
BRDA:66,31,1,0
BRDA:66,32,0,3
BRDA:66,32,1,0
BRDA:92,33,0,3
BRDA:92,33,1,3
BRDA:94,34,0,3
BRDA:94,34,1,3
BRDA:103,35,0,1
BRDA:103,35,1,2
BRF:77
BRH:51
end_of_record
TN:
SF:src/PropagateLoader.tsx
FN:2,(anonymous_0)
FN:3,(anonymous_1)
FN:13,(anonymous_2)
FN:17,(anonymous_3)
FN:20,(anonymous_4)
FN:24,(anonymous_5)
FN:26,(anonymous_6)
FN:29,(anonymous_7)
FN:30,(anonymous_8)
FN:31,(anonymous_9)
FN:38,(anonymous_10)
FN:46,(anonymous_11)
FN:71,PropagateLoader
FN:75,(anonymous_13)
FNF:14
FNH:10
FNDA:1,(anonymous_0)
FNDA:0,(anonymous_1)
FNDA:41,(anonymous_2)
FNDA:14,(anonymous_3)
FNDA:0,(anonymous_4)
FNDA:1,(anonymous_5)
FNDA:0,(anonymous_6)
FNDA:1,(anonymous_7)
FNDA:1,(anonymous_8)
FNDA:0,(anonymous_9)
FNDA:1,(anonymous_10)
FNDA:3,(anonymous_11)
FNDA:3,PropagateLoader
FNDA:12,(anonymous_13)
DA:2,1
DA:3,1
DA:4,0
DA:5,0
DA:6,0
DA:7,0
DA:9,0
DA:11,1
DA:13,1
DA:14,41
DA:15,41
DA:16,41
DA:17,41
DA:19,41
DA:21,0
DA:22,0
DA:24,1
DA:25,1
DA:27,0
DA:29,1
DA:30,1
DA:31,1
DA:32,0
DA:33,0
DA:34,0
DA:36,1
DA:38,1
DA:39,1
DA:40,1
DA:41,41
DA:42,1
DA:43,1
DA:46,1
DA:47,3
DA:48,3
DA:49,1
DA:50,3
DA:51,3
DA:52,0
DA:53,0
DA:55,3
DA:57,1
DA:58,1
DA:59,1
DA:60,1
DA:62,1
DA:63,1
DA:72,3
DA:73,3
DA:74,3
DA:75,3
DA:76,12
DA:87,3
DA:88,1
DA:90,2
DA:98,1
LF:56
LH:43
BRDA:2,0,0,1
BRDA:2,0,1,1
BRDA:2,0,2,1
BRDA:3,1,0,1
BRDA:3,1,1,0
BRDA:6,2,0,0
BRDA:6,2,1,0
BRDA:13,3,0,1
BRDA:13,3,1,1
BRDA:13,3,2,1
BRDA:13,4,0,1
BRDA:13,4,1,0
BRDA:14,5,0,41
BRDA:14,5,1,0
BRDA:16,6,0,41
BRDA:16,6,1,0
BRDA:16,7,0,41
BRDA:16,7,1,41
BRDA:16,8,0,0
BRDA:16,8,1,41
BRDA:16,9,0,41
BRDA:16,9,1,0
BRDA:21,10,0,0
BRDA:21,10,1,0
BRDA:24,11,0,1
BRDA:24,11,1,1
BRDA:24,11,2,1
BRDA:24,12,0,1
BRDA:24,12,1,0
BRDA:29,13,0,1
BRDA:29,13,1,1
BRDA:29,13,2,1
BRDA:31,14,0,1
BRDA:31,14,1,0
BRDA:33,15,0,0
BRDA:33,15,1,0
BRDA:39,16,0,0
BRDA:39,16,1,1
BRDA:39,17,0,1
BRDA:39,17,1,1
BRDA:41,18,0,1
BRDA:41,18,1,0
BRDA:41,19,0,41
BRDA:41,19,1,0
BRDA:46,20,0,1
BRDA:46,20,1,1
BRDA:46,20,2,1
BRDA:48,21,0,1
BRDA:48,21,1,2
BRDA:48,22,0,3
BRDA:48,22,1,3
BRDA:50,23,0,3
BRDA:50,23,1,0
BRDA:50,24,0,3
BRDA:50,24,1,3
BRDA:52,25,0,0
BRDA:52,25,1,0
BRDA:52,26,0,0
BRDA:52,26,1,0
BRDA:72,27,0,2
BRDA:72,27,1,1
BRDA:72,28,0,3
BRDA:72,28,1,0
BRDA:72,29,0,3
BRDA:72,29,1,0
BRDA:72,30,0,2
BRDA:72,30,1,1
BRDA:72,31,0,3
BRDA:72,31,1,0
BRDA:87,32,0,1
BRDA:87,32,1,2
BRF:71
BRH:46
end_of_record
TN:
SF:src/PuffLoader.tsx
FN:2,(anonymous_0)
FN:3,(anonymous_1)
FN:13,(anonymous_2)
FN:17,(anonymous_3)
FN:20,(anonymous_4)
FN:24,(anonymous_5)
FN:26,(anonymous_6)
FN:29,(anonymous_7)
FN:30,(anonymous_8)
FN:31,(anonymous_9)
FN:38,(anonymous_10)
FN:46,(anonymous_11)
FN:65,PuffLoader
FN:68,(anonymous_13)
FNF:14
FNH:10
FNDA:1,(anonymous_0)
FNDA:0,(anonymous_1)
FNDA:41,(anonymous_2)
FNDA:6,(anonymous_3)
FNDA:0,(anonymous_4)
FNDA:1,(anonymous_5)
FNDA:0,(anonymous_6)
FNDA:1,(anonymous_7)
FNDA:1,(anonymous_8)
FNDA:0,(anonymous_9)
FNDA:1,(anonymous_10)
FNDA:3,(anonymous_11)
FNDA:3,PuffLoader
FNDA:4,(anonymous_13)
DA:2,1
DA:3,1
DA:4,0
DA:5,0
DA:6,0
DA:7,0
DA:9,0
DA:11,1
DA:13,1
DA:14,41
DA:15,41
DA:16,41
DA:17,41
DA:19,41
DA:21,0
DA:22,0
DA:24,1
DA:25,1
DA:27,0
DA:29,1
DA:30,1
DA:31,1
DA:32,0
DA:33,0
DA:34,0
DA:36,1
DA:38,1
DA:39,1
DA:40,1
DA:41,41
DA:42,1
DA:43,1
DA:46,1
DA:47,3
DA:48,3
DA:49,1
DA:50,3
DA:51,3
DA:52,0
DA:53,0
DA:55,3
DA:57,1
DA:58,1
DA:59,1
DA:60,1
DA:61,1
DA:66,3
DA:67,3
DA:68,3
DA:69,4
DA:86,3
DA:87,1
DA:89,2
DA:93,1
LF:54
LH:41
BRDA:2,0,0,1
BRDA:2,0,1,1
BRDA:2,0,2,1
BRDA:3,1,0,1
BRDA:3,1,1,0
BRDA:6,2,0,0
BRDA:6,2,1,0
BRDA:13,3,0,1
BRDA:13,3,1,1
BRDA:13,3,2,1
BRDA:13,4,0,1
BRDA:13,4,1,0
BRDA:14,5,0,41
BRDA:14,5,1,0
BRDA:16,6,0,41
BRDA:16,6,1,0
BRDA:16,7,0,41
BRDA:16,7,1,41
BRDA:16,8,0,0
BRDA:16,8,1,41
BRDA:16,9,0,41
BRDA:16,9,1,0
BRDA:21,10,0,0
BRDA:21,10,1,0
BRDA:24,11,0,1
BRDA:24,11,1,1
BRDA:24,11,2,1
BRDA:24,12,0,1
BRDA:24,12,1,0
BRDA:29,13,0,1
BRDA:29,13,1,1
BRDA:29,13,2,1
BRDA:31,14,0,1
BRDA:31,14,1,0
BRDA:33,15,0,0
BRDA:33,15,1,0
BRDA:39,16,0,0
BRDA:39,16,1,1
BRDA:39,17,0,1
BRDA:39,17,1,1
BRDA:41,18,0,1
BRDA:41,18,1,0
BRDA:41,19,0,41
BRDA:41,19,1,0
BRDA:46,20,0,1
BRDA:46,20,1,1
BRDA:46,20,2,1
BRDA:48,21,0,1
BRDA:48,21,1,2
BRDA:48,22,0,3
BRDA:48,22,1,3
BRDA:50,23,0,3
BRDA:50,23,1,0
BRDA:50,24,0,3
BRDA:50,24,1,3
BRDA:52,25,0,0
BRDA:52,25,1,0
BRDA:52,26,0,0
BRDA:52,26,1,0
BRDA:66,27,0,2
BRDA:66,27,1,1
BRDA:66,28,0,3
BRDA:66,28,1,0
BRDA:66,29,0,3
BRDA:66,29,1,0
BRDA:66,30,0,2
BRDA:66,30,1,1
BRDA:66,31,0,3
BRDA:66,31,1,0
BRDA:83,32,0,2
BRDA:83,32,1,2
BRDA:86,33,0,1
BRDA:86,33,1,2
BRF:73
BRH:48
end_of_record
TN:
SF:src/PulseLoader.tsx
FN:2,(anonymous_0)
FN:3,(anonymous_1)
FN:13,(anonymous_2)
FN:17,(anonymous_3)
FN:20,(anonymous_4)
FN:24,(anonymous_5)
FN:26,(anonymous_6)
FN:29,(anonymous_7)
FN:30,(anonymous_8)
FN:31,(anonymous_9)
FN:38,(anonymous_10)
FN:46,(anonymous_11)
FN:62,PulseLoader
FN:65,(anonymous_13)
FNF:14
FNH:10
FNDA:1,(anonymous_0)
FNDA:0,(anonymous_1)
FNDA:41,(anonymous_2)
FNDA:8,(anonymous_3)
FNDA:0,(anonymous_4)
FNDA:1,(anonymous_5)
FNDA:0,(anonymous_6)
FNDA:1,(anonymous_7)
FNDA:1,(anonymous_8)
FNDA:0,(anonymous_9)
FNDA:1,(anonymous_10)
FNDA:3,(anonymous_11)
FNDA:3,PulseLoader
FNDA:6,(anonymous_13)
DA:2,1
DA:3,1
DA:4,0
DA:5,0
DA:6,0
DA:7,0
DA:9,0
DA:11,1
DA:13,1
DA:14,41
DA:15,41
DA:16,41
DA:17,41
DA:19,41
DA:21,0
DA:22,0
DA:24,1
DA:25,1
DA:27,0
DA:29,1
DA:30,1
DA:31,1
DA:32,0
DA:33,0
DA:34,0
DA:36,1
DA:38,1
DA:39,1
DA:40,1
DA:41,41
DA:42,1
DA:43,1
DA:46,1
DA:47,3
DA:48,3
DA:49,1
DA:50,3
DA:51,3
DA:52,0
DA:53,0
DA:55,3
DA:57,1
DA:58,1
DA:59,1
DA:60,1
DA:61,1
DA:63,3
DA:64,3
DA:65,3
DA:66,6
DA:77,3
DA:78,1
DA:80,2
DA:85,1
LF:54
LH:41
BRDA:2,0,0,1
BRDA:2,0,1,1
BRDA:2,0,2,1
BRDA:3,1,0,1
BRDA:3,1,1,0
BRDA:6,2,0,0
BRDA:6,2,1,0
BRDA:13,3,0,1
BRDA:13,3,1,1
BRDA:13,3,2,1
BRDA:13,4,0,1
BRDA:13,4,1,0
BRDA:14,5,0,41
BRDA:14,5,1,0
BRDA:16,6,0,41
BRDA:16,6,1,0
BRDA:16,7,0,41
BRDA:16,7,1,41
BRDA:16,8,0,0
BRDA:16,8,1,41
BRDA:16,9,0,41
BRDA:16,9,1,0
BRDA:21,10,0,0
BRDA:21,10,1,0
BRDA:24,11,0,1
BRDA:24,11,1,1
BRDA:24,11,2,1
BRDA:24,12,0,1
BRDA:24,12,1,0
BRDA:29,13,0,1
BRDA:29,13,1,1
BRDA:29,13,2,1
BRDA:31,14,0,1
BRDA:31,14,1,0
BRDA:33,15,0,0
BRDA:33,15,1,0
BRDA:39,16,0,0
BRDA:39,16,1,1
BRDA:39,17,0,1
BRDA:39,17,1,1
BRDA:41,18,0,1
BRDA:41,18,1,0
BRDA:41,19,0,41
BRDA:41,19,1,0
BRDA:46,20,0,1
BRDA:46,20,1,1
BRDA:46,20,2,1
BRDA:48,21,0,1
BRDA:48,21,1,2
BRDA:48,22,0,3
BRDA:48,22,1,3
BRDA:50,23,0,3
BRDA:50,23,1,0
BRDA:50,24,0,3
BRDA:50,24,1,3
BRDA:52,25,0,0
BRDA:52,25,1,0
BRDA:52,26,0,0
BRDA:52,26,1,0
BRDA:63,27,0,2
BRDA:63,27,1,1
BRDA:63,28,0,3
BRDA:63,28,1,0
BRDA:63,29,0,3
BRDA:63,29,1,0
BRDA:63,30,0,2
BRDA:63,30,1,1
BRDA:63,31,0,3
BRDA:63,31,1,0
BRDA:63,32,0,3
BRDA:63,32,1,0
BRDA:77,33,0,1
BRDA:77,33,1,2
BRF:73
BRH:47
end_of_record
TN:
SF:src/RingLoader.tsx
FN:2,(anonymous_0)
FN:3,(anonymous_1)
FN:13,(anonymous_2)
FN:17,(anonymous_3)
FN:20,(anonymous_4)
FN:24,(anonymous_5)
FN:26,(anonymous_6)
FN:29,(anonymous_7)
FN:30,(anonymous_8)
FN:31,(anonymous_9)
FN:38,(anonymous_10)
FN:46,(anonymous_11)
FN:63,RingLoader
FN:67,(anonymous_13)
FNF:14
FNH:10
FNDA:1,(anonymous_0)
FNDA:0,(anonymous_1)
FNDA:41,(anonymous_2)
FNDA:6,(anonymous_3)
FNDA:0,(anonymous_4)
FNDA:1,(anonymous_5)
FNDA:0,(anonymous_6)
FNDA:1,(anonymous_7)
FNDA:1,(anonymous_8)
FNDA:0,(anonymous_9)
FNDA:1,(anonymous_10)
FNDA:3,(anonymous_11)
FNDA:3,RingLoader
FNDA:4,(anonymous_13)
DA:2,1
DA:3,1
DA:4,0
DA:5,0
DA:6,0
DA:7,0
DA:9,0
DA:11,1
DA:13,1
DA:14,41
DA:15,41
DA:16,41
DA:17,41
DA:19,41
DA:21,0
DA:22,0
DA:24,1
DA:25,1
DA:27,0
DA:29,1
DA:30,1
DA:31,1
DA:32,0
DA:33,0
DA:34,0
DA:36,1
DA:38,1
DA:39,1
DA:40,1
DA:41,41
DA:42,1
DA:43,1
DA:46,1
DA:47,3
DA:48,3
DA:49,1
DA:50,3
DA:51,3
DA:52,0
DA:53,0
DA:55,3
DA:57,1
DA:58,1
DA:59,1
DA:60,1
DA:61,1
DA:62,1
DA:64,3
DA:65,3
DA:66,3
DA:67,3
DA:68,4
DA:82,3
DA:83,1
DA:85,2
DA:89,1
LF:56
LH:43
BRDA:2,0,0,1
BRDA:2,0,1,1
BRDA:2,0,2,1
BRDA:3,1,0,1
BRDA:3,1,1,0
BRDA:6,2,0,0
BRDA:6,2,1,0
BRDA:13,3,0,1
BRDA:13,3,1,1
BRDA:13,3,2,1
BRDA:13,4,0,1
BRDA:13,4,1,0
BRDA:14,5,0,41
BRDA:14,5,1,0
BRDA:16,6,0,41
BRDA:16,6,1,0
BRDA:16,7,0,41
BRDA:16,7,1,41
BRDA:16,8,0,0
BRDA:16,8,1,41
BRDA:16,9,0,41
BRDA:16,9,1,0
BRDA:21,10,0,0
BRDA:21,10,1,0
BRDA:24,11,0,1
BRDA:24,11,1,1
BRDA:24,11,2,1
BRDA:24,12,0,1
BRDA:24,12,1,0
BRDA:29,13,0,1
BRDA:29,13,1,1
BRDA:29,13,2,1
BRDA:31,14,0,1
BRDA:31,14,1,0
BRDA:33,15,0,0
BRDA:33,15,1,0
BRDA:39,16,0,0
BRDA:39,16,1,1
BRDA:39,17,0,1
BRDA:39,17,1,1
BRDA:41,18,0,1
BRDA:41,18,1,0
BRDA:41,19,0,41
BRDA:41,19,1,0
BRDA:46,20,0,1
BRDA:46,20,1,1
BRDA:46,20,2,1
BRDA:48,21,0,1
BRDA:48,21,1,2
BRDA:48,22,0,3
BRDA:48,22,1,3
BRDA:50,23,0,3
BRDA:50,23,1,0
BRDA:50,24,0,3
BRDA:50,24,1,3
BRDA:52,25,0,0
BRDA:52,25,1,0
BRDA:52,26,0,0
BRDA:52,26,1,0
BRDA:64,27,0,2
BRDA:64,27,1,1
BRDA:64,28,0,3
BRDA:64,28,1,0
BRDA:64,29,0,3
BRDA:64,29,1,0
BRDA:64,30,0,2
BRDA:64,30,1,1
BRDA:64,31,0,3
BRDA:64,31,1,0
BRDA:79,32,0,2
BRDA:79,32,1,2
BRDA:82,33,0,1
BRDA:82,33,1,2
BRF:73
BRH:48
end_of_record
TN:
SF:src/RiseLoader.tsx
FN:2,(anonymous_0)
FN:3,(anonymous_1)
FN:13,(anonymous_2)
FN:17,(anonymous_3)
FN:20,(anonymous_4)
FN:24,(anonymous_5)
FN:26,(anonymous_6)
FN:29,(anonymous_7)
FN:30,(anonymous_8)
FN:31,(anonymous_9)
FN:38,(anonymous_10)
FN:46,(anonymous_11)
FN:61,RiseLoader
FN:66,(anonymous_13)
FNF:14
FNH:10
FNDA:1,(anonymous_0)
FNDA:0,(anonymous_1)
FNDA:41,(anonymous_2)
FNDA:12,(anonymous_3)
FNDA:0,(anonymous_4)
FNDA:1,(anonymous_5)
FNDA:0,(anonymous_6)
FNDA:1,(anonymous_7)
FNDA:1,(anonymous_8)
FNDA:0,(anonymous_9)
FNDA:1,(anonymous_10)
FNDA:3,(anonymous_11)
FNDA:3,RiseLoader
FNDA:10,(anonymous_13)
DA:2,1
DA:3,1
DA:4,0
DA:5,0
DA:6,0
DA:7,0
DA:9,0
DA:11,1
DA:13,1
DA:14,41
DA:15,41
DA:16,41
DA:17,41
DA:19,41
DA:21,0
DA:22,0
DA:24,1
DA:25,1
DA:27,0
DA:29,1
DA:30,1
DA:31,1
DA:32,0
DA:33,0
DA:34,0
DA:36,1
DA:38,1
DA:39,1
DA:40,1
DA:41,41
DA:42,1
DA:43,1
DA:46,1
DA:47,3
DA:48,3
DA:49,1
DA:50,3
DA:51,3
DA:52,0
DA:53,0
DA:55,3
DA:57,1
DA:58,1
DA:59,1
DA:60,1
DA:62,3
DA:63,3
DA:64,3
DA:65,3
DA:66,3
DA:67,10
DA:78,3
DA:79,1
DA:81,2
DA:88,1
LF:55
LH:42
BRDA:2,0,0,1
BRDA:2,0,1,1
BRDA:2,0,2,1
BRDA:3,1,0,1
BRDA:3,1,1,0
BRDA:6,2,0,0
BRDA:6,2,1,0
BRDA:13,3,0,1
BRDA:13,3,1,1
BRDA:13,3,2,1
BRDA:13,4,0,1
BRDA:13,4,1,0
BRDA:14,5,0,41
BRDA:14,5,1,0
BRDA:16,6,0,41
BRDA:16,6,1,0
BRDA:16,7,0,41
BRDA:16,7,1,41
BRDA:16,8,0,0
BRDA:16,8,1,41
BRDA:16,9,0,41
BRDA:16,9,1,0
BRDA:21,10,0,0
BRDA:21,10,1,0
BRDA:24,11,0,1
BRDA:24,11,1,1
BRDA:24,11,2,1
BRDA:24,12,0,1
BRDA:24,12,1,0
BRDA:29,13,0,1
BRDA:29,13,1,1
BRDA:29,13,2,1
BRDA:31,14,0,1
BRDA:31,14,1,0
BRDA:33,15,0,0
BRDA:33,15,1,0
BRDA:39,16,0,0
BRDA:39,16,1,1
BRDA:39,17,0,1
BRDA:39,17,1,1
BRDA:41,18,0,1
BRDA:41,18,1,0
BRDA:41,19,0,41
BRDA:41,19,1,0
BRDA:46,20,0,1
BRDA:46,20,1,1
BRDA:46,20,2,1
BRDA:48,21,0,1
BRDA:48,21,1,2
BRDA:48,22,0,3
BRDA:48,22,1,3
BRDA:50,23,0,3
BRDA:50,23,1,0
BRDA:50,24,0,3
BRDA:50,24,1,3
BRDA:52,25,0,0
BRDA:52,25,1,0
BRDA:52,26,0,0
BRDA:52,26,1,0
BRDA:62,27,0,2
BRDA:62,27,1,1
BRDA:62,28,0,3
BRDA:62,28,1,0
BRDA:62,29,0,3
BRDA:62,29,1,0
BRDA:62,30,0,2
BRDA:62,30,1,1
BRDA:62,31,0,3
BRDA:62,31,1,0
BRDA:62,32,0,3
BRDA:62,32,1,0
BRDA:74,33,0,4
BRDA:74,33,1,6
BRDA:78,34,0,1
BRDA:78,34,1,2
BRF:75
BRH:49
end_of_record
TN:
SF:src/RotateLoader.tsx
FN:2,(anonymous_0)
FN:3,(anonymous_1)
FN:13,(anonymous_2)
FN:17,(anonymous_3)
FN:20,(anonymous_4)
FN:24,(anonymous_5)
FN:26,(anonymous_6)
FN:29,(anonymous_7)
FN:30,(anonymous_8)
FN:31,(anonymous_9)
FN:38,(anonymous_10)
FN:46,(anonymous_11)
FN:62,RotateLoader
FN:72,(anonymous_13)
FNF:14
FNH:10
FNDA:3,(anonymous_0)
FNDA:0,(anonymous_1)
FNDA:41,(anonymous_2)
FNDA:6,(anonymous_3)
FNDA:0,(anonymous_4)
FNDA:1,(anonymous_5)
FNDA:0,(anonymous_6)
FNDA:1,(anonymous_7)
FNDA:1,(anonymous_8)
FNDA:0,(anonymous_9)
FNDA:1,(anonymous_10)
FNDA:3,(anonymous_11)
FNDA:3,RotateLoader
FNDA:4,(anonymous_13)
DA:2,1
DA:3,3
DA:4,0
DA:5,0
DA:6,0
DA:7,0
DA:9,0
DA:11,3
DA:13,1
DA:14,41
DA:15,41
DA:16,41
DA:17,41
DA:19,41
DA:21,0
DA:22,0
DA:24,1
DA:25,1
DA:27,0
DA:29,1
DA:30,1
DA:31,1
DA:32,0
DA:33,0
DA:34,0
DA:36,1
DA:38,1
DA:39,1
DA:40,1
DA:41,41
DA:42,1
DA:43,1
DA:46,1
DA:47,3
DA:48,3
DA:49,1
DA:50,3
DA:51,3
DA:52,0
DA:53,0
DA:55,3
DA:57,1
DA:58,1
DA:59,1
DA:60,1
DA:61,1
DA:63,3
DA:64,3
DA:65,3
DA:71,3
DA:72,3
DA:73,4
DA:74,4
DA:81,3
DA:82,1
DA:84,2
DA:88,1
LF:57
LH:44
BRDA:2,0,0,1
BRDA:2,0,1,1
BRDA:2,0,2,1
BRDA:3,1,0,3
BRDA:3,1,1,0
BRDA:6,2,0,0
BRDA:6,2,1,0
BRDA:13,3,0,1
BRDA:13,3,1,1
BRDA:13,3,2,1
BRDA:13,4,0,1
BRDA:13,4,1,0
BRDA:14,5,0,41
BRDA:14,5,1,0
BRDA:16,6,0,41
BRDA:16,6,1,0
BRDA:16,7,0,41
BRDA:16,7,1,41
BRDA:16,8,0,0
BRDA:16,8,1,41
BRDA:16,9,0,41
BRDA:16,9,1,0
BRDA:21,10,0,0
BRDA:21,10,1,0
BRDA:24,11,0,1
BRDA:24,11,1,1
BRDA:24,11,2,1
BRDA:24,12,0,1
BRDA:24,12,1,0
BRDA:29,13,0,1
BRDA:29,13,1,1
BRDA:29,13,2,1
BRDA:31,14,0,1
BRDA:31,14,1,0
BRDA:33,15,0,0
BRDA:33,15,1,0
BRDA:39,16,0,0
BRDA:39,16,1,1
BRDA:39,17,0,1
BRDA:39,17,1,1
BRDA:41,18,0,1
BRDA:41,18,1,0
BRDA:41,19,0,41
BRDA:41,19,1,0
BRDA:46,20,0,1
BRDA:46,20,1,1
BRDA:46,20,2,1
BRDA:48,21,0,1
BRDA:48,21,1,2
BRDA:48,22,0,3
BRDA:48,22,1,3
BRDA:50,23,0,3
BRDA:50,23,1,0
BRDA:50,24,0,3
BRDA:50,24,1,3
BRDA:52,25,0,0
BRDA:52,25,1,0
BRDA:52,26,0,0
BRDA:52,26,1,0
BRDA:63,27,0,2
BRDA:63,27,1,1
BRDA:63,28,0,3
BRDA:63,28,1,0
BRDA:63,29,0,3
BRDA:63,29,1,0
BRDA:63,30,0,2
BRDA:63,30,1,1
BRDA:63,31,0,3
BRDA:63,31,1,0
BRDA:63,32,0,3
BRDA:63,32,1,0
BRDA:73,33,0,2
BRDA:73,33,1,2
BRDA:81,34,0,1
BRDA:81,34,1,2
BRF:75
BRH:49
end_of_record
TN:
SF:src/ScaleLoader.tsx
FN:2,(anonymous_0)
FN:3,(anonymous_1)
FN:13,(anonymous_2)
FN:17,(anonymous_3)
FN:20,(anonymous_4)
FN:24,(anonymous_5)
FN:26,(anonymous_6)
FN:29,(anonymous_7)
FN:30,(anonymous_8)
FN:31,(anonymous_9)
FN:38,(anonymous_10)
FN:46,(anonymous_11)
FN:57,(anonymous_12)
FN:71,ScaleLoader
FN:74,(anonymous_14)
FN:89,(anonymous_15)
FNF:16
FNH:12
FNDA:1,(anonymous_0)
FNDA:0,(anonymous_1)
FNDA:41,(anonymous_2)
FNDA:12,(anonymous_3)
FNDA:0,(anonymous_4)
FNDA:1,(anonymous_5)
FNDA:0,(anonymous_6)
FNDA:1,(anonymous_7)
FNDA:1,(anonymous_8)
FNDA:0,(anonymous_9)
FNDA:1,(anonymous_10)
FNDA:3,(anonymous_11)
FNDA:2,(anonymous_12)
FNDA:3,ScaleLoader
FNDA:10,(anonymous_14)
FNDA:10,(anonymous_15)
DA:2,1
DA:3,1
DA:4,0
DA:5,0
DA:6,0
DA:7,0
DA:9,0
DA:11,1
DA:13,1
DA:14,41
DA:15,41
DA:16,41
DA:17,41
DA:19,41
DA:21,0
DA:22,0
DA:24,1
DA:25,1
DA:27,0
DA:29,1
DA:30,1
DA:31,1
DA:32,0
DA:33,0
DA:34,0
DA:36,1
DA:38,1
DA:39,1
DA:40,1
DA:41,41
DA:42,1
DA:43,1
DA:46,1
DA:47,3
DA:48,3
DA:49,1
DA:50,3
DA:51,3
DA:52,0
DA:53,0
DA:55,3
DA:57,1
DA:58,2
DA:59,10
DA:60,10
DA:61,10
DA:64,2
DA:66,1
DA:67,1
DA:68,1
DA:69,1
DA:70,1
DA:72,3
DA:73,3
DA:74,3
DA:75,10
DA:86,3
DA:87,1
DA:89,10
DA:91,1
LF:60
LH:47
BRDA:2,0,0,1
BRDA:2,0,1,1
BRDA:2,0,2,1
BRDA:3,1,0,1
BRDA:3,1,1,0
BRDA:6,2,0,0
BRDA:6,2,1,0
BRDA:13,3,0,1
BRDA:13,3,1,1
BRDA:13,3,2,1
BRDA:13,4,0,1
BRDA:13,4,1,0
BRDA:14,5,0,41
BRDA:14,5,1,0
BRDA:16,6,0,41
BRDA:16,6,1,0
BRDA:16,7,0,41
BRDA:16,7,1,41
BRDA:16,8,0,0
BRDA:16,8,1,41
BRDA:16,9,0,41
BRDA:16,9,1,0
BRDA:21,10,0,0
BRDA:21,10,1,0
BRDA:24,11,0,1
BRDA:24,11,1,1
BRDA:24,11,2,1
BRDA:24,12,0,1
BRDA:24,12,1,0
BRDA:29,13,0,1
BRDA:29,13,1,1
BRDA:29,13,2,1
BRDA:31,14,0,1
BRDA:31,14,1,0
BRDA:33,15,0,0
BRDA:33,15,1,0
BRDA:39,16,0,0
BRDA:39,16,1,1
BRDA:39,17,0,1
BRDA:39,17,1,1
BRDA:41,18,0,1
BRDA:41,18,1,0
BRDA:41,19,0,41
BRDA:41,19,1,0
BRDA:46,20,0,1
BRDA:46,20,1,1
BRDA:46,20,2,1
BRDA:48,21,0,1
BRDA:48,21,1,2
BRDA:48,22,0,3
BRDA:48,22,1,3
BRDA:50,23,0,3
BRDA:50,23,1,0
BRDA:50,24,0,3
BRDA:50,24,1,3
BRDA:52,25,0,0
BRDA:52,25,1,0
BRDA:52,26,0,0
BRDA:52,26,1,0
BRDA:57,27,0,1
BRDA:57,27,1,1
BRDA:57,27,2,1
BRDA:58,28,0,2
BRDA:58,28,1,0
BRDA:58,29,0,2
BRDA:58,29,1,0
BRDA:59,30,0,10
BRDA:59,30,1,0
BRDA:59,31,0,10
BRDA:59,31,1,2
BRDA:60,32,0,2
BRDA:60,32,1,8
BRDA:64,33,0,2
BRDA:64,33,1,0
BRDA:72,34,0,2
BRDA:72,34,1,1
BRDA:72,35,0,3
BRDA:72,35,1,0
BRDA:72,36,0,3
BRDA:72,36,1,0
BRDA:72,37,0,2
BRDA:72,37,1,1
BRDA:72,38,0,3
BRDA:72,38,1,0
BRDA:72,39,0,3
BRDA:72,39,1,0
BRDA:72,40,0,3
BRDA:72,40,1,0
BRDA:72,41,0,3
BRDA:72,41,1,0
BRDA:72,42,0,3
BRDA:72,42,1,0
BRDA:86,43,0,1
BRDA:86,43,1,2
BRF:94
BRH:61
end_of_record
TN:
SF:src/SkewLoader.tsx
FN:2,(anonymous_0)
FN:3,(anonymous_1)
FN:13,(anonymous_2)
FN:17,(anonymous_3)
FN:20,(anonymous_4)
FN:24,(anonymous_5)
FN:26,(anonymous_6)
FN:29,(anonymous_7)
FN:30,(anonymous_8)
FN:31,(anonymous_9)
FN:38,(anonymous_10)
FN:46,(anonymous_11)
FN:62,SkewLoader
FNF:13
FNH:9
FNDA:1,(anonymous_0)
FNDA:0,(anonymous_1)
FNDA:41,(anonymous_2)
FNDA:2,(anonymous_3)
FNDA:0,(anonymous_4)
FNDA:1,(anonymous_5)
FNDA:0,(anonymous_6)
FNDA:1,(anonymous_7)
FNDA:1,(anonymous_8)
FNDA:0,(anonymous_9)
FNDA:1,(anonymous_10)
FNDA:3,(anonymous_11)
FNDA:3,SkewLoader
DA:2,1
DA:3,1
DA:4,0
DA:5,0
DA:6,0
DA:7,0
DA:9,0
DA:11,1
DA:13,1
DA:14,41
DA:15,41
DA:16,41
DA:17,41
DA:19,41
DA:21,0
DA:22,0
DA:24,1
DA:25,1
DA:27,0
DA:29,1
DA:30,1
DA:31,1
DA:32,0
DA:33,0
DA:34,0
DA:36,1
DA:38,1
DA:39,1
DA:40,1
DA:41,41
DA:42,1
DA:43,1
DA:46,1
DA:47,3
DA:48,3
DA:49,1
DA:50,3
DA:51,3
DA:52,0
DA:53,0
DA:55,3
DA:57,1
DA:58,1
DA:59,1
DA:60,1
DA:61,1
DA:63,3
DA:64,3
DA:65,3
DA:66,1
DA:68,2
DA:70,1
LF:52
LH:39
BRDA:2,0,0,1
BRDA:2,0,1,1
BRDA:2,0,2,1
BRDA:3,1,0,1
BRDA:3,1,1,0
BRDA:6,2,0,0
BRDA:6,2,1,0
BRDA:13,3,0,1
BRDA:13,3,1,1
BRDA:13,3,2,1
BRDA:13,4,0,1
BRDA:13,4,1,0
BRDA:14,5,0,41
BRDA:14,5,1,0
BRDA:16,6,0,41
BRDA:16,6,1,0
BRDA:16,7,0,41
BRDA:16,7,1,41
BRDA:16,8,0,0
BRDA:16,8,1,41
BRDA:16,9,0,41
BRDA:16,9,1,0
BRDA:21,10,0,0
BRDA:21,10,1,0
BRDA:24,11,0,1
BRDA:24,11,1,1
BRDA:24,11,2,1
BRDA:24,12,0,1
BRDA:24,12,1,0
BRDA:29,13,0,1
BRDA:29,13,1,1
BRDA:29,13,2,1
BRDA:31,14,0,1
BRDA:31,14,1,0
BRDA:33,15,0,0
BRDA:33,15,1,0
BRDA:39,16,0,0
BRDA:39,16,1,1
BRDA:39,17,0,1
BRDA:39,17,1,1
BRDA:41,18,0,1
BRDA:41,18,1,0
BRDA:41,19,0,41
BRDA:41,19,1,0
BRDA:46,20,0,1
BRDA:46,20,1,1
BRDA:46,20,2,1
BRDA:48,21,0,1
BRDA:48,21,1,2
BRDA:48,22,0,3
BRDA:48,22,1,3
BRDA:50,23,0,3
BRDA:50,23,1,0
BRDA:50,24,0,3
BRDA:50,24,1,3
BRDA:52,25,0,0
BRDA:52,25,1,0
BRDA:52,26,0,0
BRDA:52,26,1,0
BRDA:63,27,0,2
BRDA:63,27,1,1
BRDA:63,28,0,3
BRDA:63,28,1,0
BRDA:63,29,0,3
BRDA:63,29,1,0
BRDA:63,30,0,2
BRDA:63,30,1,1
BRDA:63,31,0,3
BRDA:63,31,1,0
BRDA:65,32,0,1
BRDA:65,32,1,2
BRF:71
BRH:46
end_of_record
TN:
SF:src/SquareLoader.tsx
FN:2,(anonymous_0)
FN:3,(anonymous_1)
FN:13,(anonymous_2)
FN:17,(anonymous_3)
FN:20,(anonymous_4)
FN:24,(anonymous_5)
FN:26,(anonymous_6)
FN:29,(anonymous_7)
FN:30,(anonymous_8)
FN:31,(anonymous_9)
FN:38,(anonymous_10)
FN:46,(anonymous_11)
FN:62,SquareLoader
FNF:13
FNH:9
FNDA:1,(anonymous_0)
FNDA:0,(anonymous_1)
FNDA:41,(anonymous_2)
FNDA:2,(anonymous_3)
FNDA:0,(anonymous_4)
FNDA:1,(anonymous_5)
FNDA:0,(anonymous_6)
FNDA:1,(anonymous_7)
FNDA:1,(anonymous_8)
FNDA:0,(anonymous_9)
FNDA:1,(anonymous_10)
FNDA:3,(anonymous_11)
FNDA:3,SquareLoader
DA:2,1
DA:3,1
DA:4,0
DA:5,0
DA:6,0
DA:7,0
DA:9,0
DA:11,1
DA:13,1
DA:14,41
DA:15,41
DA:16,41
DA:17,41
DA:19,41
DA:21,0
DA:22,0
DA:24,1
DA:25,1
DA:27,0
DA:29,1
DA:30,1
DA:31,1
DA:32,0
DA:33,0
DA:34,0
DA:36,1
DA:38,1
DA:39,1
DA:40,1
DA:41,41
DA:42,1
DA:43,1
DA:46,1
DA:47,3
DA:48,3
DA:49,1
DA:50,3
DA:51,3
DA:52,0
DA:53,0
DA:55,3
DA:57,1
DA:58,1
DA:59,1
DA:60,1
DA:61,1
DA:63,3
DA:64,3
DA:65,3
DA:66,1
DA:68,2
DA:70,1
LF:52
LH:39
BRDA:2,0,0,1
BRDA:2,0,1,1
BRDA:2,0,2,1
BRDA:3,1,0,1
BRDA:3,1,1,0
BRDA:6,2,0,0
BRDA:6,2,1,0
BRDA:13,3,0,1
BRDA:13,3,1,1
BRDA:13,3,2,1
BRDA:13,4,0,1
BRDA:13,4,1,0
BRDA:14,5,0,41
BRDA:14,5,1,0
BRDA:16,6,0,41
BRDA:16,6,1,0
BRDA:16,7,0,41
BRDA:16,7,1,41
BRDA:16,8,0,0
BRDA:16,8,1,41
BRDA:16,9,0,41
BRDA:16,9,1,0
BRDA:21,10,0,0
BRDA:21,10,1,0
BRDA:24,11,0,1
BRDA:24,11,1,1
BRDA:24,11,2,1
BRDA:24,12,0,1
BRDA:24,12,1,0
BRDA:29,13,0,1
BRDA:29,13,1,1
BRDA:29,13,2,1
BRDA:31,14,0,1
BRDA:31,14,1,0
BRDA:33,15,0,0
BRDA:33,15,1,0
BRDA:39,16,0,0
BRDA:39,16,1,1
BRDA:39,17,0,1
BRDA:39,17,1,1
BRDA:41,18,0,1
BRDA:41,18,1,0
BRDA:41,19,0,41
BRDA:41,19,1,0
BRDA:46,20,0,1
BRDA:46,20,1,1
BRDA:46,20,2,1
BRDA:48,21,0,1
BRDA:48,21,1,2
BRDA:48,22,0,3
BRDA:48,22,1,3
BRDA:50,23,0,3
BRDA:50,23,1,0
BRDA:50,24,0,3
BRDA:50,24,1,3
BRDA:52,25,0,0
BRDA:52,25,1,0
BRDA:52,26,0,0
BRDA:52,26,1,0
BRDA:63,27,0,2
BRDA:63,27,1,1
BRDA:63,28,0,3
BRDA:63,28,1,0
BRDA:63,29,0,3
BRDA:63,29,1,0
BRDA:63,30,0,2
BRDA:63,30,1,1
BRDA:63,31,0,3
BRDA:63,31,1,0
BRDA:65,32,0,1
BRDA:65,32,1,2
BRF:71
BRH:46
end_of_record
TN:
SF:src/SyncLoader.tsx
FN:2,(anonymous_0)
FN:3,(anonymous_1)
FN:13,(anonymous_2)
FN:17,(anonymous_3)
FN:20,(anonymous_4)
FN:24,(anonymous_5)
FN:26,(anonymous_6)
FN:29,(anonymous_7)
FN:30,(anonymous_8)
FN:31,(anonymous_9)
FN:38,(anonymous_10)
FN:46,(anonymous_11)
FN:62,SyncLoader
FN:65,(anonymous_13)
FNF:14
FNH:10
FNDA:1,(anonymous_0)
FNDA:0,(anonymous_1)
FNDA:41,(anonymous_2)
FNDA:8,(anonymous_3)
FNDA:0,(anonymous_4)
FNDA:1,(anonymous_5)
FNDA:0,(anonymous_6)
FNDA:1,(anonymous_7)
FNDA:1,(anonymous_8)
FNDA:0,(anonymous_9)
FNDA:1,(anonymous_10)
FNDA:3,(anonymous_11)
FNDA:3,SyncLoader
FNDA:6,(anonymous_13)
DA:2,1
DA:3,1
DA:4,0
DA:5,0
DA:6,0
DA:7,0
DA:9,0
DA:11,1
DA:13,1
DA:14,41
DA:15,41
DA:16,41
DA:17,41
DA:19,41
DA:21,0
DA:22,0
DA:24,1
DA:25,1
DA:27,0
DA:29,1
DA:30,1
DA:31,1
DA:32,0
DA:33,0
DA:34,0
DA:36,1
DA:38,1
DA:39,1
DA:40,1
DA:41,41
DA:42,1
DA:43,1
DA:46,1
DA:47,3
DA:48,3
DA:49,1
DA:50,3
DA:51,3
DA:52,0
DA:53,0
DA:55,3
DA:57,1
DA:58,1
DA:59,1
DA:60,1
DA:61,1
DA:63,3
DA:64,3
DA:65,3
DA:66,6
DA:77,3
DA:78,1
DA:80,2
DA:85,1
LF:54
LH:41
BRDA:2,0,0,1
BRDA:2,0,1,1
BRDA:2,0,2,1
BRDA:3,1,0,1
BRDA:3,1,1,0
BRDA:6,2,0,0
BRDA:6,2,1,0
BRDA:13,3,0,1
BRDA:13,3,1,1
BRDA:13,3,2,1
BRDA:13,4,0,1
BRDA:13,4,1,0
BRDA:14,5,0,41
BRDA:14,5,1,0
BRDA:16,6,0,41
BRDA:16,6,1,0
BRDA:16,7,0,41
BRDA:16,7,1,41
BRDA:16,8,0,0
BRDA:16,8,1,41
BRDA:16,9,0,41
BRDA:16,9,1,0
BRDA:21,10,0,0
BRDA:21,10,1,0
BRDA:24,11,0,1
BRDA:24,11,1,1
BRDA:24,11,2,1
BRDA:24,12,0,1
BRDA:24,12,1,0
BRDA:29,13,0,1
BRDA:29,13,1,1
BRDA:29,13,2,1
BRDA:31,14,0,1
BRDA:31,14,1,0
BRDA:33,15,0,0
BRDA:33,15,1,0
BRDA:39,16,0,0
BRDA:39,16,1,1
BRDA:39,17,0,1
BRDA:39,17,1,1
BRDA:41,18,0,1
BRDA:41,18,1,0
BRDA:41,19,0,41
BRDA:41,19,1,0
BRDA:46,20,0,1
BRDA:46,20,1,1
BRDA:46,20,2,1
BRDA:48,21,0,1
BRDA:48,21,1,2
BRDA:48,22,0,3
BRDA:48,22,1,3
BRDA:50,23,0,3
BRDA:50,23,1,0
BRDA:50,24,0,3
BRDA:50,24,1,3
BRDA:52,25,0,0
BRDA:52,25,1,0
BRDA:52,26,0,0
BRDA:52,26,1,0
BRDA:63,27,0,2
BRDA:63,27,1,1
BRDA:63,28,0,3
BRDA:63,28,1,0
BRDA:63,29,0,3
BRDA:63,29,1,0
BRDA:63,30,0,2
BRDA:63,30,1,1
BRDA:63,31,0,3
BRDA:63,31,1,0
BRDA:63,32,0,3
BRDA:63,32,1,0
BRDA:77,33,0,1
BRDA:77,33,1,2
BRF:73
BRH:47
end_of_record
TN:
SF:src/index.ts
FN:2,(anonymous_0)
FN:8,(anonymous_1)
FN:10,(anonymous_2)
FN:12,(anonymous_3)
FN:14,(anonymous_4)
FN:16,(anonymous_5)
FN:18,(anonymous_6)
FN:20,(anonymous_7)
FN:22,(anonymous_8)
FN:24,(anonymous_9)
FN:26,(anonymous_10)
FN:28,(anonymous_11)
FN:30,(anonymous_12)
FN:32,(anonymous_13)
FN:34,(anonymous_14)
FN:36,(anonymous_15)
FN:38,(anonymous_16)
FN:40,(anonymous_17)
FN:42,(anonymous_18)
FN:44,(anonymous_19)
FN:46,(anonymous_20)
FN:48,(anonymous_21)
FN:50,(anonymous_22)
FN:52,(anonymous_23)
FNF:24
FNH:24
FNDA:23,(anonymous_0)
FNDA:1,(anonymous_1)
FNDA:1,(anonymous_2)
FNDA:1,(anonymous_3)
FNDA:1,(anonymous_4)
FNDA:1,(anonymous_5)
FNDA:1,(anonymous_6)
FNDA:1,(anonymous_7)
FNDA:1,(anonymous_8)
FNDA:1,(anonymous_9)
FNDA:1,(anonymous_10)
FNDA:1,(anonymous_11)
FNDA:1,(anonymous_12)
FNDA:1,(anonymous_13)
FNDA:1,(anonymous_14)
FNDA:1,(anonymous_15)
FNDA:1,(anonymous_16)
FNDA:1,(anonymous_17)
FNDA:1,(anonymous_18)
FNDA:1,(anonymous_19)
FNDA:1,(anonymous_20)
FNDA:1,(anonymous_21)
FNDA:1,(anonymous_22)
FNDA:1,(anonymous_23)
DA:2,1
DA:3,23
DA:5,1
DA:6,1
DA:7,1
DA:8,1
DA:9,1
DA:10,1
DA:11,1
DA:12,1
DA:13,1
DA:14,1
DA:15,1
DA:16,1
DA:17,1
DA:18,1
DA:19,1
DA:20,1
DA:21,1
DA:22,1
DA:23,1
DA:24,1
DA:25,1
DA:26,1
DA:27,1
DA:28,1
DA:29,1
DA:30,1
DA:31,1
DA:32,1
DA:33,1
DA:34,1
DA:35,1
DA:36,1
DA:37,1
DA:38,1
DA:39,1
DA:40,1
DA:41,1
DA:42,1
DA:43,1
DA:44,1
DA:45,1
DA:46,1
DA:47,1
DA:48,1
DA:49,1
DA:50,1
DA:51,1
DA:52,1
LF:50
LH:50
BRDA:2,0,0,1
BRDA:2,0,1,1
BRDA:2,0,2,1
BRDA:3,1,0,23
BRDA:3,1,1,0
BRDA:3,2,0,23
BRDA:3,2,1,23
BRF:7
BRH:6
end_of_record
TN:
SF:src/helpers/animation.ts
FN:4,(anonymous_0)
FNF:1
FNH:1
FNDA:48,(anonymous_0)
DA:2,3
DA:3,3
DA:4,3
DA:5,48
DA:6,48
DA:7,1
DA:9,47
DA:10,47
DA:11,47
DA:12,47
DA:13,47
DA:14,47
DA:16,47
DA:18,3
LF:14
LH:14
BRDA:6,0,0,1
BRDA:6,0,1,47
BRDA:6,1,0,48
BRDA:6,1,1,47
BRDA:13,2,0,47
BRDA:13,2,1,0
BRF:6
BRH:5
end_of_record
TN:
SF:src/helpers/colors.ts
FN:5,(anonymous_0)
FN:24,(anonymous_1)
FN:42,(anonymous_2)
FN:54,(anonymous_3)
FN:60,(anonymous_4)
FNF:5
FNH:5
FNDA:2,(anonymous_0)
FNDA:8,(anonymous_1)
FNDA:35,(anonymous_2)
FNDA:9,(anonymous_3)
FNDA:81,(anonymous_4)
DA:2,2
DA:3,2
DA:5,2
DA:6,2
DA:7,2
DA:8,2
DA:9,2
DA:10,2
DA:11,2
DA:12,2
DA:13,2
DA:14,2
DA:15,2
DA:16,2
DA:17,2
DA:18,2
DA:19,2
DA:20,2
DA:21,2
DA:22,2
DA:24,2
DA:26,8
DA:27,2
DA:29,6
DA:30,6
DA:32,6
DA:33,2
DA:36,4
DA:37,2
DA:40,2
DA:42,2
DA:43,35
DA:44,8
DA:46,27
DA:47,17
DA:49,27
DA:50,26
DA:52,27
DA:53,3
DA:54,3
DA:55,9
DA:56,9
DA:58,3
DA:60,81
DA:61,27
DA:63,2
LF:46
LH:46
BRDA:23,0,0,2
BRDA:23,0,1,2
BRDA:26,1,0,2
BRDA:26,1,1,6
BRDA:29,2,0,3
BRDA:29,2,1,3
BRDA:32,3,0,2
BRDA:32,3,1,4
BRDA:36,4,0,2
BRDA:36,4,1,2
BRDA:43,5,0,8
BRDA:43,5,1,27
BRDA:46,6,0,17
BRDA:46,6,1,10
BRDA:49,7,0,26
BRDA:49,7,1,1
BRDA:52,8,0,3
BRDA:52,8,1,24
BRDA:60,9,0,27
BRDA:60,9,1,0
BRF:20
BRH:19
end_of_record
TN:
SF:src/helpers/unitConverter.ts
FN:31,parseLengthAndUnit
FN:65,cssValue
FNF:2
FNH:2
FNDA:456,parseLengthAndUnit
FNDA:408,cssValue
DA:2,2
DA:3,2
DA:4,2
DA:5,2
DA:32,456
DA:33,450
DA:39,6
DA:40,6
DA:41,1
DA:44,5
DA:46,6
DA:47,6
DA:48,4
DA:53,2
DA:54,2
DA:66,408
DA:67,408
LF:17
LH:17
BRDA:32,0,0,450
BRDA:32,0,1,6
BRDA:39,1,0,6
BRDA:39,1,1,0
BRDA:40,2,0,1
BRDA:40,2,1,5
BRDA:46,3,0,6
BRDA:46,3,1,0
BRDA:47,4,0,4
BRDA:47,4,1,2
BRF:10
BRH:8
end_of_record
